/cae/apps/data/synopsys-2021/icc/S-2021.06/auxx/gui_legacy/icc/icc_setup.tcl
/cae/apps/data/synopsys-2021/icc/S-2021.06/auxx/gui_legacy/syn/snpsSynProcs.tcl
/cae/apps/data/synopsys-2021/icc/S-2021.06/auxx/gui_legacy/syn/layout/pkgIndex.tcl
/cae/apps/data/synopsys-2021/icc/S-2021.06/auxx/gui_legacy/common/pathinspector/pkgIndex.tcl
/cae/apps/data/synopsys-2021/icc/S-2021.06/auxx/gui_legacy/common/docBrowser/pkgIndex.tcl
/cae/apps/data/synopsys-2021/icc/S-2021.06/auxx/gui_legacy/common/acg/pkgIndex.tcl
/cae/apps/data/synopsys-2021/icc/S-2021.06/auxx/gui_legacy/common/regressionToolkit/pkgIndex.tcl
/cae/apps/data/synopsys-2021/icc/S-2021.06/auxx/gui_legacy/common/mrupalette/pkgIndex.tcl
/cae/apps/data/synopsys-2021/icc/S-2021.06/auxx/gui_legacy/common/timing/pkgIndex.tcl
/cae/apps/data/synopsys-2021/icc/S-2021.06/auxx/gui_legacy/common/tiledview/pkgIndex.tcl
/cae/apps/data/synopsys-2021/icc/S-2021.06/auxx/gui_legacy/common/hierarchy/pkgIndex.tcl
/cae/apps/data/synopsys-2021/icc/S-2021.06/auxx/gui_legacy/common/layout/pkgIndex.tcl
/cae/apps/data/synopsys-2021/icc/S-2021.06/auxx/gui_legacy/common/tq/pkgIndex.tcl
/cae/apps/data/synopsys-2021/icc/S-2021.06/auxx/gui_legacy/common/WindowFrameWork/pkgIndex.tcl
/cae/apps/data/synopsys-2021/icc/S-2021.06/auxx/gui_legacy/common/table/pkgIndex.tcl
/cae/apps/data/synopsys-2021/icc/S-2021.06/auxx/gui_legacy/common/menus/pkgIndex.tcl
/cae/apps/data/synopsys-2021/icc/S-2021.06/auxx/gui_legacy/common/strokes/pkgIndex.tcl
/cae/apps/data/synopsys-2021/icc/S-2021.06/auxx/gui_legacy/common/opdlg/pkgIndex.tcl
/cae/apps/data/synopsys-2021/icc/S-2021.06/auxx/gui_legacy/common/setup/pkgIndex.tcl
/cae/apps/data/synopsys-2021/icc/S-2021.06/auxx/gui_legacy/common/tcl-dp/pkgIndex.tcl
/cae/apps/data/synopsys-2021/icc/S-2021.06/auxx/gui_legacy/common/select/pkgIndex.tcl
/cae/apps/data/synopsys-2021/icc/S-2021.06/auxx/gui_legacy/common/schematic/pkgIndex.tcl
/cae/apps/data/synopsys-2021/icc/S-2021.06/auxx/gui_legacy/common/dialogs/pkgIndex.tcl
/cae/apps/data/synopsys-2021/icc/S-2021.06/auxx/gui_legacy/common/highlight/pkgIndex.tcl
/cae/apps/data/synopsys-2021/icc/S-2021.06/auxx/gui_legacy/common/commandform/pkgIndex.tcl
/cae/apps/data/synopsys-2021/icc/S-2021.06/auxx/gui_legacy/common/qtcl/pkgIndex.tcl
/cae/apps/data/synopsys-2021/icc/S-2021.06/auxx/gui_legacy/common/view/pkgIndex.tcl
/cae/apps/data/synopsys-2021/icc/S-2021.06/auxx/gui_legacy/common/fanoutviewer/pkgIndex.tcl
/cae/apps/data/synopsys-2021/icc/S-2021.06/auxx/gui_legacy/common/palettegroup/pkgIndex.tcl
/cae/apps/data/synopsys-2021/icc/S-2021.06/auxx/gui_legacy/common/misc/pkgIndex.tcl
/cae/apps/data/synopsys-2021/icc/S-2021.06/auxx/gui_legacy/common/histogram/pkgIndex.tcl
/cae/apps/data/synopsys-2021/icc/S-2021.06/auxx/gui_legacy/common/libviewer/pkgIndex.tcl
/cae/apps/data/synopsys-2021/icc/S-2021.06/auxx/gui_legacy/common/profiler/pkgIndex.tcl
/cae/apps/data/synopsys-2021/icc/S-2021.06/auxx/gui_legacy/dv/pkgIndex.tcl
/cae/apps/data/synopsys-2021/icc/S-2021.06/auxx/syn/ors/pkgIndex.tcl
/cae/apps/data/synopsys-2021/icc/S-2021.06/auxx/tcllib/lib/iwidgets4.1/pkgIndex.tcl
/cae/apps/data/synopsys-2021/icc/S-2021.06/auxx/tcllib/snps_tcl/snpsTclPro/pkgIndex.tcl
/cae/apps/data/synopsys-2021/icc/S-2021.06/auxx/tcllib/snps_tcl/snpsUtils/pkgIndex.tcl
/cae/apps/data/synopsys-2021/icc/S-2021.06/auxx/tcllib/snps_tcl/snpsTest/pkgIndex.tcl
/cae/apps/data/synopsys-2021/icc/S-2021.06/auxx/tcllib/snps_tcl/pkgIndex.tcl
/cae/apps/data/synopsys-2021/icc/S-2021.06/auxx/tcllib/lib/tcl8.6/platform/pkgIndex.tcl
/cae/apps/data/synopsys-2021/icc/S-2021.06/auxx/tcllib/lib/tcl8.6/msgcat/pkgIndex.tcl
/cae/apps/data/synopsys-2021/icc/S-2021.06/auxx/tcllib/lib/tcl8.6/http1.0/pkgIndex.tcl
/cae/apps/data/synopsys-2021/icc/S-2021.06/auxx/tcllib/lib/tcl8.6/tcltest/pkgIndex.tcl
/cae/apps/data/synopsys-2021/icc/S-2021.06/auxx/tcllib/lib/tcl8.6/opt/pkgIndex.tcl
/cae/apps/data/synopsys-2021/icc/S-2021.06/auxx/tcllib/lib/tcl8.6/dde/pkgIndex.tcl
/cae/apps/data/synopsys-2021/icc/S-2021.06/auxx/tcllib/lib/tcl8.6/http/pkgIndex.tcl
/cae/apps/data/synopsys-2021/icc/S-2021.06/auxx/tcllib/lib/tcl8.6/reg/pkgIndex.tcl
/cae/apps/data/synopsys-2021/icc/S-2021.06/auxx/gui_legacy/common/setup/snpsCommonSetup.tcl
/cae/apps/data/synopsys-2021/icc/S-2021.06/auxx/gui_legacy/common/setup/snpsCustomize.tcl
/cae/apps/data/synopsys-2021/icc/S-2021.06/auxx/gui_legacy/common/setup/snpsProcheck.tcl
/cae/apps/data/synopsys-2021/icc/S-2021.06/auxx/gui_legacy/common/qtcl/.synopsys_qtcl.tcl
/cae/apps/data/synopsys-2021/icc/S-2021.06/auxx/gui_legacy/common/highlight/highlight.tcl
/cae/apps/data/synopsys-2021/icc/S-2021.06/auxx/gui_legacy/common/misc/base.tcl
/cae/apps/data/synopsys-2021/icc/S-2021.06/auxx/gui_legacy/common/misc/timing.tcl
/cae/apps/data/synopsys-2021/icc/S-2021.06/auxx/gui_legacy/common/misc/setting.tcl
/cae/apps/data/synopsys-2021/icc/S-2021.06/auxx/gui_legacy/common/misc/preset.tcl
/cae/apps/data/synopsys-2021/icc/S-2021.06/auxx/gui_legacy/common/WindowFrameWork/windowFrameWork.tcl
/cae/apps/data/synopsys-2021/icc/S-2021.06/auxx/gui_legacy/common/WindowFrameWork/skipBusyCursorCmdList.tcl
/cae/apps/data/synopsys-2021/icc/S-2021.06/auxx/gui_legacy/common/docBrowser/docBrowser.tcl
/cae/apps/data/synopsys-2021/icc/S-2021.06/auxx/tcllib/snps_tcl/snpsUtils/snpsUtils.tcl
/cae/apps/data/synopsys-2021/icc/S-2021.06/auxx/gui_legacy/common/dialogs/ObjectChooser.tcl
/cae/apps/data/synopsys-2021/icc/S-2021.06/auxx/gui_legacy/common/misc/DialogObjectChooser.tcl
/cae/apps/data/synopsys-2021/icc/S-2021.06/auxx/gui_legacy/common/dialogs/HistBinInformation.tcl
/cae/apps/data/synopsys-2021/icc/S-2021.06/auxx/gui_legacy/common/dialogs/HistBin1Information.tcl
/cae/apps/data/synopsys-2021/icc/S-2021.06/auxx/gui_legacy/common/dialogs/BinsOnlyInformation.tcl
/cae/apps/data/synopsys-2021/icc/S-2021.06/auxx/gui_legacy/common/dialogs/FileChooser.tcl
/cae/apps/data/synopsys-2021/icc/S-2021.06/auxx/gui_legacy/common/dialogs/PathPinSimpleInfo.tcl
/cae/apps/data/synopsys-2021/icc/S-2021.06/auxx/gui_legacy/common/dialogs/PathsBasicInfo.tcl
/cae/apps/data/synopsys-2021/icc/S-2021.06/auxx/gui_legacy/common/dialogs/PathsBasicSimpleInfo.tcl
/cae/apps/data/synopsys-2021/icc/S-2021.06/auxx/gui_legacy/common/dialogs/SlctOperationInfo.tcl
/cae/apps/data/synopsys-2021/icc/S-2021.06/auxx/gui_legacy/common/dialogs/ObjectListInfo.tcl
/cae/apps/data/synopsys-2021/icc/S-2021.06/auxx/gui_legacy/common/dialogs/FanInOutInfo.tcl
/cae/apps/data/synopsys-2021/icc/S-2021.06/auxx/gui_legacy/common/dialogs/NumberOfLevelsChooser.tcl
/cae/apps/data/synopsys-2021/icc/S-2021.06/auxx/gui_legacy/common/dialogs/WindowReuseInfo.tcl
/cae/apps/data/synopsys-2021/icc/S-2021.06/auxx/gui_legacy/common/dialogs/ReportOutputOptionInfo.tcl
/cae/apps/data/synopsys-2021/icc/S-2021.06/auxx/gui_legacy/common/setup/snpsCollections.tcl
/cae/apps/data/synopsys-2021/icc/S-2021.06/auxx/gui_legacy/common/dialogs/CompileLinkDesign.tcl
/cae/apps/data/synopsys-2021/icc/S-2021.06/auxx/gui_legacy/common/histogram/DialogEndpointSlack.tcl
/cae/apps/data/synopsys-2021/icc/S-2021.06/auxx/gui_legacy/common/histogram/DialogPathsSlack.tcl
/cae/apps/data/synopsys-2021/icc/S-2021.06/auxx/gui_legacy/common/histogram/DialogNetCapacitance.tcl
/cae/apps/data/synopsys-2021/icc/S-2021.06/auxx/gui_legacy/common/schematic/DialogPathSchematicFanInOut.tcl
/cae/apps/data/synopsys-2021/icc/S-2021.06/auxx/gui_legacy/common/schematic/DialogPathSchematicAddPaths.tcl
/cae/apps/data/synopsys-2021/icc/S-2021.06/auxx/gui_legacy/common/layout/preferences.tcl
/filespace/d/deepas/ece755/project/ms4_redClockPeriod/apr_scripts_4/apr_script.tcl
/filespace/d/deepas/ece755/project/ms4_redClockPeriod/apr_scripts_4/top
/cae/apps/data/tsmclibs-2013/digital/Back_End/milkyway/tcbn45gsbwp_120a/techfiles/HVH_0d5_0/tsmcn45_10lm7X2ZRDL.tf
/cae/apps/data/tsmclibs-2013/digital/Back_End/milkyway/tcbn45gsbwp_120a/frame_only_HVH_0d5_0/tcbn45gsbwp
/cae/apps/data/tsmclibs-2013/digital/Back_End/milkyway/tcbn45gsbwp_120a/techfiles/tluplus/cln45gs_1p10m+alrdl_typical_top2.tluplus
/cae/apps/data/tsmclibs-2013/digital/Back_End/milkyway/tcbn45gsbwp_120a/techfiles/tluplus/star.map_10M
/filespace/d/deepas/ece755/project/ms4_redClockPeriod/apr_scripts_4/top
/cae/apps/data/tsmclibs-2013/digital/Back_End/milkyway/tcbn45gsbwp_120a/frame_only_HVH_0d5_0/tcbn45gsbwp
/cae/apps/data/tsmclibs-2013/digital/Front_End/timing_power_noise/NLDM/tcbn45gsbwp_120a/tcbn45gsbwptc.db
/cae/apps/data/tsmclibs-2013/digital/Front_End/timing_power_noise/NLDM/tpfn45gsgv18_120a/tpfn45gsgv18tc.db
/cae/apps/data/synopsys-2021/icc/S-2021.06/libraries/syn/gtech.db
/cae/apps/data/synopsys-2021/icc/S-2021.06/libraries/syn/standard.sldb
/filespace/d/deepas/ece755/project/ms4_redClockPeriod/apr_scripts_4/top.sdc
/cae/apps/data/synopsys-2021/icc/S-2021.06/auxx/syn/all_command_option_def.tcl
/cae/apps/data/synopsys-2021/icc/S-2021.06/auxx/syn/psyn/place_opt.tcl.e
/cae/apps/data/synopsys-2021/icc/S-2021.06/auxx/syn/psyn/place_opt.tcl.e
/cae/apps/data/synopsys-2021/icc/S-2021.06/auxx/syn/psyn/clock_opt.tcl.e
/cae/apps/data/synopsys-2021/icc/S-2021.06/auxx/syn/psyn/clock_opt.tcl.e
/cae/apps/data/synopsys-2021/icc/S-2021.06/auxx/syn/psyn/route_opt.tcl.e
/cae/apps/data/synopsys-2021/icc/S-2021.06/auxx/syn/psyn/route_opt.tcl.e
/cae/apps/data/synopsys-2021/icc/S-2021.06/auxx/syn/psyn/route_opt.tcl.e
