
Information: The GXOR2D2BWP library cell is not used during optimization because it does not have a valid physical site master. (DPI-025)
Information: The GXOR2D1BWP library cell is not used during optimization because it does not have a valid physical site master. (DPI-025)
Information: The GXNR2D2BWP library cell is not used during optimization because it does not have a valid physical site master. (DPI-025)
Information: The GXNR2D1BWP library cell is not used during optimization because it does not have a valid physical site master. (DPI-025)
Information: The GTIELBWP library cell is not used during optimization because it does not have a valid physical site master. (DPI-025)
Information: The GTIEHBWP library cell is not used during optimization because it does not have a valid physical site master. (DPI-025)
Information: The GSDFCNQD1BWP library cell is not used during optimization because it does not have a valid physical site master. (DPI-025)
Information: The GOR2D2BWP library cell is not used during optimization because it does not have a valid physical site master. (DPI-025)
Information: The GOR2D1BWP library cell is not used during optimization because it does not have a valid physical site master. (DPI-025)
Information: The GOAI21D2BWP library cell is not used during optimization because it does not have a valid physical site master. (DPI-025)
Information: The GOAI21D1BWP library cell is not used during optimization because it does not have a valid physical site master. (DPI-025)
Information: The GNR3D2BWP library cell is not used during optimization because it does not have a valid physical site master. (DPI-025)
Information: The GNR3D1BWP library cell is not used during optimization because it does not have a valid physical site master. (DPI-025)
Information: The GNR2D2BWP library cell is not used during optimization because it does not have a valid physical site master. (DPI-025)
Information: The GNR2D1BWP library cell is not used during optimization because it does not have a valid physical site master. (DPI-025)
Information: The GND3D2BWP library cell is not used during optimization because it does not have a valid physical site master. (DPI-025)
Information: The GND3D1BWP library cell is not used during optimization because it does not have a valid physical site master. (DPI-025)
Information: The GND2D4BWP library cell is not used during optimization because it does not have a valid physical site master. (DPI-025)
Information: The GND2D3BWP library cell is not used during optimization because it does not have a valid physical site master. (DPI-025)
Information: The GND2D2BWP library cell is not used during optimization because it does not have a valid physical site master. (DPI-025)
Information: The GND2D1BWP library cell is not used during optimization because it does not have a valid physical site master. (DPI-025)
Information: The GMUX2ND2BWP library cell is not used during optimization because it does not have a valid physical site master. (DPI-025)
Information: The GMUX2ND1BWP library cell is not used during optimization because it does not have a valid physical site master. (DPI-025)
Information: The GMUX2D2BWP library cell is not used during optimization because it does not have a valid physical site master. (DPI-025)
Information: The GMUX2D1BWP library cell is not used during optimization because it does not have a valid physical site master. (DPI-025)
Information: The GINVD8BWP library cell is not used during optimization because it does not have a valid physical site master. (DPI-025)
Information: The GINVD4BWP library cell is not used during optimization because it does not have a valid physical site master. (DPI-025)
Information: The GINVD3BWP library cell is not used during optimization because it does not have a valid physical site master. (DPI-025)
Information: The GINVD2BWP library cell is not used during optimization because it does not have a valid physical site master. (DPI-025)
Information: The GINVD1BWP library cell is not used during optimization because it does not have a valid physical site master. (DPI-025)
Information: The GFILLBWP library cell is not used during optimization because it does not have a valid physical site master. (DPI-025)
Information: The GFILL4BWP library cell is not used during optimization because it does not have a valid physical site master. (DPI-025)
Information: The GFILL3BWP library cell is not used during optimization because it does not have a valid physical site master. (DPI-025)
Information: The GFILL2BWP library cell is not used during optimization because it does not have a valid physical site master. (DPI-025)
Information: The GFILL10BWP library cell is not used during optimization because it does not have a valid physical site master. (DPI-025)
Information: The GDFQD1BWP library cell is not used during optimization because it does not have a valid physical site master. (DPI-025)
Information: The GDFCNQD1BWP library cell is not used during optimization because it does not have a valid physical site master. (DPI-025)
Information: The GDCAPBWP library cell is not used during optimization because it does not have a valid physical site master. (DPI-025)
Information: The GDCAP4BWP library cell is not used during optimization because it does not have a valid physical site master. (DPI-025)
Information: The GDCAP3BWP library cell is not used during optimization because it does not have a valid physical site master. (DPI-025)
Information: The GDCAP2BWP library cell is not used during optimization because it does not have a valid physical site master. (DPI-025)
Information: The GDCAP10BWP library cell is not used during optimization because it does not have a valid physical site master. (DPI-025)
Information: The GBUFFD8BWP library cell is not used during optimization because it does not have a valid physical site master. (DPI-025)
Information: The GBUFFD4BWP library cell is not used during optimization because it does not have a valid physical site master. (DPI-025)
Information: The GBUFFD3BWP library cell is not used during optimization because it does not have a valid physical site master. (DPI-025)
Information: The GBUFFD2BWP library cell is not used during optimization because it does not have a valid physical site master. (DPI-025)
Information: The GBUFFD1BWP library cell is not used during optimization because it does not have a valid physical site master. (DPI-025)
Information: The GAOI22D1BWP library cell is not used during optimization because it does not have a valid physical site master. (DPI-025)
Information: The GAOI21D2BWP library cell is not used during optimization because it does not have a valid physical site master. (DPI-025)
Information: The GAOI21D1BWP library cell is not used during optimization because it does not have a valid physical site master. (DPI-025)
Information: The GAN2D2BWP library cell is not used during optimization because it does not have a valid physical site master. (DPI-025)
Information: The GAN2D1BWP library cell is not used during optimization because it does not have a valid physical site master. (DPI-025)
  Loading design 'top'
Information: The library cell 'TIELBWP' in the library 'tcbn45gsbwptc' is not characterized for internal power. (PWR-536)
Information: The library cell 'TIEHBWP' in the library 'tcbn45gsbwptc' is not characterized for internal power. (PWR-536)
Information: The target library(s) contains cell(s), other than black boxes, that are not characterized for internal power. (PWR-24)




Information: Library Manufacturing Grid(GridResolution) : 5
Information: Time Unit from Milkyway design library: 'ns' 
Information: Design Library and main library timing units are matched - 1.000 ns. 
Information: Resistance Unit from Milkyway design library: 'ohm' 
Warning: Mismatch in the main library and the Milkyway library resistance units. In the main library it is 1.000 kohm and in the Milkyway design library it is 0.001 kohm. Check and correct the resistance units in the .tf and .db files. (PSYN-476)
Information: Capacitance Unit from Milkyway design library: 'pf' 
Information: Design Library and main library capacitance units are matched - 1.000 pf. 
Warning: Inconsistent library data found for layer PO. (RCEX-018)
Information: Found HALF_NODE_SCALE_FACTOR 0.900000 in TLUPlus files. (TLUP-016)
Information: Using the HALF_NODE_SCALE_FACTOR in TLUPlus for process scale. (RCEX-086)
Information: The process parameters are scaled by 0.9 0.9. (RCEX-050)
Information: The distance unit in Capacitance and Resistance is 1 micron. (RCEX-007)
Information: The RC model used is detail route TLU+. (RCEX-015)
Information: Start mixed mode parasitic extraction. (RCEX-023)
Information: Start rc extraction...
Warning: Not enough nets are routed (9/21693 < 0.66667); will do extraction by using placement congestion map as background. (RCEX-047)
Information: Parasitic source is LPE. (RCEX-040)
Information: Parasitic mode is RealRVirtualC. (RCEX-041)
Information: Using virtual shield extraction. (RCEX-081)
Information: Extraction mode is MAX. (RCEX-042)
Information: Extraction derate is 25/25/25. (RCEX-043)
Information: Start back annotation for parasitic extraction. (RCEX-023)
Information: End back annotation for parasitic extraction. (RCEX-023)
Information: Start timing update for parasitic extraction. (RCEX-023)
Information: End timing update for parasitic extraction. (RCEX-023)
Information: End parasitic extraction. (RCEX-023)
Information: Start rc update...
Information: Found HALF_NODE_SCALE_FACTOR 0.900000 in TLUPlus files. (TLUP-016)
Information: Using the HALF_NODE_SCALE_FACTOR in TLUPlus for process scale. (RCEX-086)
Information: The process parameters are scaled by 0.9 0.9. (RCEX-050)
****************************************************************
Information: TLUPlus based RC computation is enabled. (RCEX-141)
****************************************************************
Information: The distance unit in Capacitance and Resistance is 1 micron. (RCEX-007)
Information: The RC model used is TLU+. (RCEX-015)
Information: Library Derived Cap for layer M1 : 0.00021 0.00021 (RCEX-011)
Information: Library Derived Res for layer M1 : 0.0048 0.0048 (RCEX-011)
Information: Library Derived Cap for layer M2 : 0.0002 0.0002 (RCEX-011)
Information: Library Derived Res for layer M2 : 0.0043 0.0043 (RCEX-011)
Information: Library Derived Cap for layer M3 : 0.0002 0.0002 (RCEX-011)
Information: Library Derived Res for layer M3 : 0.0043 0.0043 (RCEX-011)
Information: Library Derived Cap for layer M4 : 0.0002 0.0002 (RCEX-011)
Information: Library Derived Res for layer M4 : 0.0043 0.0043 (RCEX-011)
Information: Library Derived Cap for layer M5 : 0.0002 0.0002 (RCEX-011)
Information: Library Derived Res for layer M5 : 0.0043 0.0043 (RCEX-011)
Information: Library Derived Cap for layer M6 : 0.0002 0.0002 (RCEX-011)
Information: Library Derived Res for layer M6 : 0.0043 0.0043 (RCEX-011)
Information: Library Derived Cap for layer M7 : 0.0002 0.0002 (RCEX-011)
Information: Library Derived Res for layer M7 : 0.0043 0.0043 (RCEX-011)
Information: Library Derived Cap for layer M8 : 0.0002 0.0002 (RCEX-011)
Information: Library Derived Res for layer M8 : 0.0043 0.0043 (RCEX-011)
Information: Library Derived Cap for layer M9 : 0.00032 0.00032 (RCEX-011)
Information: Library Derived Res for layer M9 : 5.6e-05 5.6e-05 (RCEX-011)
Information: Library Derived Cap for layer M10 : 0.00033 0.00033 (RCEX-011)
Information: Library Derived Res for layer M10 : 5.6e-05 5.6e-05 (RCEX-011)
Information: Library Derived Cap for layer AP : 0.00023 0.00023 (RCEX-011)
Information: Library Derived Res for layer AP : 1.1e-05 1.1e-05 (RCEX-011)
Information: Library Derived Horizontal Cap : 0.00023 0.00023 (RCEX-011)
Information: Library Derived Horizontal Res : 0.003 0.003 (RCEX-011)
Information: Library Derived Vertical Cap : 0.00023 0.00023 (RCEX-011)
Information: Library Derived Vertical Res : 0.0035 0.0035 (RCEX-011)
Information: Using derived R and C coefficients. (RCEX-008)
Information: Using region-based R and C coefficients. (RCEX-013)
Information: Library Derived Via Res : 0.0047 0.0047 (RCEX-011)
Information: Found HALF_NODE_SCALE_FACTOR 0.900000 in TLUPlus files. (TLUP-016)
Information: Using the HALF_NODE_SCALE_FACTOR in TLUPlus for process scale. (RCEX-086)
Information: The process parameters are scaled by 0.9 0.9. (RCEX-050)
Information: End rc update.
Information: The mixed mode parasitic extraction has been performed. (RCEX-202)
Information: Updating graph... (UID-83)
Information: Updating design information... (UID-85)
Information: Input delay ('rise') on clock port 'clk' will be added to the clock's propagated skew. (TIM-112)
Information: Input delay ('fall') on clock port 'clk' will be added to the clock's propagated skew. (TIM-112)
 
****************************************
Report : qor
Design : top
Version: S-2021.06
Date   : Mon May  2 16:44:19 2022
****************************************


  Timing Path Group 'clk'
  -----------------------------------
  Levels of Logic:              28.00
  Critical Path Length:          1.58
  Critical Path Slack:           0.08
  Critical Path Clk Period:      2.00
  Total Negative Slack:          0.00
  No. of Violating Paths:        0.00
  Worst Hold Violation:         -0.00
  Total Hold Violation:         -0.01
  No. of Hold Violations:        6.00
  -----------------------------------


  Cell Count
  -----------------------------------
  Hierarchical Cell Count:          0
  Hierarchical Port Count:          0
  Leaf Cell Count:              17044
  Buf/Inv Cell Count:            1866
  Buf Cell Count:                 890
  Inv Cell Count:                 976
  CT Buf/Inv Cell Count:            8
  Combinational Cell Count:     16106
  Sequential Cell Count:          938
  Macro Count:                      0
  -----------------------------------


  Area
  -----------------------------------
  Combinational Area:    31687.790068
  Noncombinational Area:  4446.338601
  Buf/Inv Area:           1848.142847
  Total Buffer Area:          1209.05
  Total Inverter Area:         639.10
  Macro/Black Box Area:      0.000000
  Net Area:                  0.000000
  Net XLength        :      109725.62
  Net YLength        :      150505.50
  -----------------------------------
  Cell Area:             36134.128669
  Design Area:           36134.128669
  Net Length        :       260231.12


  Design Rules
  -----------------------------------
  Total Number of Nets:         21693
  Nets With Violations:             0
  Max Trans Violations:             0
  Max Cap Violations:               0
  -----------------------------------


  Hostname: tux-142

  Compile CPU Statistics
  -----------------------------------------
  Resource Sharing:                    0.00
  Logic Optimization:                  0.00
  Mapping Optimization:               19.83
  -----------------------------------------
  Overall Compile Time:               20.20
  Overall Compile Wall Clock Time:    20.34

  --------------------------------------------------------------------

  Design  WNS: 0.00  TNS: 0.00  Number of Violating Paths: 0


  Design (Hold)  WNS: 0.00  TNS: 0.01  Number of Violating Paths: 6

  --------------------------------------------------------------------


1
