 
****************************************
Report : area
Design : top
Version: S-2021.06
Date   : Mon May  2 16:43:25 2022
****************************************

Library(s) Used:

    tcbn45gsbwptc (File: /cae/apps/data/tsmclibs-2013/digital/Front_End/timing_power_noise/NLDM/tcbn45gsbwp_120a/tcbn45gsbwptc.db)

Number of ports:                          380
Number of nets:                         21200
Number of cells:                        16551
Number of combinational cells:          15613
Number of sequential cells:               938
Number of macros/black boxes:               0
Number of buf/inv:                       1373
Number of references:                      68

Combinational area:              31041.107659
Buf/Inv area:                     1207.458038
Noncombinational area:            4446.691401
Macro/Black Box area:                0.000000
Net Interconnect area:      undefined  (Wire load has zero net area)

Total cell area:                 35487.799060
Total area:                 undefined
1
