 
****************************************
Report : timing
        -path full
        -delay max
        -max_paths 20
Design : top
Version: S-2021.06
Date   : Mon May  2 16:45:59 2022
****************************************

 * Some/all delay information is back-annotated.

Operating Conditions: NCCOM   Library: tcbn45gsbwptc
	Parasitic source    : LPE
	Parasitic mode      : RealRC
	Extraction mode     : MAX
	Extraction derating : 25/25/25

Information: Percent of Arnoldi-based delays = 19.18%

  Startpoint: w79[1] (input port clocked by clk)
  Endpoint: out1_node0_reg[20]
            (rising edge-triggered flip-flop clocked by clk)
  Path Group: clk
  Path Type: max

  Point                                                   Incr       Path
  --------------------------------------------------------------------------
  clock clk (rise edge)                                   0.00       0.00
  clock network delay (ideal)                             0.00       0.00
  input external delay                                    0.25       0.25 r
  w79[1] (in)                                             0.00 @     0.25 r
  U13/ZN (INVD2BWP)                                       0.04 @     0.29 f
  U14428/ZN (NR2D0BWP)                                    0.04 @     0.33 r
  mult_161_4/S2_2_1/CO (FA1D0BWP)                         0.08 &     0.42 r
  mult_161_4/S2_3_1/CO (FA1D0BWP)                         0.07 &     0.49 r
  mult_161_4/S2_4_1/CO (FA1D0BWP)                         0.07 &     0.56 r
  mult_161_4/S2_5_1/CO (FA1D0BWP)                         0.07 &     0.63 r
  mult_161_4/S2_6_1/CO (FA1D0BWP)                         0.07 &     0.70 r
  mult_161_4/S2_7_1/CO (FA1D0BWP)                         0.07 &     0.76 r
  mult_161_4/S2_8_1/CO (FA1D0BWP)                         0.07 &     0.83 r
  mult_161_4/S2_9_1/CO (FA1D0BWP)                         0.07 &     0.90 r
  mult_161_4/S2_10_1/CO (FA1D0BWP)                        0.07 &     0.97 r
  mult_161_4/S2_11_1/CO (FA1D0BWP)                        0.07 &     1.04 r
  mult_161_4/S2_12_1/CO (FA1D0BWP)                        0.07 &     1.11 r
  mult_161_4/S2_13_1/CO (FA1D0BWP)                        0.07 &     1.17 r
  mult_161_4/S4_1/S (FA1D0BWP)                            0.07 &     1.25 r
  U3992/Z (XOR2D0BWP)                                     0.04 &     1.29 f
  U14408/ZN (NR2D0BWP)                                    0.03 &     1.32 r
  U12067/ZN (NR2D0BWP)                                    0.02 &     1.34 f
  U3988/Z (XOR2D0BWP)                                     0.06 &     1.39 r
  add_1_root_add_0_root_add_161_3/U1_15/CO (FA1D0BWP)     0.07 &     1.46 r
  add_1_root_add_0_root_add_161_3/U1_16/S (FA1D0BWP)      0.07 &     1.53 f
  add_0_root_add_0_root_add_161_3/U1_16/CO (FA1D2BWP)     0.08 &     1.61 f
  U972/ZN (CKND2D0BWP)                                    0.02 &     1.64 r
  U975/ZN (ND3D1BWP)                                      0.05 &     1.69 f
  add_0_root_add_0_root_add_161_3/U1_18/CO (FA1D1BWP)     0.06 &     1.74 f
  U110/ZN (CKND2D0BWP)                                    0.02 &     1.77 r
  U116/ZN (ND3D0BWP)                                      0.03 &     1.80 f
  U128/ZN (CKND0BWP)                                      0.02 &     1.82 r
  U130/ZN (CKND2D0BWP)                                    0.02 &     1.84 f
  U132/ZN (CKND2D0BWP)                                    0.02 &     1.86 r
  out1_node0_reg[20]/D (EDFQD1BWP)                        0.00 &     1.86 r
  data arrival time                                                  1.86

  clock clk (rise edge)                                   2.00       2.00
  clock network delay (propagated)                        0.08       2.08
  clock uncertainty                                      -0.15       1.93
  out1_node0_reg[20]/CP (EDFQD1BWP)                       0.00       1.93 r
  library setup time                                     -0.03       1.90
  data required time                                                 1.90
  --------------------------------------------------------------------------
  data required time                                                 1.90
  data arrival time                                                 -1.86
  --------------------------------------------------------------------------
  slack (MET)                                                        0.04


  Startpoint: w59[0] (input port clocked by clk)
  Endpoint: out1_node2_reg[20]
            (rising edge-triggered flip-flop clocked by clk)
  Path Group: clk
  Path Type: max

  Point                                                   Incr       Path
  --------------------------------------------------------------------------
  clock clk (rise edge)                                   0.00       0.00
  clock network delay (ideal)                             0.00       0.00
  input external delay                                    0.25       0.25 r
  w59[0] (in)                                             0.00 @     0.25 r
  U89/ZN (INVD3BWP)                                       0.04 @     0.29 f
  U13652/ZN (NR2D0BWP)                                    0.04 @     0.33 r
  mult_169_2/S1_2_0/CO (FA1D0BWP)                         0.08 &     0.41 r
  mult_169_2/S1_3_0/CO (FA1D0BWP)                         0.07 &     0.48 r
  mult_169_2/S1_4_0/CO (FA1D0BWP)                         0.07 &     0.55 r
  mult_169_2/S1_5_0/CO (FA1D0BWP)                         0.07 &     0.62 r
  mult_169_2/S1_6_0/CO (FA1D0BWP)                         0.07 &     0.68 r
  mult_169_2/S1_7_0/CO (FA1D0BWP)                         0.07 &     0.75 r
  mult_169_2/S1_8_0/CO (FA1D0BWP)                         0.07 &     0.82 r
  mult_169_2/S1_9_0/CO (FA1D0BWP)                         0.07 &     0.88 r
  mult_169_2/S1_10_0/CO (FA1D0BWP)                        0.07 &     0.95 r
  mult_169_2/S1_11_0/CO (FA1D0BWP)                        0.07 &     1.02 r
  mult_169_2/S1_12_0/CO (FA1D0BWP)                        0.07 &     1.09 r
  mult_169_2/S1_13_0/CO (FA1D0BWP)                        0.07 &     1.15 r
  mult_169_2/S4_0/S (FA1D0BWP)                            0.07 &     1.23 f
  U3170/Z (XOR2D0BWP)                                     0.05 &     1.28 r
  U3168/ZN (XNR2D0BWP)                                    0.04 &     1.32 f
  add_1_root_add_0_root_add_169_3/U1_14/CO (FA1D0BWP)     0.08 &     1.40 f
  U16/ZN (CKND2D0BWP)                                     0.02 &     1.42 r
  U22/ZN (ND3D0BWP)                                       0.04 &     1.46 f
  U73/ZN (CKND2D0BWP)                                     0.03 &     1.49 r
  U79/ZN (ND3D0BWP)                                       0.04 &     1.53 f
  U60/ZN (CKND2D0BWP)                                     0.03 &     1.56 r
  U66/ZN (ND3D0BWP)                                       0.03 &     1.58 f
  add_1_root_add_0_root_add_169_3/U1_18/S (FA1D0BWP)      0.05 &     1.63 r
  U917/Z (BUFFD1BWP)                                      0.05 &     1.69 r
  add_0_root_add_0_root_add_169_3/U1_18/CO (FA1D0BWP)     0.08 &     1.76 r
  add_0_root_add_0_root_add_169_3/U1_19/CO (FA1D0BWP)     0.03 &     1.80 r
  add_0_root_add_0_root_add_169_3/U1_20/Z (XOR3D0BWP)     0.03 &     1.83 r
  out1_node2_reg[20]/D (EDFQD1BWP)                        0.00 &     1.83 r
  data arrival time                                                  1.83

  clock clk (rise edge)                                   2.00       2.00
  clock network delay (propagated)                        0.08       2.08
  clock uncertainty                                      -0.15       1.93
  out1_node2_reg[20]/CP (EDFQD1BWP)                       0.00       1.93 r
  library setup time                                     -0.03       1.90
  data required time                                                 1.90
  --------------------------------------------------------------------------
  data required time                                                 1.90
  data arrival time                                                 -1.83
  --------------------------------------------------------------------------
  slack (MET)                                                        0.07


  Startpoint: w68[1] (input port clocked by clk)
  Endpoint: out0_node0_reg[20]
            (rising edge-triggered flip-flop clocked by clk)
  Path Group: clk
  Path Type: max

  Point                                                   Incr       Path
  --------------------------------------------------------------------------
  clock clk (rise edge)                                   0.00       0.00
  clock network delay (ideal)                             0.00       0.00
  input external delay                                    0.25       0.25 r
  w68[1] (in)                                             0.00 @     0.25 r
  U95/ZN (INVD2BWP)                                       0.04 @     0.29 f
  U14017/ZN (NR3D0BWP)                                    0.04 @     0.33 r
  mult_160_3/S1_2_0/CO (FA1D0BWP)                         0.07 &     0.41 r
  mult_160_3/S1_3_0/CO (FA1D0BWP)                         0.07 &     0.48 r
  mult_160_3/S1_4_0/CO (FA1D0BWP)                         0.07 &     0.55 r
  mult_160_3/S1_5_0/CO (FA1D0BWP)                         0.07 &     0.62 r
  mult_160_3/S1_6_0/CO (FA1D0BWP)                         0.07 &     0.68 r
  mult_160_3/S1_7_0/CO (FA1D0BWP)                         0.07 &     0.75 r
  mult_160_3/S1_8_0/CO (FA1D0BWP)                         0.07 &     0.82 r
  mult_160_3/S1_9_0/CO (FA1D0BWP)                         0.07 &     0.89 r
  mult_160_3/S1_10_0/CO (FA1D0BWP)                        0.07 &     0.96 r
  mult_160_3/S1_11_0/CO (FA1D0BWP)                        0.07 &     1.03 r
  mult_160_3/S1_12_0/CO (FA1D0BWP)                        0.07 &     1.10 r
  mult_160_3/S1_13_0/CO (FA1D0BWP)                        0.07 &     1.17 r
  mult_160_3/S4_0/CO (FA1D0BWP)                           0.07 &     1.24 r
  U3134/Z (XOR2D0BWP)                                     0.05 &     1.29 f
  U14031/Z (CKAN2D0BWP)                                   0.03 &     1.32 f
  U12032/ZN (NR2D0BWP)                                    0.02 &     1.34 r
  U3130/Z (XOR2D0BWP)                                     0.08 &     1.42 r
  add_2_root_add_0_root_add_160_3/U1_15/S (FA1D0BWP)      0.09 &     1.50 f
  U898/Z (BUFFD1BWP)                                      0.04 &     1.54 f
  add_0_root_add_0_root_add_160_3/U1_15/CO (FA1D0BWP)     0.08 &     1.62 f
  add_0_root_add_0_root_add_160_3/U1_16/CO (FA1D0BWP)     0.04 &     1.66 f
  add_0_root_add_0_root_add_160_3/U1_17/CO (FA1D0BWP)     0.04 &     1.70 f
  add_0_root_add_0_root_add_160_3/U1_18/CO (FA1D0BWP)     0.04 &     1.74 f
  add_0_root_add_0_root_add_160_3/U1_19/CO (FA1D0BWP)     0.04 &     1.78 f
  add_0_root_add_0_root_add_160_3/U1_20/Z (XOR3D0BWP)     0.05 &     1.83 r
  out0_node0_reg[20]/D (EDFQD1BWP)                        0.00 &     1.83 r
  data arrival time                                                  1.83

  clock clk (rise edge)                                   2.00       2.00
  clock network delay (propagated)                        0.08       2.08
  clock uncertainty                                      -0.15       1.93
  out0_node0_reg[20]/CP (EDFQD1BWP)                       0.00       1.93 r
  library setup time                                     -0.03       1.90
  data required time                                                 1.90
  --------------------------------------------------------------------------
  data required time                                                 1.90
  data arrival time                                                 -1.83
  --------------------------------------------------------------------------
  slack (MET)                                                        0.07


  Startpoint: w68[1] (input port clocked by clk)
  Endpoint: out0_node0_reg[19]
            (rising edge-triggered flip-flop clocked by clk)
  Path Group: clk
  Path Type: max

  Point                                                   Incr       Path
  --------------------------------------------------------------------------
  clock clk (rise edge)                                   0.00       0.00
  clock network delay (ideal)                             0.00       0.00
  input external delay                                    0.25       0.25 r
  w68[1] (in)                                             0.00 @     0.25 r
  U95/ZN (INVD2BWP)                                       0.04 @     0.29 f
  U14017/ZN (NR3D0BWP)                                    0.04 @     0.33 r
  mult_160_3/S1_2_0/CO (FA1D0BWP)                         0.07 &     0.41 r
  mult_160_3/S1_3_0/CO (FA1D0BWP)                         0.07 &     0.48 r
  mult_160_3/S1_4_0/CO (FA1D0BWP)                         0.07 &     0.55 r
  mult_160_3/S1_5_0/CO (FA1D0BWP)                         0.07 &     0.62 r
  mult_160_3/S1_6_0/CO (FA1D0BWP)                         0.07 &     0.68 r
  mult_160_3/S1_7_0/CO (FA1D0BWP)                         0.07 &     0.75 r
  mult_160_3/S1_8_0/CO (FA1D0BWP)                         0.07 &     0.82 r
  mult_160_3/S1_9_0/CO (FA1D0BWP)                         0.07 &     0.89 r
  mult_160_3/S1_10_0/CO (FA1D0BWP)                        0.07 &     0.96 r
  mult_160_3/S1_11_0/CO (FA1D0BWP)                        0.07 &     1.03 r
  mult_160_3/S1_12_0/CO (FA1D0BWP)                        0.07 &     1.10 r
  mult_160_3/S1_13_0/CO (FA1D0BWP)                        0.07 &     1.17 r
  mult_160_3/S4_0/CO (FA1D0BWP)                           0.07 &     1.24 r
  U3134/Z (XOR2D0BWP)                                     0.05 &     1.29 f
  U14031/Z (CKAN2D0BWP)                                   0.03 &     1.32 f
  U12032/ZN (NR2D0BWP)                                    0.02 &     1.34 r
  U3130/Z (XOR2D0BWP)                                     0.08 &     1.42 r
  add_2_root_add_0_root_add_160_3/U1_15/S (FA1D0BWP)      0.09 &     1.50 f
  U898/Z (BUFFD1BWP)                                      0.04 &     1.54 f
  add_0_root_add_0_root_add_160_3/U1_15/CO (FA1D0BWP)     0.08 &     1.62 f
  add_0_root_add_0_root_add_160_3/U1_16/CO (FA1D0BWP)     0.04 &     1.66 f
  add_0_root_add_0_root_add_160_3/U1_17/CO (FA1D0BWP)     0.04 &     1.70 f
  add_0_root_add_0_root_add_160_3/U1_18/CO (FA1D0BWP)     0.04 &     1.74 f
  add_0_root_add_0_root_add_160_3/U1_19/S (FA1D0BWP)      0.07 &     1.81 r
  out0_node0_reg[19]/D (EDFQD1BWP)                        0.00 &     1.81 r
  data arrival time                                                  1.81

  clock clk (rise edge)                                   2.00       2.00
  clock network delay (propagated)                        0.08       2.08
  clock uncertainty                                      -0.15       1.93
  out0_node0_reg[19]/CP (EDFQD1BWP)                       0.00       1.93 r
  library setup time                                     -0.04       1.89
  data required time                                                 1.89
  --------------------------------------------------------------------------
  data required time                                                 1.89
  data arrival time                                                 -1.81
  --------------------------------------------------------------------------
  slack (MET)                                                        0.08


  Startpoint: w58[0] (input port clocked by clk)
  Endpoint: out0_node2_reg[20]
            (rising edge-triggered flip-flop clocked by clk)
  Path Group: clk
  Path Type: max

  Point                                                   Incr       Path
  --------------------------------------------------------------------------
  clock clk (rise edge)                                   0.00       0.00
  clock network delay (ideal)                             0.00       0.00
  input external delay                                    0.25       0.25 r
  w58[0] (in)                                             0.00 @     0.25 r
  U134/ZN (INVD3BWP)                                      0.06 @     0.31 f
  U13650/ZN (NR2D0BWP)                                    0.05 @     0.35 r
  mult_168_2/S1_2_0/CO (FA1D0BWP)                         0.08 &     0.44 r
  mult_168_2/S1_3_0/CO (FA1D0BWP)                         0.07 &     0.50 r
  mult_168_2/S1_4_0/CO (FA1D0BWP)                         0.07 &     0.57 r
  mult_168_2/S1_5_0/CO (FA1D0BWP)                         0.07 &     0.64 r
  mult_168_2/S1_6_0/CO (FA1D0BWP)                         0.07 &     0.70 r
  mult_168_2/S1_7_0/CO (FA1D0BWP)                         0.07 &     0.77 r
  mult_168_2/S1_8_0/CO (FA1D0BWP)                         0.07 &     0.84 r
  mult_168_2/S1_9_0/CO (FA1D0BWP)                         0.07 &     0.90 r
  mult_168_2/S1_10_0/CO (FA1D0BWP)                        0.07 &     0.97 r
  mult_168_2/S1_11_0/CO (FA1D0BWP)                        0.07 &     1.04 r
  mult_168_2/S1_12_0/CO (FA1D0BWP)                        0.07 &     1.10 r
  mult_168_2/S1_13_0/CO (FA1D0BWP)                        0.07 &     1.17 r
  mult_168_2/S4_0/CO (FA1D0BWP)                           0.07 &     1.24 r
  U3403/Z (XOR2D0BWP)                                     0.05 &     1.29 f
  U14035/ZN (NR2D0BWP)                                    0.03 &     1.32 r
  U12225/ZN (CKND0BWP)                                    0.02 &     1.33 f
  U12224/ZN (AOI21D0BWP)                                  0.04 &     1.37 r
  U12339/ZN (OAI21D0BWP)                                  0.03 &     1.41 f
  U3387/Z (XOR2D0BWP)                                     0.09 &     1.50 r
  U32/Z (XOR2D0BWP)                                       0.06 &     1.55 f
  U34/Z (XOR2D0BWP)                                       0.08 &     1.63 r
  add_0_root_add_0_root_add_168_3/U1_17/CO (FA1D0BWP)     0.08 &     1.71 r
  add_0_root_add_0_root_add_168_3/U1_18/CO (FA1D0BWP)     0.04 &     1.75 r
  add_0_root_add_0_root_add_168_3/U1_19/CO (FA1D0BWP)     0.04 &     1.78 r
  add_0_root_add_0_root_add_168_3/U1_20/Z (XOR3D0BWP)     0.03 &     1.82 r
  out0_node2_reg[20]/D (EDFQD1BWP)                        0.00 &     1.82 r
  data arrival time                                                  1.82

  clock clk (rise edge)                                   2.00       2.00
  clock network delay (propagated)                        0.08       2.08
  clock uncertainty                                      -0.15       1.93
  out0_node2_reg[20]/CP (EDFQD1BWP)                       0.00       1.93 r
  library setup time                                     -0.03       1.90
  data required time                                                 1.90
  --------------------------------------------------------------------------
  data required time                                                 1.90
  data arrival time                                                 -1.82
  --------------------------------------------------------------------------
  slack (MET)                                                        0.08


  Startpoint: w79[1] (input port clocked by clk)
  Endpoint: out1_node0_reg[19]
            (rising edge-triggered flip-flop clocked by clk)
  Path Group: clk
  Path Type: max

  Point                                                   Incr       Path
  --------------------------------------------------------------------------
  clock clk (rise edge)                                   0.00       0.00
  clock network delay (ideal)                             0.00       0.00
  input external delay                                    0.25       0.25 r
  w79[1] (in)                                             0.00 @     0.25 r
  U13/ZN (INVD2BWP)                                       0.04 @     0.29 f
  U14428/ZN (NR2D0BWP)                                    0.04 @     0.33 r
  mult_161_4/S2_2_1/CO (FA1D0BWP)                         0.08 &     0.42 r
  mult_161_4/S2_3_1/CO (FA1D0BWP)                         0.07 &     0.49 r
  mult_161_4/S2_4_1/CO (FA1D0BWP)                         0.07 &     0.56 r
  mult_161_4/S2_5_1/CO (FA1D0BWP)                         0.07 &     0.63 r
  mult_161_4/S2_6_1/CO (FA1D0BWP)                         0.07 &     0.70 r
  mult_161_4/S2_7_1/CO (FA1D0BWP)                         0.07 &     0.76 r
  mult_161_4/S2_8_1/CO (FA1D0BWP)                         0.07 &     0.83 r
  mult_161_4/S2_9_1/CO (FA1D0BWP)                         0.07 &     0.90 r
  mult_161_4/S2_10_1/CO (FA1D0BWP)                        0.07 &     0.97 r
  mult_161_4/S2_11_1/CO (FA1D0BWP)                        0.07 &     1.04 r
  mult_161_4/S2_12_1/CO (FA1D0BWP)                        0.07 &     1.11 r
  mult_161_4/S2_13_1/CO (FA1D0BWP)                        0.07 &     1.17 r
  mult_161_4/S4_1/S (FA1D0BWP)                            0.07 &     1.25 r
  U3992/Z (XOR2D0BWP)                                     0.04 &     1.29 f
  U14408/ZN (NR2D0BWP)                                    0.03 &     1.32 r
  U12067/ZN (NR2D0BWP)                                    0.02 &     1.34 f
  U3988/Z (XOR2D0BWP)                                     0.06 &     1.39 r
  add_1_root_add_0_root_add_161_3/U1_15/CO (FA1D0BWP)     0.07 &     1.46 r
  add_1_root_add_0_root_add_161_3/U1_16/S (FA1D0BWP)      0.07 &     1.53 f
  add_0_root_add_0_root_add_161_3/U1_16/CO (FA1D2BWP)     0.08 &     1.61 f
  U972/ZN (CKND2D0BWP)                                    0.02 &     1.64 r
  U975/ZN (ND3D1BWP)                                      0.05 &     1.69 f
  add_0_root_add_0_root_add_161_3/U1_18/CO (FA1D1BWP)     0.06 &     1.74 f
  U126/ZN (CKND0BWP)                                      0.02 &     1.77 r
  U118/ZN (CKND2D0BWP)                                    0.02 &     1.79 f
  U122/ZN (CKND2D1BWP)                                    0.03 &     1.81 r
  out1_node0_reg[19]/D (EDFQD1BWP)                        0.00 &     1.81 r
  data arrival time                                                  1.81

  clock clk (rise edge)                                   2.00       2.00
  clock network delay (propagated)                        0.08       2.08
  clock uncertainty                                      -0.15       1.93
  out1_node0_reg[19]/CP (EDFQD1BWP)                       0.00       1.93 r
  library setup time                                     -0.04       1.90
  data required time                                                 1.90
  --------------------------------------------------------------------------
  data required time                                                 1.90
  data arrival time                                                 -1.81
  --------------------------------------------------------------------------
  slack (MET)                                                        0.08


  Startpoint: w58[0] (input port clocked by clk)
  Endpoint: out0_node3_reg[20]
            (rising edge-triggered flip-flop clocked by clk)
  Path Group: clk
  Path Type: max

  Point                                                   Incr       Path
  --------------------------------------------------------------------------
  clock clk (rise edge)                                   0.00       0.00
  clock network delay (ideal)                             0.00       0.00
  input external delay                                    0.25       0.25 r
  w58[0] (in)                                             0.00 @     0.25 r
  U134/ZN (INVD3BWP)                                      0.06 @     0.31 f
  U13588/ZN (NR2D0BWP)                                    0.05 @     0.35 r
  mult_172_2/S1_2_0/CO (FA1D0BWP)                         0.08 &     0.43 r
  mult_172_2/S1_3_0/CO (FA1D0BWP)                         0.07 &     0.50 r
  mult_172_2/S1_4_0/CO (FA1D0BWP)                         0.07 &     0.57 r
  mult_172_2/S1_5_0/CO (FA1D0BWP)                         0.07 &     0.63 r
  mult_172_2/S1_6_0/CO (FA1D0BWP)                         0.07 &     0.70 r
  mult_172_2/S1_7_0/CO (FA1D0BWP)                         0.07 &     0.77 r
  mult_172_2/S1_8_0/CO (FA1D0BWP)                         0.07 &     0.84 r
  mult_172_2/S1_9_0/CO (FA1D0BWP)                         0.07 &     0.91 r
  mult_172_2/S1_10_0/CO (FA1D0BWP)                        0.07 &     0.98 r
  mult_172_2/S1_11_0/CO (FA1D0BWP)                        0.07 &     1.05 r
  mult_172_2/S1_12_0/CO (FA1D0BWP)                        0.07 &     1.11 r
  mult_172_2/S1_13_0/CO (FA1D0BWP)                        0.07 &     1.18 r
  mult_172_2/S4_0/S (FA1D0BWP)                            0.07 &     1.25 f
  U2923/Z (XOR2D0BWP)                                     0.05 &     1.30 f
  U14505/ZN (INR2XD0BWP)                                  0.03 &     1.33 f
  U12204/ZN (AOI21D0BWP)                                  0.04 &     1.37 r
  U12306/ZN (OAI21D0BWP)                                  0.03 &     1.40 f
  U2902/Z (XOR2D0BWP)                                     0.08 &     1.48 r
  add_1_root_add_0_root_add_172_3/U1_17/CO (FA1D1BWP)     0.08 &     1.56 r
  add_1_root_add_0_root_add_172_3/U1_18/S (FA1D0BWP)      0.04 &     1.60 f
  U921/Z (BUFFD1BWP)                                      0.05 &     1.64 f
  add_0_root_add_0_root_add_172_3/U1_18/CO (FA1D0BWP)     0.07 &     1.71 f
  add_0_root_add_0_root_add_172_3/U1_19/CO (FA1D0BWP)     0.04 &     1.75 f
  add_0_root_add_0_root_add_172_3/U1_20/Z (XOR3D0BWP)     0.05 &     1.80 r
  out0_node3_reg[20]/D (EDFQD1BWP)                        0.00 &     1.80 r
  data arrival time                                                  1.80

  clock clk (rise edge)                                   2.00       2.00
  clock network delay (propagated)                        0.07       2.07
  clock uncertainty                                      -0.15       1.92
  out0_node3_reg[20]/CP (EDFQD1BWP)                       0.00       1.92 r
  library setup time                                     -0.03       1.89
  data required time                                                 1.89
  --------------------------------------------------------------------------
  data required time                                                 1.89
  data arrival time                                                 -1.80
  --------------------------------------------------------------------------
  slack (MET)                                                        0.08


  Startpoint: w59[0] (input port clocked by clk)
  Endpoint: out1_node2_reg[19]
            (rising edge-triggered flip-flop clocked by clk)
  Path Group: clk
  Path Type: max

  Point                                                   Incr       Path
  --------------------------------------------------------------------------
  clock clk (rise edge)                                   0.00       0.00
  clock network delay (ideal)                             0.00       0.00
  input external delay                                    0.25       0.25 r
  w59[0] (in)                                             0.00 @     0.25 r
  U89/ZN (INVD3BWP)                                       0.04 @     0.29 f
  U13652/ZN (NR2D0BWP)                                    0.04 @     0.33 r
  mult_169_2/S1_2_0/CO (FA1D0BWP)                         0.08 &     0.41 r
  mult_169_2/S1_3_0/CO (FA1D0BWP)                         0.07 &     0.48 r
  mult_169_2/S1_4_0/CO (FA1D0BWP)                         0.07 &     0.55 r
  mult_169_2/S1_5_0/CO (FA1D0BWP)                         0.07 &     0.62 r
  mult_169_2/S1_6_0/CO (FA1D0BWP)                         0.07 &     0.68 r
  mult_169_2/S1_7_0/CO (FA1D0BWP)                         0.07 &     0.75 r
  mult_169_2/S1_8_0/CO (FA1D0BWP)                         0.07 &     0.82 r
  mult_169_2/S1_9_0/CO (FA1D0BWP)                         0.07 &     0.88 r
  mult_169_2/S1_10_0/CO (FA1D0BWP)                        0.07 &     0.95 r
  mult_169_2/S1_11_0/CO (FA1D0BWP)                        0.07 &     1.02 r
  mult_169_2/S1_12_0/CO (FA1D0BWP)                        0.07 &     1.09 r
  mult_169_2/S1_13_0/CO (FA1D0BWP)                        0.07 &     1.15 r
  mult_169_2/S4_0/S (FA1D0BWP)                            0.07 &     1.23 f
  U3170/Z (XOR2D0BWP)                                     0.05 &     1.28 r
  U3168/ZN (XNR2D0BWP)                                    0.04 &     1.32 f
  add_1_root_add_0_root_add_169_3/U1_14/CO (FA1D0BWP)     0.08 &     1.40 f
  U16/ZN (CKND2D0BWP)                                     0.02 &     1.42 r
  U22/ZN (ND3D0BWP)                                       0.04 &     1.46 f
  U73/ZN (CKND2D0BWP)                                     0.03 &     1.49 r
  U79/ZN (ND3D0BWP)                                       0.04 &     1.53 f
  U60/ZN (CKND2D0BWP)                                     0.03 &     1.56 r
  U66/ZN (ND3D0BWP)                                       0.03 &     1.58 f
  add_1_root_add_0_root_add_169_3/U1_18/CO (FA1D0BWP)     0.04 &     1.62 f
  add_1_root_add_0_root_add_169_3/U1_19/S (FA1D0BWP)      0.05 &     1.67 r
  U925/Z (BUFFD1BWP)                                      0.05 &     1.72 r
  add_0_root_add_0_root_add_169_3/U1_19/S (FA1D0BWP)      0.09 &     1.81 r
  out1_node2_reg[19]/D (EDFQD1BWP)                        0.00 &     1.81 r
  data arrival time                                                  1.81

  clock clk (rise edge)                                   2.00       2.00
  clock network delay (propagated)                        0.08       2.08
  clock uncertainty                                      -0.15       1.93
  out1_node2_reg[19]/CP (EDFQD1BWP)                       0.00       1.93 r
  library setup time                                     -0.03       1.89
  data required time                                                 1.89
  --------------------------------------------------------------------------
  data required time                                                 1.89
  data arrival time                                                 -1.81
  --------------------------------------------------------------------------
  slack (MET)                                                        0.09


  Startpoint: w79[0] (input port clocked by clk)
  Endpoint: out1_node3_reg[20]
            (rising edge-triggered flip-flop clocked by clk)
  Path Group: clk
  Path Type: max

  Point                                                   Incr       Path
  --------------------------------------------------------------------------
  clock clk (rise edge)                                   0.00       0.00
  clock network delay (ideal)                             0.00       0.00
  input external delay                                    0.25       0.25 r
  w79[0] (in)                                             0.00 @     0.25 r
  U9/ZN (INVD2BWP)                                        0.04 @     0.29 f
  U13895/ZN (NR2D0BWP)                                    0.04 @     0.33 r
  mult_173_4/S1_2_0/CO (FA1D0BWP)                         0.08 &     0.41 r
  mult_173_4/S1_3_0/CO (FA1D0BWP)                         0.07 &     0.48 r
  mult_173_4/S1_4_0/CO (FA1D0BWP)                         0.07 &     0.55 r
  mult_173_4/S1_5_0/CO (FA1D0BWP)                         0.07 &     0.62 r
  mult_173_4/S1_6_0/CO (FA1D0BWP)                         0.07 &     0.69 r
  mult_173_4/S1_7_0/CO (FA1D0BWP)                         0.07 &     0.76 r
  mult_173_4/S1_8_0/CO (FA1D0BWP)                         0.07 &     0.83 r
  mult_173_4/S1_9_0/CO (FA1D0BWP)                         0.07 &     0.90 r
  mult_173_4/S1_10_0/CO (FA1D0BWP)                        0.07 &     0.97 r
  mult_173_4/S1_11_0/CO (FA1D0BWP)                        0.07 &     1.04 r
  mult_173_4/S1_12_0/CO (FA1D0BWP)                        0.07 &     1.11 r
  mult_173_4/S1_13_0/CO (FA1D0BWP)                        0.07 &     1.18 r
  mult_173_4/S4_0/S (FA1D0BWP)                            0.07 &     1.25 f
  U4300/Z (XOR2D0BWP)                                     0.06 &     1.31 r
  U14670/ZN (INR2D0BWP)                                   0.05 &     1.35 r
  U12253/ZN (AOI21D0BWP)                                  0.03 &     1.38 f
  U12350/ZN (OAI21D0BWP)                                  0.04 &     1.42 r
  U4277/Z (XOR2D0BWP)                                     0.06 &     1.49 r
  add_1_root_add_0_root_add_173_3/U1_17/CO (FA1D0BWP)     0.07 &     1.56 r
  add_1_root_add_0_root_add_173_3/U1_18/S (FA1D0BWP)      0.05 &     1.61 f
  U10/Z (BUFFD1BWP)                                       0.05 &     1.65 f
  add_0_root_add_0_root_add_173_3/U1_18/CO (FA1D0BWP)     0.07 &     1.72 f
  add_0_root_add_0_root_add_173_3/U1_19/CO (FA1D0BWP)     0.04 &     1.76 f
  add_0_root_add_0_root_add_173_3/U1_20/Z (XOR3D0BWP)     0.05 &     1.80 r
  out1_node3_reg[20]/D (EDFQD1BWP)                        0.00 &     1.80 r
  data arrival time                                                  1.80

  clock clk (rise edge)                                   2.00       2.00
  clock network delay (propagated)                        0.08       2.08
  clock uncertainty                                      -0.15       1.93
  out1_node3_reg[20]/CP (EDFQD1BWP)                       0.00       1.93 r
  library setup time                                     -0.03       1.90
  data required time                                                 1.90
  --------------------------------------------------------------------------
  data required time                                                 1.90
  data arrival time                                                 -1.80
  --------------------------------------------------------------------------
  slack (MET)                                                        0.09


  Startpoint: w68[0] (input port clocked by clk)
  Endpoint: out0_node1_reg[20]
            (rising edge-triggered flip-flop clocked by clk)
  Path Group: clk
  Path Type: max

  Point                                                   Incr       Path
  --------------------------------------------------------------------------
  clock clk (rise edge)                                   0.00       0.00
  clock network delay (ideal)                             0.00       0.00
  input external delay                                    0.25       0.25 r
  w68[0] (in)                                             0.00 @     0.25 r
  U91/ZN (INVD2BWP)                                       0.04 @     0.29 f
  U13754/ZN (NR2D0BWP)                                    0.04 @     0.33 r
  mult_164_3/S1_2_0/CO (FA1D0BWP)                         0.08 &     0.41 r
  mult_164_3/S1_3_0/CO (FA1D0BWP)                         0.07 &     0.48 r
  mult_164_3/S1_4_0/CO (FA1D0BWP)                         0.07 &     0.55 r
  mult_164_3/S1_5_0/CO (FA1D0BWP)                         0.07 &     0.62 r
  mult_164_3/S1_6_0/CO (FA1D0BWP)                         0.07 &     0.69 r
  mult_164_3/S1_7_0/CO (FA1D0BWP)                         0.07 &     0.76 r
  mult_164_3/S1_8_0/CO (FA1D0BWP)                         0.07 &     0.82 r
  mult_164_3/S1_9_0/CO (FA1D0BWP)                         0.07 &     0.89 r
  mult_164_3/S1_10_0/CO (FA1D0BWP)                        0.07 &     0.96 r
  mult_164_3/S1_11_0/CO (FA1D0BWP)                        0.07 &     1.02 r
  mult_164_3/S1_12_0/CO (FA1D0BWP)                        0.07 &     1.09 r
  mult_164_3/S1_13_0/CO (FA1D0BWP)                        0.07 &     1.16 r
  mult_164_3/S4_0/S (FA1D0BWP)                            0.07 &     1.23 f
  U3804/Z (XOR2D0BWP)                                     0.05 &     1.28 r
  U14506/ZN (INR2D0BWP)                                   0.04 &     1.33 r
  U12208/ZN (AOI21D0BWP)                                  0.03 &     1.36 f
  U3789/Z (XOR2D0BWP)                                     0.07 &     1.43 r
  add_2_root_add_0_root_add_164_3/U1_16/S (FA1D0BWP)      0.08 &     1.51 f
  U902/Z (CKBD0BWP)                                       0.05 &     1.56 f
  add_0_root_add_0_root_add_164_3/U1_16/CO (FA1D0BWP)     0.08 &     1.64 f
  add_0_root_add_0_root_add_164_3/U1_17/CO (FA1D0BWP)     0.04 &     1.68 f
  add_0_root_add_0_root_add_164_3/U1_18/CO (FA1D0BWP)     0.04 &     1.72 f
  add_0_root_add_0_root_add_164_3/U1_19/CO (FA1D0BWP)     0.04 &     1.76 f
  add_0_root_add_0_root_add_164_3/U1_20/Z (XOR3D0BWP)     0.05 &     1.80 r
  out0_node1_reg[20]/D (EDFQD1BWP)                        0.00 &     1.80 r
  data arrival time                                                  1.80

  clock clk (rise edge)                                   2.00       2.00
  clock network delay (propagated)                        0.08       2.08
  clock uncertainty                                      -0.15       1.93
  out0_node1_reg[20]/CP (EDFQD1BWP)                       0.00       1.93 r
  library setup time                                     -0.03       1.90
  data required time                                                 1.90
  --------------------------------------------------------------------------
  data required time                                                 1.90
  data arrival time                                                 -1.80
  --------------------------------------------------------------------------
  slack (MET)                                                        0.09


  Startpoint: w69[1] (input port clocked by clk)
  Endpoint: out1_node1_reg[20]
            (rising edge-triggered flip-flop clocked by clk)
  Path Group: clk
  Path Type: max

  Point                                                   Incr       Path
  --------------------------------------------------------------------------
  clock clk (rise edge)                                   0.00       0.00
  clock network delay (ideal)                             0.00       0.00
  input external delay                                    0.25       0.25 r
  w69[1] (in)                                             0.00 @     0.25 r
  U49/ZN (CKND2BWP)                                       0.06 @     0.31 f
  U13960/ZN (NR3D0BWP)                                    0.05 @     0.36 r
  mult_165_3/S1_2_0/CO (FA1D0BWP)                         0.08 &     0.44 r
  mult_165_3/S1_3_0/CO (FA1D0BWP)                         0.07 &     0.50 r
  mult_165_3/S1_4_0/CO (FA1D0BWP)                         0.07 &     0.57 r
  mult_165_3/S1_5_0/CO (FA1D0BWP)                         0.07 &     0.64 r
  mult_165_3/S1_6_0/CO (FA1D0BWP)                         0.07 &     0.70 r
  mult_165_3/S1_7_0/CO (FA1D0BWP)                         0.07 &     0.77 r
  mult_165_3/S1_8_0/CO (FA1D0BWP)                         0.07 &     0.84 r
  mult_165_3/S1_9_0/CO (FA1D0BWP)                         0.07 &     0.90 r
  mult_165_3/S1_10_0/CO (FA1D0BWP)                        0.07 &     0.97 r
  mult_165_3/S1_11_0/CO (FA1D0BWP)                        0.07 &     1.04 r
  mult_165_3/S1_12_0/CO (FA1D0BWP)                        0.07 &     1.10 r
  mult_165_3/S1_13_0/CO (FA1D0BWP)                        0.07 &     1.17 r
  mult_165_3/S4_0/S (FA1D0BWP)                            0.07 &     1.25 f
  U3572/Z (XOR2D0BWP)                                     0.05 &     1.30 f
  U3570/ZN (XNR2D0BWP)                                    0.06 &     1.36 r
  add_2_root_add_0_root_add_165_3/U1_14/S (FA1D0BWP)      0.10 &     1.46 f
  add_0_root_add_0_root_add_165_3/U1_14/CO (FA1D0BWP)     0.09 &     1.55 f
  add_0_root_add_0_root_add_165_3/U1_15/CO (FA1D0BWP)     0.04 &     1.59 f
  add_0_root_add_0_root_add_165_3/U1_16/CO (FA1D0BWP)     0.04 &     1.63 f
  add_0_root_add_0_root_add_165_3/U1_17/CO (FA1D0BWP)     0.04 &     1.67 f
  add_0_root_add_0_root_add_165_3/U1_18/CO (FA1D0BWP)     0.04 &     1.71 f
  add_0_root_add_0_root_add_165_3/U1_19/CO (FA1D0BWP)     0.04 &     1.75 f
  add_0_root_add_0_root_add_165_3/U1_20/Z (XOR3D0BWP)     0.05 &     1.79 r
  out1_node1_reg[20]/D (EDFQD1BWP)                        0.00 &     1.79 r
  data arrival time                                                  1.79

  clock clk (rise edge)                                   2.00       2.00
  clock network delay (propagated)                        0.07       2.07
  clock uncertainty                                      -0.15       1.92
  out1_node1_reg[20]/CP (EDFQD1BWP)                       0.00       1.92 r
  library setup time                                     -0.03       1.89
  data required time                                                 1.89
  --------------------------------------------------------------------------
  data required time                                                 1.89
  data arrival time                                                 -1.79
  --------------------------------------------------------------------------
  slack (MET)                                                        0.10


  Startpoint: w59[0] (input port clocked by clk)
  Endpoint: out1_node2_reg[18]
            (rising edge-triggered flip-flop clocked by clk)
  Path Group: clk
  Path Type: max

  Point                                                   Incr       Path
  --------------------------------------------------------------------------
  clock clk (rise edge)                                   0.00       0.00
  clock network delay (ideal)                             0.00       0.00
  input external delay                                    0.25       0.25 r
  w59[0] (in)                                             0.00 @     0.25 r
  U89/ZN (INVD3BWP)                                       0.04 @     0.29 f
  U13652/ZN (NR2D0BWP)                                    0.04 @     0.33 r
  mult_169_2/S1_2_0/CO (FA1D0BWP)                         0.08 &     0.41 r
  mult_169_2/S1_3_0/CO (FA1D0BWP)                         0.07 &     0.48 r
  mult_169_2/S1_4_0/CO (FA1D0BWP)                         0.07 &     0.55 r
  mult_169_2/S1_5_0/CO (FA1D0BWP)                         0.07 &     0.62 r
  mult_169_2/S1_6_0/CO (FA1D0BWP)                         0.07 &     0.68 r
  mult_169_2/S1_7_0/CO (FA1D0BWP)                         0.07 &     0.75 r
  mult_169_2/S1_8_0/CO (FA1D0BWP)                         0.07 &     0.82 r
  mult_169_2/S1_9_0/CO (FA1D0BWP)                         0.07 &     0.88 r
  mult_169_2/S1_10_0/CO (FA1D0BWP)                        0.07 &     0.95 r
  mult_169_2/S1_11_0/CO (FA1D0BWP)                        0.07 &     1.02 r
  mult_169_2/S1_12_0/CO (FA1D0BWP)                        0.07 &     1.09 r
  mult_169_2/S1_13_0/CO (FA1D0BWP)                        0.07 &     1.15 r
  mult_169_2/S4_0/S (FA1D0BWP)                            0.07 &     1.23 f
  U3170/Z (XOR2D0BWP)                                     0.05 &     1.28 r
  U3168/ZN (XNR2D0BWP)                                    0.04 &     1.32 f
  add_1_root_add_0_root_add_169_3/U1_14/CO (FA1D0BWP)     0.08 &     1.40 f
  U16/ZN (CKND2D0BWP)                                     0.02 &     1.42 r
  U22/ZN (ND3D0BWP)                                       0.04 &     1.46 f
  U73/ZN (CKND2D0BWP)                                     0.03 &     1.49 r
  U79/ZN (ND3D0BWP)                                       0.04 &     1.53 f
  U60/ZN (CKND2D0BWP)                                     0.03 &     1.56 r
  U66/ZN (ND3D0BWP)                                       0.03 &     1.58 f
  add_1_root_add_0_root_add_169_3/U1_18/S (FA1D0BWP)      0.05 &     1.63 r
  U917/Z (BUFFD1BWP)                                      0.05 &     1.69 r
  add_0_root_add_0_root_add_169_3/U1_18/S (FA1D0BWP)      0.10 &     1.79 r
  out1_node2_reg[18]/D (EDFQD1BWP)                        0.00 &     1.79 r
  data arrival time                                                  1.79

  clock clk (rise edge)                                   2.00       2.00
  clock network delay (propagated)                        0.08       2.08
  clock uncertainty                                      -0.15       1.93
  out1_node2_reg[18]/CP (EDFQD1BWP)                       0.00       1.93 r
  library setup time                                     -0.04       1.89
  data required time                                                 1.89
  --------------------------------------------------------------------------
  data required time                                                 1.89
  data arrival time                                                 -1.79
  --------------------------------------------------------------------------
  slack (MET)                                                        0.10


  Startpoint: w58[0] (input port clocked by clk)
  Endpoint: out0_node2_reg[19]
            (rising edge-triggered flip-flop clocked by clk)
  Path Group: clk
  Path Type: max

  Point                                                   Incr       Path
  --------------------------------------------------------------------------
  clock clk (rise edge)                                   0.00       0.00
  clock network delay (ideal)                             0.00       0.00
  input external delay                                    0.25       0.25 r
  w58[0] (in)                                             0.00 @     0.25 r
  U134/ZN (INVD3BWP)                                      0.06 @     0.31 f
  U13650/ZN (NR2D0BWP)                                    0.05 @     0.35 r
  mult_168_2/S1_2_0/CO (FA1D0BWP)                         0.08 &     0.44 r
  mult_168_2/S1_3_0/CO (FA1D0BWP)                         0.07 &     0.50 r
  mult_168_2/S1_4_0/CO (FA1D0BWP)                         0.07 &     0.57 r
  mult_168_2/S1_5_0/CO (FA1D0BWP)                         0.07 &     0.64 r
  mult_168_2/S1_6_0/CO (FA1D0BWP)                         0.07 &     0.70 r
  mult_168_2/S1_7_0/CO (FA1D0BWP)                         0.07 &     0.77 r
  mult_168_2/S1_8_0/CO (FA1D0BWP)                         0.07 &     0.84 r
  mult_168_2/S1_9_0/CO (FA1D0BWP)                         0.07 &     0.90 r
  mult_168_2/S1_10_0/CO (FA1D0BWP)                        0.07 &     0.97 r
  mult_168_2/S1_11_0/CO (FA1D0BWP)                        0.07 &     1.04 r
  mult_168_2/S1_12_0/CO (FA1D0BWP)                        0.07 &     1.10 r
  mult_168_2/S1_13_0/CO (FA1D0BWP)                        0.07 &     1.17 r
  mult_168_2/S4_0/CO (FA1D0BWP)                           0.07 &     1.24 r
  U3403/Z (XOR2D0BWP)                                     0.05 &     1.29 f
  U14035/ZN (NR2D0BWP)                                    0.03 &     1.32 r
  U12225/ZN (CKND0BWP)                                    0.02 &     1.33 f
  U12224/ZN (AOI21D0BWP)                                  0.04 &     1.37 r
  U12339/ZN (OAI21D0BWP)                                  0.03 &     1.41 f
  U3387/Z (XOR2D0BWP)                                     0.09 &     1.50 r
  U32/Z (XOR2D0BWP)                                       0.06 &     1.55 f
  U34/Z (XOR2D0BWP)                                       0.08 &     1.63 r
  add_0_root_add_0_root_add_168_3/U1_17/CO (FA1D0BWP)     0.08 &     1.71 r
  add_0_root_add_0_root_add_168_3/U1_18/CO (FA1D0BWP)     0.04 &     1.75 r
  add_0_root_add_0_root_add_168_3/U1_19/S (FA1D0BWP)      0.04 &     1.79 r
  out0_node2_reg[19]/D (EDFQD1BWP)                        0.00 &     1.79 r
  data arrival time                                                  1.79

  clock clk (rise edge)                                   2.00       2.00
  clock network delay (propagated)                        0.08       2.08
  clock uncertainty                                      -0.15       1.93
  out0_node2_reg[19]/CP (EDFQD1BWP)                       0.00       1.93 r
  library setup time                                     -0.03       1.89
  data required time                                                 1.89
  --------------------------------------------------------------------------
  data required time                                                 1.89
  data arrival time                                                 -1.79
  --------------------------------------------------------------------------
  slack (MET)                                                        0.10


  Startpoint: w58[0] (input port clocked by clk)
  Endpoint: out0_node2_reg[18]
            (rising edge-triggered flip-flop clocked by clk)
  Path Group: clk
  Path Type: max

  Point                                                   Incr       Path
  --------------------------------------------------------------------------
  clock clk (rise edge)                                   0.00       0.00
  clock network delay (ideal)                             0.00       0.00
  input external delay                                    0.25       0.25 r
  w58[0] (in)                                             0.00 @     0.25 r
  U134/ZN (INVD3BWP)                                      0.06 @     0.31 f
  U13650/ZN (NR2D0BWP)                                    0.05 @     0.35 r
  mult_168_2/S1_2_0/CO (FA1D0BWP)                         0.08 &     0.44 r
  mult_168_2/S1_3_0/CO (FA1D0BWP)                         0.07 &     0.50 r
  mult_168_2/S1_4_0/CO (FA1D0BWP)                         0.07 &     0.57 r
  mult_168_2/S1_5_0/CO (FA1D0BWP)                         0.07 &     0.64 r
  mult_168_2/S1_6_0/CO (FA1D0BWP)                         0.07 &     0.70 r
  mult_168_2/S1_7_0/CO (FA1D0BWP)                         0.07 &     0.77 r
  mult_168_2/S1_8_0/CO (FA1D0BWP)                         0.07 &     0.84 r
  mult_168_2/S1_9_0/CO (FA1D0BWP)                         0.07 &     0.90 r
  mult_168_2/S1_10_0/CO (FA1D0BWP)                        0.07 &     0.97 r
  mult_168_2/S1_11_0/CO (FA1D0BWP)                        0.07 &     1.04 r
  mult_168_2/S1_12_0/CO (FA1D0BWP)                        0.07 &     1.10 r
  mult_168_2/S1_13_0/CO (FA1D0BWP)                        0.07 &     1.17 r
  mult_168_2/S4_0/CO (FA1D0BWP)                           0.07 &     1.24 r
  U3403/Z (XOR2D0BWP)                                     0.05 &     1.29 f
  U14035/ZN (NR2D0BWP)                                    0.03 &     1.32 r
  U12045/ZN (NR2XD0BWP)                                   0.02 &     1.34 f
  U3399/Z (XOR2D0BWP)                                     0.06 &     1.40 f
  add_1_root_add_0_root_add_168_3/U1_15/CO (FA1D1BWP)     0.07 &     1.47 f
  U104/ZN (CKND2D0BWP)                                    0.02 &     1.49 r
  U44/ZN (ND3D0BWP)                                       0.04 &     1.53 f
  U38/ZN (ND2D0BWP)                                       0.02 &     1.55 r
  U42/ZN (ND3D0BWP)                                       0.03 &     1.58 f
  add_1_root_add_0_root_add_168_3/U1_18/S (FA1D0BWP)      0.05 &     1.63 r
  U918/Z (BUFFD1BWP)                                      0.04 &     1.67 r
  add_0_root_add_0_root_add_168_3/U1_18/S (FA1D0BWP)      0.11 &     1.78 r
  out0_node2_reg[18]/D (EDFQD1BWP)                        0.00 &     1.78 r
  data arrival time                                                  1.78

  clock clk (rise edge)                                   2.00       2.00
  clock network delay (propagated)                        0.08       2.08
  clock uncertainty                                      -0.15       1.93
  out0_node2_reg[18]/CP (EDFQD1BWP)                       0.00       1.93 r
  library setup time                                     -0.04       1.89
  data required time                                                 1.89
  --------------------------------------------------------------------------
  data required time                                                 1.89
  data arrival time                                                 -1.78
  --------------------------------------------------------------------------
  slack (MET)                                                        0.11


  Startpoint: w68[1] (input port clocked by clk)
  Endpoint: out0_node0_reg[18]
            (rising edge-triggered flip-flop clocked by clk)
  Path Group: clk
  Path Type: max

  Point                                                   Incr       Path
  --------------------------------------------------------------------------
  clock clk (rise edge)                                   0.00       0.00
  clock network delay (ideal)                             0.00       0.00
  input external delay                                    0.25       0.25 r
  w68[1] (in)                                             0.00 @     0.25 r
  U95/ZN (INVD2BWP)                                       0.04 @     0.29 f
  U14017/ZN (NR3D0BWP)                                    0.04 @     0.33 r
  mult_160_3/S1_2_0/CO (FA1D0BWP)                         0.07 &     0.41 r
  mult_160_3/S1_3_0/CO (FA1D0BWP)                         0.07 &     0.48 r
  mult_160_3/S1_4_0/CO (FA1D0BWP)                         0.07 &     0.55 r
  mult_160_3/S1_5_0/CO (FA1D0BWP)                         0.07 &     0.62 r
  mult_160_3/S1_6_0/CO (FA1D0BWP)                         0.07 &     0.68 r
  mult_160_3/S1_7_0/CO (FA1D0BWP)                         0.07 &     0.75 r
  mult_160_3/S1_8_0/CO (FA1D0BWP)                         0.07 &     0.82 r
  mult_160_3/S1_9_0/CO (FA1D0BWP)                         0.07 &     0.89 r
  mult_160_3/S1_10_0/CO (FA1D0BWP)                        0.07 &     0.96 r
  mult_160_3/S1_11_0/CO (FA1D0BWP)                        0.07 &     1.03 r
  mult_160_3/S1_12_0/CO (FA1D0BWP)                        0.07 &     1.10 r
  mult_160_3/S1_13_0/CO (FA1D0BWP)                        0.07 &     1.17 r
  mult_160_3/S4_0/CO (FA1D0BWP)                           0.07 &     1.24 r
  U3134/Z (XOR2D0BWP)                                     0.05 &     1.29 f
  U14031/Z (CKAN2D0BWP)                                   0.03 &     1.32 f
  U12032/ZN (NR2D0BWP)                                    0.02 &     1.34 r
  U3130/Z (XOR2D0BWP)                                     0.08 &     1.42 r
  add_2_root_add_0_root_add_160_3/U1_15/S (FA1D0BWP)      0.09 &     1.50 f
  U898/Z (BUFFD1BWP)                                      0.04 &     1.54 f
  add_0_root_add_0_root_add_160_3/U1_15/CO (FA1D0BWP)     0.08 &     1.62 f
  add_0_root_add_0_root_add_160_3/U1_16/CO (FA1D0BWP)     0.04 &     1.66 f
  add_0_root_add_0_root_add_160_3/U1_17/CO (FA1D0BWP)     0.04 &     1.70 f
  add_0_root_add_0_root_add_160_3/U1_18/S (FA1D0BWP)      0.08 &     1.78 r
  out0_node0_reg[18]/D (EDFQD1BWP)                        0.00 &     1.78 r
  data arrival time                                                  1.78

  clock clk (rise edge)                                   2.00       2.00
  clock network delay (propagated)                        0.08       2.08
  clock uncertainty                                      -0.15       1.93
  out0_node0_reg[18]/CP (EDFQD1BWP)                       0.00       1.93 r
  library setup time                                     -0.04       1.89
  data required time                                                 1.89
  --------------------------------------------------------------------------
  data required time                                                 1.89
  data arrival time                                                 -1.78
  --------------------------------------------------------------------------
  slack (MET)                                                        0.11


  Startpoint: w79[1] (input port clocked by clk)
  Endpoint: out1_node0_reg[18]
            (rising edge-triggered flip-flop clocked by clk)
  Path Group: clk
  Path Type: max

  Point                                                   Incr       Path
  --------------------------------------------------------------------------
  clock clk (rise edge)                                   0.00       0.00
  clock network delay (ideal)                             0.00       0.00
  input external delay                                    0.25       0.25 r
  w79[1] (in)                                             0.00 @     0.25 r
  U13/ZN (INVD2BWP)                                       0.04 @     0.29 f
  U14428/ZN (NR2D0BWP)                                    0.04 @     0.33 r
  mult_161_4/S2_2_1/CO (FA1D0BWP)                         0.08 &     0.42 r
  mult_161_4/S2_3_1/CO (FA1D0BWP)                         0.07 &     0.49 r
  mult_161_4/S2_4_1/CO (FA1D0BWP)                         0.07 &     0.56 r
  mult_161_4/S2_5_1/CO (FA1D0BWP)                         0.07 &     0.63 r
  mult_161_4/S2_6_1/CO (FA1D0BWP)                         0.07 &     0.70 r
  mult_161_4/S2_7_1/CO (FA1D0BWP)                         0.07 &     0.76 r
  mult_161_4/S2_8_1/CO (FA1D0BWP)                         0.07 &     0.83 r
  mult_161_4/S2_9_1/CO (FA1D0BWP)                         0.07 &     0.90 r
  mult_161_4/S2_10_1/CO (FA1D0BWP)                        0.07 &     0.97 r
  mult_161_4/S2_11_1/CO (FA1D0BWP)                        0.07 &     1.04 r
  mult_161_4/S2_12_1/CO (FA1D0BWP)                        0.07 &     1.11 r
  mult_161_4/S2_13_1/CO (FA1D0BWP)                        0.07 &     1.17 r
  mult_161_4/S4_1/S (FA1D0BWP)                            0.07 &     1.25 r
  U3992/Z (XOR2D0BWP)                                     0.04 &     1.29 f
  U14408/ZN (NR2D0BWP)                                    0.03 &     1.32 r
  U12067/ZN (NR2D0BWP)                                    0.02 &     1.34 f
  U3988/Z (XOR2D0BWP)                                     0.06 &     1.39 r
  add_1_root_add_0_root_add_161_3/U1_15/CO (FA1D0BWP)     0.07 &     1.46 r
  add_1_root_add_0_root_add_161_3/U1_16/S (FA1D0BWP)      0.07 &     1.53 f
  add_0_root_add_0_root_add_161_3/U1_16/CO (FA1D2BWP)     0.08 &     1.61 f
  U972/ZN (CKND2D0BWP)                                    0.02 &     1.64 r
  U975/ZN (ND3D1BWP)                                      0.05 &     1.69 f
  add_0_root_add_0_root_add_161_3/U1_18/S (FA1D1BWP)      0.09 @     1.78 r
  out1_node0_reg[18]/D (EDFQD1BWP)                        0.00 @     1.78 r
  data arrival time                                                  1.78

  clock clk (rise edge)                                   2.00       2.00
  clock network delay (propagated)                        0.08       2.08
  clock uncertainty                                      -0.15       1.93
  out1_node0_reg[18]/CP (EDFQD1BWP)                       0.00       1.93 r
  library setup time                                     -0.04       1.89
  data required time                                                 1.89
  --------------------------------------------------------------------------
  data required time                                                 1.89
  data arrival time                                                 -1.78
  --------------------------------------------------------------------------
  slack (MET)                                                        0.11


  Startpoint: w68[0] (input port clocked by clk)
  Endpoint: out0_node1_reg[19]
            (rising edge-triggered flip-flop clocked by clk)
  Path Group: clk
  Path Type: max

  Point                                                   Incr       Path
  --------------------------------------------------------------------------
  clock clk (rise edge)                                   0.00       0.00
  clock network delay (ideal)                             0.00       0.00
  input external delay                                    0.25       0.25 r
  w68[0] (in)                                             0.00 @     0.25 r
  U91/ZN (INVD2BWP)                                       0.04 @     0.29 f
  U13754/ZN (NR2D0BWP)                                    0.04 @     0.33 r
  mult_164_3/S1_2_0/CO (FA1D0BWP)                         0.08 &     0.41 r
  mult_164_3/S1_3_0/CO (FA1D0BWP)                         0.07 &     0.48 r
  mult_164_3/S1_4_0/CO (FA1D0BWP)                         0.07 &     0.55 r
  mult_164_3/S1_5_0/CO (FA1D0BWP)                         0.07 &     0.62 r
  mult_164_3/S1_6_0/CO (FA1D0BWP)                         0.07 &     0.69 r
  mult_164_3/S1_7_0/CO (FA1D0BWP)                         0.07 &     0.76 r
  mult_164_3/S1_8_0/CO (FA1D0BWP)                         0.07 &     0.82 r
  mult_164_3/S1_9_0/CO (FA1D0BWP)                         0.07 &     0.89 r
  mult_164_3/S1_10_0/CO (FA1D0BWP)                        0.07 &     0.96 r
  mult_164_3/S1_11_0/CO (FA1D0BWP)                        0.07 &     1.02 r
  mult_164_3/S1_12_0/CO (FA1D0BWP)                        0.07 &     1.09 r
  mult_164_3/S1_13_0/CO (FA1D0BWP)                        0.07 &     1.16 r
  mult_164_3/S4_0/S (FA1D0BWP)                            0.07 &     1.23 f
  U3804/Z (XOR2D0BWP)                                     0.05 &     1.28 r
  U14506/ZN (INR2D0BWP)                                   0.04 &     1.33 r
  U12208/ZN (AOI21D0BWP)                                  0.03 &     1.36 f
  U3789/Z (XOR2D0BWP)                                     0.07 &     1.43 r
  add_2_root_add_0_root_add_164_3/U1_16/S (FA1D0BWP)      0.08 &     1.51 f
  U902/Z (CKBD0BWP)                                       0.05 &     1.56 f
  add_0_root_add_0_root_add_164_3/U1_16/CO (FA1D0BWP)     0.08 &     1.64 f
  add_0_root_add_0_root_add_164_3/U1_17/CO (FA1D0BWP)     0.04 &     1.68 f
  add_0_root_add_0_root_add_164_3/U1_18/CO (FA1D0BWP)     0.04 &     1.72 f
  add_0_root_add_0_root_add_164_3/U1_19/S (FA1D0BWP)      0.06 &     1.78 r
  out0_node1_reg[19]/D (EDFQD1BWP)                        0.00 &     1.78 r
  data arrival time                                                  1.78

  clock clk (rise edge)                                   2.00       2.00
  clock network delay (propagated)                        0.08       2.08
  clock uncertainty                                      -0.15       1.93
  out0_node1_reg[19]/CP (EDFQD1BWP)                       0.00       1.93 r
  library setup time                                     -0.04       1.89
  data required time                                                 1.89
  --------------------------------------------------------------------------
  data required time                                                 1.89
  data arrival time                                                 -1.78
  --------------------------------------------------------------------------
  slack (MET)                                                        0.11


  Startpoint: w79[0] (input port clocked by clk)
  Endpoint: out1_node3_reg[19]
            (rising edge-triggered flip-flop clocked by clk)
  Path Group: clk
  Path Type: max

  Point                                                   Incr       Path
  --------------------------------------------------------------------------
  clock clk (rise edge)                                   0.00       0.00
  clock network delay (ideal)                             0.00       0.00
  input external delay                                    0.25       0.25 r
  w79[0] (in)                                             0.00 @     0.25 r
  U9/ZN (INVD2BWP)                                        0.04 @     0.29 f
  U13895/ZN (NR2D0BWP)                                    0.04 @     0.33 r
  mult_173_4/S1_2_0/CO (FA1D0BWP)                         0.08 &     0.41 r
  mult_173_4/S1_3_0/CO (FA1D0BWP)                         0.07 &     0.48 r
  mult_173_4/S1_4_0/CO (FA1D0BWP)                         0.07 &     0.55 r
  mult_173_4/S1_5_0/CO (FA1D0BWP)                         0.07 &     0.62 r
  mult_173_4/S1_6_0/CO (FA1D0BWP)                         0.07 &     0.69 r
  mult_173_4/S1_7_0/CO (FA1D0BWP)                         0.07 &     0.76 r
  mult_173_4/S1_8_0/CO (FA1D0BWP)                         0.07 &     0.83 r
  mult_173_4/S1_9_0/CO (FA1D0BWP)                         0.07 &     0.90 r
  mult_173_4/S1_10_0/CO (FA1D0BWP)                        0.07 &     0.97 r
  mult_173_4/S1_11_0/CO (FA1D0BWP)                        0.07 &     1.04 r
  mult_173_4/S1_12_0/CO (FA1D0BWP)                        0.07 &     1.11 r
  mult_173_4/S1_13_0/CO (FA1D0BWP)                        0.07 &     1.18 r
  mult_173_4/S4_0/S (FA1D0BWP)                            0.07 &     1.25 f
  U4300/Z (XOR2D0BWP)                                     0.06 &     1.31 r
  U14670/ZN (INR2D0BWP)                                   0.05 &     1.35 r
  U12253/ZN (AOI21D0BWP)                                  0.03 &     1.38 f
  U12350/ZN (OAI21D0BWP)                                  0.04 &     1.42 r
  U4277/Z (XOR2D0BWP)                                     0.06 &     1.49 f
  add_1_root_add_0_root_add_173_3/U1_17/CO (FA1D0BWP)     0.07 &     1.55 f
  add_1_root_add_0_root_add_173_3/U1_18/S (FA1D0BWP)      0.05 &     1.61 r
  U10/Z (BUFFD1BWP)                                       0.05 &     1.66 r
  add_0_root_add_0_root_add_173_3/U1_18/CO (FA1D0BWP)     0.07 &     1.73 r
  add_0_root_add_0_root_add_173_3/U1_19/S (FA1D0BWP)      0.05 &     1.78 r
  out1_node3_reg[19]/D (EDFQD1BWP)                        0.00 &     1.78 r
  data arrival time                                                  1.78

  clock clk (rise edge)                                   2.00       2.00
  clock network delay (propagated)                        0.08       2.08
  clock uncertainty                                      -0.15       1.93
  out1_node3_reg[19]/CP (EDFQD1BWP)                       0.00       1.93 r
  library setup time                                     -0.04       1.89
  data required time                                                 1.89
  --------------------------------------------------------------------------
  data required time                                                 1.89
  data arrival time                                                 -1.78
  --------------------------------------------------------------------------
  slack (MET)                                                        0.12


  Startpoint: w58[0] (input port clocked by clk)
  Endpoint: out0_node3_reg[19]
            (rising edge-triggered flip-flop clocked by clk)
  Path Group: clk
  Path Type: max

  Point                                                   Incr       Path
  --------------------------------------------------------------------------
  clock clk (rise edge)                                   0.00       0.00
  clock network delay (ideal)                             0.00       0.00
  input external delay                                    0.25       0.25 r
  w58[0] (in)                                             0.00 @     0.25 r
  U134/ZN (INVD3BWP)                                      0.06 @     0.31 f
  U13588/ZN (NR2D0BWP)                                    0.05 @     0.35 r
  mult_172_2/S1_2_0/CO (FA1D0BWP)                         0.08 &     0.43 r
  mult_172_2/S1_3_0/CO (FA1D0BWP)                         0.07 &     0.50 r
  mult_172_2/S1_4_0/CO (FA1D0BWP)                         0.07 &     0.57 r
  mult_172_2/S1_5_0/CO (FA1D0BWP)                         0.07 &     0.63 r
  mult_172_2/S1_6_0/CO (FA1D0BWP)                         0.07 &     0.70 r
  mult_172_2/S1_7_0/CO (FA1D0BWP)                         0.07 &     0.77 r
  mult_172_2/S1_8_0/CO (FA1D0BWP)                         0.07 &     0.84 r
  mult_172_2/S1_9_0/CO (FA1D0BWP)                         0.07 &     0.91 r
  mult_172_2/S1_10_0/CO (FA1D0BWP)                        0.07 &     0.98 r
  mult_172_2/S1_11_0/CO (FA1D0BWP)                        0.07 &     1.05 r
  mult_172_2/S1_12_0/CO (FA1D0BWP)                        0.07 &     1.11 r
  mult_172_2/S1_13_0/CO (FA1D0BWP)                        0.07 &     1.18 r
  mult_172_2/S4_0/CO (FA1D0BWP)                           0.06 &     1.25 r
  U2918/Z (XOR2D0BWP)                                     0.05 &     1.29 f
  U13586/Z (AN2D0BWP)                                     0.03 &     1.32 f
  U12021/ZN (NR2D0BWP)                                    0.03 &     1.35 r
  U949/ZN (CKND0BWP)                                      0.02 &     1.36 f
  U945/ZN (CKND2D0BWP)                                    0.02 &     1.38 r
  U947/ZN (CKND2D1BWP)                                    0.03 &     1.42 f
  add_1_root_add_0_root_add_172_3/U1_15/CO (FA1D1BWP)     0.07 &     1.49 f
  add_1_root_add_0_root_add_172_3/U1_16/CO (FA1D1BWP)     0.03 &     1.52 f
  add_1_root_add_0_root_add_172_3/U1_17/CO (FA1D1BWP)     0.03 &     1.55 f
  add_1_root_add_0_root_add_172_3/U1_18/S (FA1D0BWP)      0.05 &     1.60 r
  U921/Z (BUFFD1BWP)                                      0.05 &     1.65 r
  add_0_root_add_0_root_add_172_3/U1_18/CO (FA1D0BWP)     0.08 &     1.72 r
  add_0_root_add_0_root_add_172_3/U1_19/S (FA1D0BWP)      0.05 &     1.77 r
  out0_node3_reg[19]/D (EDFQD1BWP)                        0.00 &     1.77 r
  data arrival time                                                  1.77

  clock clk (rise edge)                                   2.00       2.00
  clock network delay (propagated)                        0.07       2.07
  clock uncertainty                                      -0.15       1.92
  out0_node3_reg[19]/CP (EDFQD1BWP)                       0.00       1.92 r
  library setup time                                     -0.04       1.89
  data required time                                                 1.89
  --------------------------------------------------------------------------
  data required time                                                 1.89
  data arrival time                                                 -1.77
  --------------------------------------------------------------------------
  slack (MET)                                                        0.12


  Startpoint: w69[1] (input port clocked by clk)
  Endpoint: out1_node1_reg[19]
            (rising edge-triggered flip-flop clocked by clk)
  Path Group: clk
  Path Type: max

  Point                                                   Incr       Path
  --------------------------------------------------------------------------
  clock clk (rise edge)                                   0.00       0.00
  clock network delay (ideal)                             0.00       0.00
  input external delay                                    0.25       0.25 r
  w69[1] (in)                                             0.00 @     0.25 r
  U49/ZN (CKND2BWP)                                       0.06 @     0.31 f
  U13960/ZN (NR3D0BWP)                                    0.05 @     0.36 r
  mult_165_3/S1_2_0/CO (FA1D0BWP)                         0.08 &     0.44 r
  mult_165_3/S1_3_0/CO (FA1D0BWP)                         0.07 &     0.50 r
  mult_165_3/S1_4_0/CO (FA1D0BWP)                         0.07 &     0.57 r
  mult_165_3/S1_5_0/CO (FA1D0BWP)                         0.07 &     0.64 r
  mult_165_3/S1_6_0/CO (FA1D0BWP)                         0.07 &     0.70 r
  mult_165_3/S1_7_0/CO (FA1D0BWP)                         0.07 &     0.77 r
  mult_165_3/S1_8_0/CO (FA1D0BWP)                         0.07 &     0.84 r
  mult_165_3/S1_9_0/CO (FA1D0BWP)                         0.07 &     0.90 r
  mult_165_3/S1_10_0/CO (FA1D0BWP)                        0.07 &     0.97 r
  mult_165_3/S1_11_0/CO (FA1D0BWP)                        0.07 &     1.04 r
  mult_165_3/S1_12_0/CO (FA1D0BWP)                        0.07 &     1.10 r
  mult_165_3/S1_13_0/CO (FA1D0BWP)                        0.07 &     1.17 r
  mult_165_3/S4_0/S (FA1D0BWP)                            0.07 &     1.25 f
  U3572/Z (XOR2D0BWP)                                     0.05 &     1.30 f
  U3570/ZN (XNR2D0BWP)                                    0.06 &     1.36 r
  add_2_root_add_0_root_add_165_3/U1_14/S (FA1D0BWP)      0.10 &     1.46 f
  add_0_root_add_0_root_add_165_3/U1_14/CO (FA1D0BWP)     0.09 &     1.55 f
  add_0_root_add_0_root_add_165_3/U1_15/CO (FA1D0BWP)     0.04 &     1.59 f
  add_0_root_add_0_root_add_165_3/U1_16/CO (FA1D0BWP)     0.04 &     1.63 f
  add_0_root_add_0_root_add_165_3/U1_17/CO (FA1D0BWP)     0.04 &     1.67 f
  add_0_root_add_0_root_add_165_3/U1_18/CO (FA1D0BWP)     0.04 &     1.71 f
  add_0_root_add_0_root_add_165_3/U1_19/S (FA1D0BWP)      0.05 &     1.76 r
  out1_node1_reg[19]/D (EDFQD1BWP)                        0.00 &     1.76 r
  data arrival time                                                  1.76

  clock clk (rise edge)                                   2.00       2.00
  clock network delay (propagated)                        0.07       2.07
  clock uncertainty                                      -0.15       1.92
  out1_node1_reg[19]/CP (EDFQD1BWP)                       0.00       1.92 r
  library setup time                                     -0.03       1.89
  data required time                                                 1.89
  --------------------------------------------------------------------------
  data required time                                                 1.89
  data arrival time                                                 -1.76
  --------------------------------------------------------------------------
  slack (MET)                                                        0.13


1
