Information: linking reference library : /cae/apps/data/tsmclibs-2013/digital/Back_End/milkyway/tcbn45gsbwp_120a/frame_only_HVH_0d5_0/tcbn45gsbwp. (PSYN-878)
Warning: The 'PCLAMP1ANA' cell in the 'tpfn45gsgv18tc' technology library is being 
	marked as "dont_use". (PSYN-039)
Warning: The 'PCLAMP1ANA' cell in the 'tpfn45gsgv18tc' technology library does not 
	have corresponding physical cell description. (PSYN-024)
Warning: The 'PCLAMP2ANA' cell in the 'tpfn45gsgv18tc' technology library is being 
	marked as "dont_use". (PSYN-039)
Warning: The 'PCLAMP2ANA' cell in the 'tpfn45gsgv18tc' technology library does not 
	have corresponding physical cell description. (PSYN-024)
Warning: The 'PDB02DGZ' cell in the 'tpfn45gsgv18tc' technology library is being 
	marked as "dont_use". (PSYN-039)
Warning: The 'PDB02DGZ' cell in the 'tpfn45gsgv18tc' technology library does not 
	have corresponding physical cell description. (PSYN-024)
Warning: The 'PDB02SDGZ' cell in the 'tpfn45gsgv18tc' technology library is being 
	marked as "dont_use". (PSYN-039)
Warning: The 'PDB02SDGZ' cell in the 'tpfn45gsgv18tc' technology library does not 
	have corresponding physical cell description. (PSYN-024)
Warning: The 'PDB04DGZ' cell in the 'tpfn45gsgv18tc' technology library is being 
	marked as "dont_use". (PSYN-039)
Warning: The 'PDB04DGZ' cell in the 'tpfn45gsgv18tc' technology library does not 
	have corresponding physical cell description. (PSYN-024)
Warning: The 'PDB04SDGZ' cell in the 'tpfn45gsgv18tc' technology library is being 
	marked as "dont_use". (PSYN-039)
Warning: The 'PDB04SDGZ' cell in the 'tpfn45gsgv18tc' technology library does not 
	have corresponding physical cell description. (PSYN-024)
Warning: The 'PDB08DGZ' cell in the 'tpfn45gsgv18tc' technology library is being 
	marked as "dont_use". (PSYN-039)
Warning: The 'PDB08DGZ' cell in the 'tpfn45gsgv18tc' technology library does not 
	have corresponding physical cell description. (PSYN-024)
Warning: The 'PDB08SDGZ' cell in the 'tpfn45gsgv18tc' technology library is being 
	marked as "dont_use". (PSYN-039)
Warning: The 'PDB08SDGZ' cell in the 'tpfn45gsgv18tc' technology library does not 
	have corresponding physical cell description. (PSYN-024)
Warning: The 'PDB12DGZ' cell in the 'tpfn45gsgv18tc' technology library is being 
	marked as "dont_use". (PSYN-039)
Warning: The 'PDB12DGZ' cell in the 'tpfn45gsgv18tc' technology library does not 
	have corresponding physical cell description. (PSYN-024)
Warning: The 'PDB12SDGZ' cell in the 'tpfn45gsgv18tc' technology library is being 
	marked as "dont_use". (PSYN-039)
Warning: The 'PDB12SDGZ' cell in the 'tpfn45gsgv18tc' technology library does not 
	have corresponding physical cell description. (PSYN-024)
Warning: The 'PDB16DGZ' cell in the 'tpfn45gsgv18tc' technology library is being 
	marked as "dont_use". (PSYN-039)
Warning: The 'PDB16DGZ' cell in the 'tpfn45gsgv18tc' technology library does not 
	have corresponding physical cell description. (PSYN-024)
Warning: The 'PDB16SDGZ' cell in the 'tpfn45gsgv18tc' technology library is being 
	marked as "dont_use". (PSYN-039)
Warning: The 'PDB16SDGZ' cell in the 'tpfn45gsgv18tc' technology library does not 
	have corresponding physical cell description. (PSYN-024)
Warning: The 'PDB24DGZ' cell in the 'tpfn45gsgv18tc' technology library is being 
	marked as "dont_use". (PSYN-039)
Warning: The 'PDB24DGZ' cell in the 'tpfn45gsgv18tc' technology library does not 
	have corresponding physical cell description. (PSYN-024)
Warning: The 'PDB24SDGZ' cell in the 'tpfn45gsgv18tc' technology library is being 
	marked as "dont_use". (PSYN-039)
Warning: The 'PDB24SDGZ' cell in the 'tpfn45gsgv18tc' technology library does not 
	have corresponding physical cell description. (PSYN-024)
Warning: The 'PDD02DGZ' cell in the 'tpfn45gsgv18tc' technology library is being 
	marked as "dont_use". (PSYN-039)
Warning: The 'PDD02DGZ' cell in the 'tpfn45gsgv18tc' technology library does not 
	have corresponding physical cell description. (PSYN-024)
Warning: The 'PDD02SDGZ' cell in the 'tpfn45gsgv18tc' technology library is being 
	marked as "dont_use". (PSYN-039)
Warning: The 'PDD02SDGZ' cell in the 'tpfn45gsgv18tc' technology library does not 
	have corresponding physical cell description. (PSYN-024)
Warning: The 'PDD04DGZ' cell in the 'tpfn45gsgv18tc' technology library is being 
	marked as "dont_use". (PSYN-039)
Warning: The 'PDD04DGZ' cell in the 'tpfn45gsgv18tc' technology library does not 
	have corresponding physical cell description. (PSYN-024)
Warning: The 'PDD04SDGZ' cell in the 'tpfn45gsgv18tc' technology library is being 
	marked as "dont_use". (PSYN-039)
Warning: The 'PDD04SDGZ' cell in the 'tpfn45gsgv18tc' technology library does not 
	have corresponding physical cell description. (PSYN-024)
Warning: The 'PDD08DGZ' cell in the 'tpfn45gsgv18tc' technology library is being 
	marked as "dont_use". (PSYN-039)
Warning: The 'PDD08DGZ' cell in the 'tpfn45gsgv18tc' technology library does not 
	have corresponding physical cell description. (PSYN-024)
Warning: The 'PDD08SDGZ' cell in the 'tpfn45gsgv18tc' technology library is being 
	marked as "dont_use". (PSYN-039)
Warning: The 'PDD08SDGZ' cell in the 'tpfn45gsgv18tc' technology library does not 
	have corresponding physical cell description. (PSYN-024)
Warning: The 'PDD12DGZ' cell in the 'tpfn45gsgv18tc' technology library is being 
	marked as "dont_use". (PSYN-039)
Warning: The 'PDD12DGZ' cell in the 'tpfn45gsgv18tc' technology library does not 
	have corresponding physical cell description. (PSYN-024)
Warning: The 'PDD12SDGZ' cell in the 'tpfn45gsgv18tc' technology library is being 
	marked as "dont_use". (PSYN-039)
Warning: The 'PDD12SDGZ' cell in the 'tpfn45gsgv18tc' technology library does not 
	have corresponding physical cell description. (PSYN-024)
Warning: The 'PDD16DGZ' cell in the 'tpfn45gsgv18tc' technology library is being 
	marked as "dont_use". (PSYN-039)
Warning: The 'PDD16DGZ' cell in the 'tpfn45gsgv18tc' technology library does not 
	have corresponding physical cell description. (PSYN-024)
Warning: The 'PDD16SDGZ' cell in the 'tpfn45gsgv18tc' technology library is being 
	marked as "dont_use". (PSYN-039)
Warning: The 'PDD16SDGZ' cell in the 'tpfn45gsgv18tc' technology library does not 
	have corresponding physical cell description. (PSYN-024)
Warning: The 'PDD24DGZ' cell in the 'tpfn45gsgv18tc' technology library is being 
	marked as "dont_use". (PSYN-039)
Warning: The 'PDD24DGZ' cell in the 'tpfn45gsgv18tc' technology library does not 
	have corresponding physical cell description. (PSYN-024)
Warning: The 'PDD24SDGZ' cell in the 'tpfn45gsgv18tc' technology library is being 
	marked as "dont_use". (PSYN-039)
Warning: The 'PDD24SDGZ' cell in the 'tpfn45gsgv18tc' technology library does not 
	have corresponding physical cell description. (PSYN-024)
Warning: The 'PDDDGZ' cell in the 'tpfn45gsgv18tc' technology library is being 
	marked as "dont_use". (PSYN-039)
Warning: The 'PDDDGZ' cell in the 'tpfn45gsgv18tc' technology library does not 
	have corresponding physical cell description. (PSYN-024)
Warning: The 'PDDSDGZ' cell in the 'tpfn45gsgv18tc' technology library is being 
	marked as "dont_use". (PSYN-039)
Warning: The 'PDDSDGZ' cell in the 'tpfn45gsgv18tc' technology library does not 
	have corresponding physical cell description. (PSYN-024)
Warning: The 'PDDW02DGZ' cell in the 'tpfn45gsgv18tc' technology library is being 
	marked as "dont_use". (PSYN-039)
Warning: The 'PDDW02DGZ' cell in the 'tpfn45gsgv18tc' technology library does not 
	have corresponding physical cell description. (PSYN-024)
Warning: The 'PDDW04DGZ' cell in the 'tpfn45gsgv18tc' technology library is being 
	marked as "dont_use". (PSYN-039)
Warning: The 'PDDW04DGZ' cell in the 'tpfn45gsgv18tc' technology library does not 
	have corresponding physical cell description. (PSYN-024)
Warning: The 'PDDW08DGZ' cell in the 'tpfn45gsgv18tc' technology library is being 
	marked as "dont_use". (PSYN-039)
Warning: The 'PDDW08DGZ' cell in the 'tpfn45gsgv18tc' technology library does not 
	have corresponding physical cell description. (PSYN-024)
Warning: The 'PDDW12DGZ' cell in the 'tpfn45gsgv18tc' technology library is being 
	marked as "dont_use". (PSYN-039)
Warning: The 'PDDW12DGZ' cell in the 'tpfn45gsgv18tc' technology library does not 
	have corresponding physical cell description. (PSYN-024)
Warning: The 'PDDW16DGZ' cell in the 'tpfn45gsgv18tc' technology library is being 
	marked as "dont_use". (PSYN-039)
Warning: The 'PDDW16DGZ' cell in the 'tpfn45gsgv18tc' technology library does not 
	have corresponding physical cell description. (PSYN-024)
Warning: The 'PDDW24DGZ' cell in the 'tpfn45gsgv18tc' technology library is being 
	marked as "dont_use". (PSYN-039)
Warning: The 'PDDW24DGZ' cell in the 'tpfn45gsgv18tc' technology library does not 
	have corresponding physical cell description. (PSYN-024)
Warning: The 'PDDWDGZ' cell in the 'tpfn45gsgv18tc' technology library is being 
	marked as "dont_use". (PSYN-039)
Warning: The 'PDDWDGZ' cell in the 'tpfn45gsgv18tc' technology library does not 
	have corresponding physical cell description. (PSYN-024)
Warning: The 'PDIDGZ' cell in the 'tpfn45gsgv18tc' technology library is being 
	marked as "dont_use". (PSYN-039)
Warning: The 'PDIDGZ' cell in the 'tpfn45gsgv18tc' technology library does not 
	have corresponding physical cell description. (PSYN-024)
Warning: The 'PDISDGZ' cell in the 'tpfn45gsgv18tc' technology library is being 
	marked as "dont_use". (PSYN-039)
Warning: The 'PDISDGZ' cell in the 'tpfn45gsgv18tc' technology library does not 
	have corresponding physical cell description. (PSYN-024)
Warning: The 'PDO02CDG' cell in the 'tpfn45gsgv18tc' technology library is being 
	marked as "dont_use". (PSYN-039)
Warning: The 'PDO02CDG' cell in the 'tpfn45gsgv18tc' technology library does not 
	have corresponding physical cell description. (PSYN-024)
Warning: The 'PDO04CDG' cell in the 'tpfn45gsgv18tc' technology library is being 
	marked as "dont_use". (PSYN-039)
Warning: The 'PDO04CDG' cell in the 'tpfn45gsgv18tc' technology library does not 
	have corresponding physical cell description. (PSYN-024)
Warning: The 'PDO08CDG' cell in the 'tpfn45gsgv18tc' technology library is being 
	marked as "dont_use". (PSYN-039)
Warning: The 'PDO08CDG' cell in the 'tpfn45gsgv18tc' technology library does not 
	have corresponding physical cell description. (PSYN-024)
Warning: The 'PDO12CDG' cell in the 'tpfn45gsgv18tc' technology library is being 
	marked as "dont_use". (PSYN-039)
Warning: The 'PDO12CDG' cell in the 'tpfn45gsgv18tc' technology library does not 
	have corresponding physical cell description. (PSYN-024)
Warning: The 'PDO16CDG' cell in the 'tpfn45gsgv18tc' technology library is being 
	marked as "dont_use". (PSYN-039)
Warning: The 'PDO16CDG' cell in the 'tpfn45gsgv18tc' technology library does not 
	have corresponding physical cell description. (PSYN-024)
Warning: The 'PDO24CDG' cell in the 'tpfn45gsgv18tc' technology library is being 
	marked as "dont_use". (PSYN-039)
Warning: The 'PDO24CDG' cell in the 'tpfn45gsgv18tc' technology library does not 
	have corresponding physical cell description. (PSYN-024)
Warning: The 'PDT02DGZ' cell in the 'tpfn45gsgv18tc' technology library is being 
	marked as "dont_use". (PSYN-039)
Warning: The 'PDT02DGZ' cell in the 'tpfn45gsgv18tc' technology library does not 
	have corresponding physical cell description. (PSYN-024)
Warning: The 'PDT04DGZ' cell in the 'tpfn45gsgv18tc' technology library is being 
	marked as "dont_use". (PSYN-039)
Warning: The 'PDT04DGZ' cell in the 'tpfn45gsgv18tc' technology library does not 
	have corresponding physical cell description. (PSYN-024)
Warning: The 'PDT08DGZ' cell in the 'tpfn45gsgv18tc' technology library is being 
	marked as "dont_use". (PSYN-039)
Warning: The 'PDT08DGZ' cell in the 'tpfn45gsgv18tc' technology library does not 
	have corresponding physical cell description. (PSYN-024)
Warning: The 'PDT12DGZ' cell in the 'tpfn45gsgv18tc' technology library is being 
	marked as "dont_use". (PSYN-039)
Warning: The 'PDT12DGZ' cell in the 'tpfn45gsgv18tc' technology library does not 
	have corresponding physical cell description. (PSYN-024)
Warning: The 'PDT16DGZ' cell in the 'tpfn45gsgv18tc' technology library is being 
	marked as "dont_use". (PSYN-039)
Warning: The 'PDT16DGZ' cell in the 'tpfn45gsgv18tc' technology library does not 
	have corresponding physical cell description. (PSYN-024)
Warning: The 'PDT24DGZ' cell in the 'tpfn45gsgv18tc' technology library is being 
	marked as "dont_use". (PSYN-039)
Warning: The 'PDT24DGZ' cell in the 'tpfn45gsgv18tc' technology library does not 
	have corresponding physical cell description. (PSYN-024)
Warning: The 'PDU02DGZ' cell in the 'tpfn45gsgv18tc' technology library is being 
	marked as "dont_use". (PSYN-039)
Warning: The 'PDU02DGZ' cell in the 'tpfn45gsgv18tc' technology library does not 
	have corresponding physical cell description. (PSYN-024)
Warning: The 'PDU02SDGZ' cell in the 'tpfn45gsgv18tc' technology library is being 
	marked as "dont_use". (PSYN-039)
Warning: The 'PDU02SDGZ' cell in the 'tpfn45gsgv18tc' technology library does not 
	have corresponding physical cell description. (PSYN-024)
Warning: The 'PDU04DGZ' cell in the 'tpfn45gsgv18tc' technology library is being 
	marked as "dont_use". (PSYN-039)
Warning: The 'PDU04DGZ' cell in the 'tpfn45gsgv18tc' technology library does not 
	have corresponding physical cell description. (PSYN-024)
Warning: The 'PDU04SDGZ' cell in the 'tpfn45gsgv18tc' technology library is being 
	marked as "dont_use". (PSYN-039)
Warning: The 'PDU04SDGZ' cell in the 'tpfn45gsgv18tc' technology library does not 
	have corresponding physical cell description. (PSYN-024)
Warning: The 'PDU08DGZ' cell in the 'tpfn45gsgv18tc' technology library is being 
	marked as "dont_use". (PSYN-039)
Warning: The 'PDU08DGZ' cell in the 'tpfn45gsgv18tc' technology library does not 
	have corresponding physical cell description. (PSYN-024)
Warning: The 'PDU08SDGZ' cell in the 'tpfn45gsgv18tc' technology library is being 
	marked as "dont_use". (PSYN-039)
Warning: The 'PDU08SDGZ' cell in the 'tpfn45gsgv18tc' technology library does not 
	have corresponding physical cell description. (PSYN-024)
Warning: The 'PDU12DGZ' cell in the 'tpfn45gsgv18tc' technology library is being 
	marked as "dont_use". (PSYN-039)
Warning: The 'PDU12DGZ' cell in the 'tpfn45gsgv18tc' technology library does not 
	have corresponding physical cell description. (PSYN-024)
Warning: The 'PDU12SDGZ' cell in the 'tpfn45gsgv18tc' technology library is being 
	marked as "dont_use". (PSYN-039)
Warning: The 'PDU12SDGZ' cell in the 'tpfn45gsgv18tc' technology library does not 
	have corresponding physical cell description. (PSYN-024)
Warning: The 'PDU16DGZ' cell in the 'tpfn45gsgv18tc' technology library is being 
	marked as "dont_use". (PSYN-039)
Warning: The 'PDU16DGZ' cell in the 'tpfn45gsgv18tc' technology library does not 
	have corresponding physical cell description. (PSYN-024)
Warning: The 'PDU16SDGZ' cell in the 'tpfn45gsgv18tc' technology library is being 
	marked as "dont_use". (PSYN-039)
Warning: The 'PDU16SDGZ' cell in the 'tpfn45gsgv18tc' technology library does not 
	have corresponding physical cell description. (PSYN-024)
Warning: The 'PDU24DGZ' cell in the 'tpfn45gsgv18tc' technology library is being 
	marked as "dont_use". (PSYN-039)
Warning: The 'PDU24DGZ' cell in the 'tpfn45gsgv18tc' technology library does not 
	have corresponding physical cell description. (PSYN-024)
Warning: The 'PDU24SDGZ' cell in the 'tpfn45gsgv18tc' technology library is being 
	marked as "dont_use". (PSYN-039)
Warning: The 'PDU24SDGZ' cell in the 'tpfn45gsgv18tc' technology library does not 
	have corresponding physical cell description. (PSYN-024)
Warning: The 'PDUDGZ' cell in the 'tpfn45gsgv18tc' technology library is being 
	marked as "dont_use". (PSYN-039)
Warning: The 'PDUDGZ' cell in the 'tpfn45gsgv18tc' technology library does not 
	have corresponding physical cell description. (PSYN-024)
Warning: The 'PDUSDGZ' cell in the 'tpfn45gsgv18tc' technology library is being 
	marked as "dont_use". (PSYN-039)
Warning: The 'PDUSDGZ' cell in the 'tpfn45gsgv18tc' technology library does not 
	have corresponding physical cell description. (PSYN-024)
Warning: The 'PDUW02DGZ' cell in the 'tpfn45gsgv18tc' technology library is being 
	marked as "dont_use". (PSYN-039)
Warning: The 'PDUW02DGZ' cell in the 'tpfn45gsgv18tc' technology library does not 
	have corresponding physical cell description. (PSYN-024)
Warning: The 'PDUW04DGZ' cell in the 'tpfn45gsgv18tc' technology library is being 
	marked as "dont_use". (PSYN-039)
Warning: The 'PDUW04DGZ' cell in the 'tpfn45gsgv18tc' technology library does not 
	have corresponding physical cell description. (PSYN-024)
Warning: The 'PDUW08DGZ' cell in the 'tpfn45gsgv18tc' technology library is being 
	marked as "dont_use". (PSYN-039)
Warning: The 'PDUW08DGZ' cell in the 'tpfn45gsgv18tc' technology library does not 
	have corresponding physical cell description. (PSYN-024)
Warning: The 'PDUW12DGZ' cell in the 'tpfn45gsgv18tc' technology library is being 
	marked as "dont_use". (PSYN-039)
Warning: The 'PDUW12DGZ' cell in the 'tpfn45gsgv18tc' technology library does not 
	have corresponding physical cell description. (PSYN-024)
Warning: The 'PDUW16DGZ' cell in the 'tpfn45gsgv18tc' technology library is being 
	marked as "dont_use". (PSYN-039)
Warning: The 'PDUW16DGZ' cell in the 'tpfn45gsgv18tc' technology library does not 
	have corresponding physical cell description. (PSYN-024)
Warning: The 'PDUW24DGZ' cell in the 'tpfn45gsgv18tc' technology library is being 
	marked as "dont_use". (PSYN-039)
Warning: The 'PDUW24DGZ' cell in the 'tpfn45gsgv18tc' technology library does not 
	have corresponding physical cell description. (PSYN-024)
Warning: The 'PDUWDGZ' cell in the 'tpfn45gsgv18tc' technology library is being 
	marked as "dont_use". (PSYN-039)
Warning: The 'PDUWDGZ' cell in the 'tpfn45gsgv18tc' technology library does not 
	have corresponding physical cell description. (PSYN-024)
Warning: The 'PDXO01DG' cell in the 'tpfn45gsgv18tc' technology library is being 
	marked as "dont_use". (PSYN-039)
Warning: The 'PDXO01DG' cell in the 'tpfn45gsgv18tc' technology library does not 
	have corresponding physical cell description. (PSYN-024)
Warning: The 'PDXO02DG' cell in the 'tpfn45gsgv18tc' technology library is being 
	marked as "dont_use". (PSYN-039)
Warning: The 'PDXO02DG' cell in the 'tpfn45gsgv18tc' technology library does not 
	have corresponding physical cell description. (PSYN-024)
Warning: The 'PDXO03DG' cell in the 'tpfn45gsgv18tc' technology library is being 
	marked as "dont_use". (PSYN-039)
Warning: The 'PDXO03DG' cell in the 'tpfn45gsgv18tc' technology library does not 
	have corresponding physical cell description. (PSYN-024)
Warning: The 'PDXOE1DG' cell in the 'tpfn45gsgv18tc' technology library is being 
	marked as "dont_use". (PSYN-039)
Warning: The 'PDXOE1DG' cell in the 'tpfn45gsgv18tc' technology library does not 
	have corresponding physical cell description. (PSYN-024)
Warning: The 'PDXOE2DG' cell in the 'tpfn45gsgv18tc' technology library is being 
	marked as "dont_use". (PSYN-039)
Warning: The 'PDXOE2DG' cell in the 'tpfn45gsgv18tc' technology library does not 
	have corresponding physical cell description. (PSYN-024)
Warning: The 'PDXOE3DG' cell in the 'tpfn45gsgv18tc' technology library is being 
	marked as "dont_use". (PSYN-039)
Warning: The 'PDXOE3DG' cell in the 'tpfn45gsgv18tc' technology library does not 
	have corresponding physical cell description. (PSYN-024)
Warning: The 'PRB08DGZ' cell in the 'tpfn45gsgv18tc' technology library is being 
	marked as "dont_use". (PSYN-039)
Warning: The 'PRB08DGZ' cell in the 'tpfn45gsgv18tc' technology library does not 
	have corresponding physical cell description. (PSYN-024)
Warning: The 'PRB08SDGZ' cell in the 'tpfn45gsgv18tc' technology library is being 
	marked as "dont_use". (PSYN-039)
Warning: The 'PRB08SDGZ' cell in the 'tpfn45gsgv18tc' technology library does not 
	have corresponding physical cell description. (PSYN-024)
Warning: The 'PRB12DGZ' cell in the 'tpfn45gsgv18tc' technology library is being 
	marked as "dont_use". (PSYN-039)
Warning: The 'PRB12DGZ' cell in the 'tpfn45gsgv18tc' technology library does not 
	have corresponding physical cell description. (PSYN-024)
Warning: The 'PRB12SDGZ' cell in the 'tpfn45gsgv18tc' technology library is being 
	marked as "dont_use". (PSYN-039)
Warning: The 'PRB12SDGZ' cell in the 'tpfn45gsgv18tc' technology library does not 
	have corresponding physical cell description. (PSYN-024)
Warning: The 'PRB16DGZ' cell in the 'tpfn45gsgv18tc' technology library is being 
	marked as "dont_use". (PSYN-039)
Warning: The 'PRB16DGZ' cell in the 'tpfn45gsgv18tc' technology library does not 
	have corresponding physical cell description. (PSYN-024)
Warning: The 'PRB16SDGZ' cell in the 'tpfn45gsgv18tc' technology library is being 
	marked as "dont_use". (PSYN-039)
Warning: The 'PRB16SDGZ' cell in the 'tpfn45gsgv18tc' technology library does not 
	have corresponding physical cell description. (PSYN-024)
Warning: The 'PRB24DGZ' cell in the 'tpfn45gsgv18tc' technology library is being 
	marked as "dont_use". (PSYN-039)
Warning: The 'PRB24DGZ' cell in the 'tpfn45gsgv18tc' technology library does not 
	have corresponding physical cell description. (PSYN-024)
Warning: The 'PRB24SDGZ' cell in the 'tpfn45gsgv18tc' technology library is being 
	marked as "dont_use". (PSYN-039)
Warning: The 'PRB24SDGZ' cell in the 'tpfn45gsgv18tc' technology library does not 
	have corresponding physical cell description. (PSYN-024)
Warning: The 'PRCUT' cell in the 'tpfn45gsgv18tc' technology library is being 
	marked as "dont_use". (PSYN-039)
Warning: The 'PRCUT' cell in the 'tpfn45gsgv18tc' technology library does not 
	have corresponding physical cell description. (PSYN-024)
Warning: The 'PRD08DGZ' cell in the 'tpfn45gsgv18tc' technology library is being 
	marked as "dont_use". (PSYN-039)
Warning: The 'PRD08DGZ' cell in the 'tpfn45gsgv18tc' technology library does not 
	have corresponding physical cell description. (PSYN-024)
Warning: The 'PRD08SDGZ' cell in the 'tpfn45gsgv18tc' technology library is being 
	marked as "dont_use". (PSYN-039)
Warning: The 'PRD08SDGZ' cell in the 'tpfn45gsgv18tc' technology library does not 
	have corresponding physical cell description. (PSYN-024)
Warning: The 'PRD12DGZ' cell in the 'tpfn45gsgv18tc' technology library is being 
	marked as "dont_use". (PSYN-039)
Warning: The 'PRD12DGZ' cell in the 'tpfn45gsgv18tc' technology library does not 
	have corresponding physical cell description. (PSYN-024)
Warning: The 'PRD12SDGZ' cell in the 'tpfn45gsgv18tc' technology library is being 
	marked as "dont_use". (PSYN-039)
Warning: The 'PRD12SDGZ' cell in the 'tpfn45gsgv18tc' technology library does not 
	have corresponding physical cell description. (PSYN-024)
Warning: The 'PRD16DGZ' cell in the 'tpfn45gsgv18tc' technology library is being 
	marked as "dont_use". (PSYN-039)
Warning: The 'PRD16DGZ' cell in the 'tpfn45gsgv18tc' technology library does not 
	have corresponding physical cell description. (PSYN-024)
Warning: The 'PRD16SDGZ' cell in the 'tpfn45gsgv18tc' technology library is being 
	marked as "dont_use". (PSYN-039)
Warning: The 'PRD16SDGZ' cell in the 'tpfn45gsgv18tc' technology library does not 
	have corresponding physical cell description. (PSYN-024)
Warning: The 'PRD24DGZ' cell in the 'tpfn45gsgv18tc' technology library is being 
	marked as "dont_use". (PSYN-039)
Warning: The 'PRD24DGZ' cell in the 'tpfn45gsgv18tc' technology library does not 
	have corresponding physical cell description. (PSYN-024)
Warning: The 'PRD24SDGZ' cell in the 'tpfn45gsgv18tc' technology library is being 
	marked as "dont_use". (PSYN-039)
Warning: The 'PRD24SDGZ' cell in the 'tpfn45gsgv18tc' technology library does not 
	have corresponding physical cell description. (PSYN-024)
Warning: The 'PRDW08DGZ' cell in the 'tpfn45gsgv18tc' technology library is being 
	marked as "dont_use". (PSYN-039)
Warning: The 'PRDW08DGZ' cell in the 'tpfn45gsgv18tc' technology library does not 
	have corresponding physical cell description. (PSYN-024)
Warning: The 'PRDW12DGZ' cell in the 'tpfn45gsgv18tc' technology library is being 
	marked as "dont_use". (PSYN-039)
Warning: The 'PRDW12DGZ' cell in the 'tpfn45gsgv18tc' technology library does not 
	have corresponding physical cell description. (PSYN-024)
Warning: The 'PRDW16DGZ' cell in the 'tpfn45gsgv18tc' technology library is being 
	marked as "dont_use". (PSYN-039)
Warning: The 'PRDW16DGZ' cell in the 'tpfn45gsgv18tc' technology library does not 
	have corresponding physical cell description. (PSYN-024)
Warning: The 'PRDW24DGZ' cell in the 'tpfn45gsgv18tc' technology library is being 
	marked as "dont_use". (PSYN-039)
Warning: The 'PRDW24DGZ' cell in the 'tpfn45gsgv18tc' technology library does not 
	have corresponding physical cell description. (PSYN-024)
Warning: The 'PRO08CDG' cell in the 'tpfn45gsgv18tc' technology library is being 
	marked as "dont_use". (PSYN-039)
Warning: The 'PRO08CDG' cell in the 'tpfn45gsgv18tc' technology library does not 
	have corresponding physical cell description. (PSYN-024)
Warning: The 'PRO12CDG' cell in the 'tpfn45gsgv18tc' technology library is being 
	marked as "dont_use". (PSYN-039)
Warning: The 'PRO12CDG' cell in the 'tpfn45gsgv18tc' technology library does not 
	have corresponding physical cell description. (PSYN-024)
Warning: The 'PRO16CDG' cell in the 'tpfn45gsgv18tc' technology library is being 
	marked as "dont_use". (PSYN-039)
Warning: The 'PRO16CDG' cell in the 'tpfn45gsgv18tc' technology library does not 
	have corresponding physical cell description. (PSYN-024)
Warning: The 'PRO24CDG' cell in the 'tpfn45gsgv18tc' technology library is being 
	marked as "dont_use". (PSYN-039)
Warning: The 'PRO24CDG' cell in the 'tpfn45gsgv18tc' technology library does not 
	have corresponding physical cell description. (PSYN-024)
Warning: The 'PRT08DGZ' cell in the 'tpfn45gsgv18tc' technology library is being 
	marked as "dont_use". (PSYN-039)
Warning: The 'PRT08DGZ' cell in the 'tpfn45gsgv18tc' technology library does not 
	have corresponding physical cell description. (PSYN-024)
Warning: The 'PRT12DGZ' cell in the 'tpfn45gsgv18tc' technology library is being 
	marked as "dont_use". (PSYN-039)
Warning: The 'PRT12DGZ' cell in the 'tpfn45gsgv18tc' technology library does not 
	have corresponding physical cell description. (PSYN-024)
Warning: The 'PRT16DGZ' cell in the 'tpfn45gsgv18tc' technology library is being 
	marked as "dont_use". (PSYN-039)
Warning: The 'PRT16DGZ' cell in the 'tpfn45gsgv18tc' technology library does not 
	have corresponding physical cell description. (PSYN-024)
Warning: The 'PRT24DGZ' cell in the 'tpfn45gsgv18tc' technology library is being 
	marked as "dont_use". (PSYN-039)
Warning: The 'PRT24DGZ' cell in the 'tpfn45gsgv18tc' technology library does not 
	have corresponding physical cell description. (PSYN-024)
Warning: The 'PRU08DGZ' cell in the 'tpfn45gsgv18tc' technology library is being 
	marked as "dont_use". (PSYN-039)
Warning: The 'PRU08DGZ' cell in the 'tpfn45gsgv18tc' technology library does not 
	have corresponding physical cell description. (PSYN-024)
Warning: The 'PRU08SDGZ' cell in the 'tpfn45gsgv18tc' technology library is being 
	marked as "dont_use". (PSYN-039)
Warning: The 'PRU08SDGZ' cell in the 'tpfn45gsgv18tc' technology library does not 
	have corresponding physical cell description. (PSYN-024)
Warning: The 'PRU12DGZ' cell in the 'tpfn45gsgv18tc' technology library is being 
	marked as "dont_use". (PSYN-039)
Warning: The 'PRU12DGZ' cell in the 'tpfn45gsgv18tc' technology library does not 
	have corresponding physical cell description. (PSYN-024)
Warning: The 'PRU12SDGZ' cell in the 'tpfn45gsgv18tc' technology library is being 
	marked as "dont_use". (PSYN-039)
Warning: The 'PRU12SDGZ' cell in the 'tpfn45gsgv18tc' technology library does not 
	have corresponding physical cell description. (PSYN-024)
Warning: The 'PRU16DGZ' cell in the 'tpfn45gsgv18tc' technology library is being 
	marked as "dont_use". (PSYN-039)
Warning: The 'PRU16DGZ' cell in the 'tpfn45gsgv18tc' technology library does not 
	have corresponding physical cell description. (PSYN-024)
Warning: The 'PRU16SDGZ' cell in the 'tpfn45gsgv18tc' technology library is being 
	marked as "dont_use". (PSYN-039)
Warning: The 'PRU16SDGZ' cell in the 'tpfn45gsgv18tc' technology library does not 
	have corresponding physical cell description. (PSYN-024)
Warning: The 'PRU24DGZ' cell in the 'tpfn45gsgv18tc' technology library is being 
	marked as "dont_use". (PSYN-039)
Warning: The 'PRU24DGZ' cell in the 'tpfn45gsgv18tc' technology library does not 
	have corresponding physical cell description. (PSYN-024)
Warning: The 'PRU24SDGZ' cell in the 'tpfn45gsgv18tc' technology library is being 
	marked as "dont_use". (PSYN-039)
Warning: The 'PRU24SDGZ' cell in the 'tpfn45gsgv18tc' technology library does not 
	have corresponding physical cell description. (PSYN-024)
Warning: The 'PRUW08DGZ' cell in the 'tpfn45gsgv18tc' technology library is being 
	marked as "dont_use". (PSYN-039)
Warning: The 'PRUW08DGZ' cell in the 'tpfn45gsgv18tc' technology library does not 
	have corresponding physical cell description. (PSYN-024)
Warning: The 'PRUW12DGZ' cell in the 'tpfn45gsgv18tc' technology library is being 
	marked as "dont_use". (PSYN-039)
Warning: The 'PRUW12DGZ' cell in the 'tpfn45gsgv18tc' technology library does not 
	have corresponding physical cell description. (PSYN-024)
Warning: The 'PRUW16DGZ' cell in the 'tpfn45gsgv18tc' technology library is being 
	marked as "dont_use". (PSYN-039)
Warning: The 'PRUW16DGZ' cell in the 'tpfn45gsgv18tc' technology library does not 
	have corresponding physical cell description. (PSYN-024)
Warning: The 'PRUW24DGZ' cell in the 'tpfn45gsgv18tc' technology library is being 
	marked as "dont_use". (PSYN-039)
Warning: The 'PRUW24DGZ' cell in the 'tpfn45gsgv18tc' technology library does not 
	have corresponding physical cell description. (PSYN-024)
Warning: The 'PVDD1ANA' cell in the 'tpfn45gsgv18tc' technology library is being 
	marked as "dont_use". (PSYN-039)
Warning: The 'PVDD1ANA' cell in the 'tpfn45gsgv18tc' technology library does not 
	have corresponding physical cell description. (PSYN-024)
Warning: The 'PVDD1DGZ' cell in the 'tpfn45gsgv18tc' technology library is being 
	marked as "dont_use". (PSYN-039)
Warning: The 'PVDD1DGZ' cell in the 'tpfn45gsgv18tc' technology library does not 
	have corresponding physical cell description. (PSYN-024)
Warning: The 'PVDD2ANA' cell in the 'tpfn45gsgv18tc' technology library is being 
	marked as "dont_use". (PSYN-039)
Warning: The 'PVDD2ANA' cell in the 'tpfn45gsgv18tc' technology library does not 
	have corresponding physical cell description. (PSYN-024)
Warning: The 'PVDD2DGZ' cell in the 'tpfn45gsgv18tc' technology library is being 
	marked as "dont_use". (PSYN-039)
Warning: The 'PVDD2DGZ' cell in the 'tpfn45gsgv18tc' technology library does not 
	have corresponding physical cell description. (PSYN-024)
Warning: The 'PVDD2POC' cell in the 'tpfn45gsgv18tc' technology library is being 
	marked as "dont_use". (PSYN-039)
Warning: The 'PVDD2POC' cell in the 'tpfn45gsgv18tc' technology library does not 
	have corresponding physical cell description. (PSYN-024)
Warning: The 'PVSS1ANA' cell in the 'tpfn45gsgv18tc' technology library is being 
	marked as "dont_use". (PSYN-039)
Warning: The 'PVSS1ANA' cell in the 'tpfn45gsgv18tc' technology library does not 
	have corresponding physical cell description. (PSYN-024)
Warning: The 'PVSS1DGZ' cell in the 'tpfn45gsgv18tc' technology library is being 
	marked as "dont_use". (PSYN-039)
Warning: The 'PVSS1DGZ' cell in the 'tpfn45gsgv18tc' technology library does not 
	have corresponding physical cell description. (PSYN-024)
Warning: The 'PVSS2ANA' cell in the 'tpfn45gsgv18tc' technology library is being 
	marked as "dont_use". (PSYN-039)
Warning: The 'PVSS2ANA' cell in the 'tpfn45gsgv18tc' technology library does not 
	have corresponding physical cell description. (PSYN-024)
Warning: The 'PVSS2DGZ' cell in the 'tpfn45gsgv18tc' technology library is being 
	marked as "dont_use". (PSYN-039)
Warning: The 'PVSS2DGZ' cell in the 'tpfn45gsgv18tc' technology library does not 
	have corresponding physical cell description. (PSYN-024)
Warning: The 'PVSS3DGZ' cell in the 'tpfn45gsgv18tc' technology library is being 
	marked as "dont_use". (PSYN-039)
Warning: The 'PVSS3DGZ' cell in the 'tpfn45gsgv18tc' technology library does not 
	have corresponding physical cell description. (PSYN-024)
Information: Loading local_link_library attribute {tcbn45gsbwptc.db, tpfn45gsgv18tc.db, tcbn45gsbwptc.db}. (MWDC-290)

  Linking design 'top'
  Using the following designs and libraries:
  --------------------------------------------------------------------------
  top                         top.CEL
  tcbn45gsbwptc (library)     /cae/apps/data/tsmclibs-2013/digital/Front_End/timing_power_noise/NLDM/tcbn45gsbwp_120a/tcbn45gsbwptc.db
  tpfn45gsgv18tc (library)    /cae/apps/data/tsmclibs-2013/digital/Front_End/timing_power_noise/NLDM/tpfn45gsgv18_120a/tpfn45gsgv18tc.db

Information: The design has horizontal rows, and Y-symmetry has been used for sites. (MWDC-217)
Floorplan loading succeeded.
 
****************************************
  Report : Chip Summary
  Design : top
  Version: S-2021.06
  Date   : Tue Apr 12 16:07:47 2022
****************************************
Std cell utilization: 59.63%  (202659/(339888-0))
(Non-fixed + Fixed)
Std cell utilization: 59.60%  (202461/(339888-198))
(Non-fixed only)
Chip area:            339888   sites, bbox (10.00 10.00 255.28 254.44) um
Std cell area:        202659   sites, (non-fixed:202461 fixed:198)
                      16736    cells, (non-fixed:16726  fixed:10)
Macro cell area:      0        sites
                      0        cells
Placement blockages:  0        sites, (excluding fixed std cells)
                      198      sites, (include fixed std cells & chimney area)
                      0        sites, (complete p/g net blockages)
Routing blockages:    0        sites, (partial p/g net blockages)
                      0        sites, (routing blockages and signal pre-route)
Lib cell count:       65 
Avg. std cell width:  1.33 um 
Site array:           unit     (width: 0.14 um, height: 1.26 um, rows: 194)
Physical DB scale:    1000 db_unit = 1 um 

 
****************************************
  Report : pnet options
  Design : top
  Version: S-2021.06
  Date   : Tue Apr 12 16:07:47 2022
****************************************


--------------------------------------------------------------------
Layer      Blockage   Min_width   Min_height   Via_additive     Density
--------------------------------------------------------------------
M1         none          ---         ---       via additive      ---
M2         none          ---         ---       via additive      ---
M3         none          ---         ---       via additive      ---
M4         none          ---         ---       via additive      ---
M5         none          ---         ---       via additive      ---
M6         none          ---         ---       via additive      ---
M7         none          ---         ---       via additive      ---
M8         none          ---         ---       via additive      ---
M9         none          ---         ---       via additive      ---
M10        none          ---         ---       via additive      ---
AP         none          ---         ---       via additive      ---

**********************************
      Sub-Region Utilization      
**********************************
Number of regions with placement utilization 0 - 0.125 is 224 (14.73%)
Number of regions with placement utilization 0.125 - 0.25 is 43 (2.83%)
Number of regions with placement utilization 0.25 - 0.375 is 47 (3.09%)
Number of regions with placement utilization 0.375 - 0.5 is 76 (5.00%)
Number of regions with placement utilization 0.5 - 0.625 is 120 (7.89%)
Number of regions with placement utilization 0.625 - 0.75 is 447 (29.39%)
Number of regions with placement utilization 0.75 - 0.875 is 472 (31.03%)
Number of regions with placement utilization 0.875 - 1 is 92 (6.05%)
1
