 
****************************************
Report : timing
        -path full
        -delay max
        -max_paths 20
Design : top
Version: S-2021.06
Date   : Tue Apr 12 16:07:28 2022
****************************************

 * Some/all delay information is back-annotated.

Operating Conditions: NCCOM   Library: tcbn45gsbwptc
	Parasitic source    : LPE
	Parasitic mode      : RealRC
	Extraction mode     : MAX
	Extraction derating : 25/25/25

Information: Percent of Arnoldi-based delays = 19.33%

  Startpoint: w59[0] (input port clocked by clk)
  Endpoint: out1_node0_reg[19]
            (rising edge-triggered flip-flop clocked by clk)
  Path Group: clk
  Path Type: max

  Point                                                   Incr       Path
  --------------------------------------------------------------------------
  clock clk (rise edge)                                   0.00       0.00
  clock network delay (ideal)                             0.00       0.00
  input external delay                                    0.25       0.25 r
  w59[0] (in)                                             0.00 @     0.25 r
  U88/ZN (CKND3BWP)                                       0.05 @     0.30 f
  U13799/ZN (NR2D0BWP)                                    0.05 @     0.35 r
  mult_161_2/S1_2_0/CO (FA1D0BWP)                         0.08 &     0.43 r
  mult_161_2/S1_3_0/CO (FA1D0BWP)                         0.07 &     0.50 r
  mult_161_2/S1_4_0/CO (FA1D0BWP)                         0.07 &     0.56 r
  mult_161_2/S1_5_0/CO (FA1D0BWP)                         0.07 &     0.63 r
  mult_161_2/S1_6_0/CO (FA1D0BWP)                         0.07 &     0.70 r
  mult_161_2/S1_7_0/CO (FA1D0BWP)                         0.07 &     0.77 r
  mult_161_2/S1_8_0/CO (FA1D0BWP)                         0.07 &     0.83 r
  mult_161_2/S1_9_0/CO (FA1D0BWP)                         0.07 &     0.90 r
  mult_161_2/S1_10_0/CO (FA1D0BWP)                        0.07 &     0.97 r
  mult_161_2/S1_11_0/CO (FA1D0BWP)                        0.07 &     1.03 r
  mult_161_2/S1_12_0/CO (FA1D0BWP)                        0.07 &     1.10 r
  mult_161_2/S1_13_0/CO (FA1D0BWP)                        0.08 &     1.18 r
  mult_161_2/S4_0/S (FA1D0BWP)                            0.08 &     1.25 f
  U4117/Z (XOR2D0BWP)                                     0.06 &     1.31 r
  U14743/ZN (INR2D0BWP)                                   0.05 &     1.36 r
  U4108/Z (XOR2D0BWP)                                     0.06 &     1.41 f
  add_1_root_add_0_root_add_161_3/U1_15/CO (FA1D0BWP)     0.08 &     1.49 f
  add_1_root_add_0_root_add_161_3/U1_16/S (FA1D0BWP)      0.06 &     1.55 r
  U900/Z (CKBD0BWP)                                       0.07 &     1.62 r
  add_0_root_add_0_root_add_161_3/U1_16/CO (FA1D0BWP)     0.08 &     1.70 r
  add_0_root_add_0_root_add_161_3/U1_17/CO (FA1D0BWP)     0.04 &     1.74 r
  U920/Z (BUFFD1BWP)                                      0.04 &     1.78 r
  add_0_root_add_0_root_add_161_3/U1_18/CO (FA1D0BWP)     0.05 &     1.83 r
  add_0_root_add_0_root_add_161_3/U1_19/S (FA1D0BWP)      0.06 &     1.89 r
  U931/Z (CKBD1BWP)                                       0.07 @     1.96 r
  out1_node0_reg[19]/D (EDFQD1BWP)                        0.00 @     1.96 r
  data arrival time                                                  1.96

  clock clk (rise edge)                                  10.00      10.00
  clock network delay (propagated)                        0.08      10.08
  clock uncertainty                                      -0.15       9.93
  out1_node0_reg[19]/CP (EDFQD1BWP)                       0.00       9.93 r
  library setup time                                     -0.05       9.89
  data required time                                                 9.89
  --------------------------------------------------------------------------
  data required time                                                 9.89
  data arrival time                                                 -1.96
  --------------------------------------------------------------------------
  slack (MET)                                                        7.93


  Startpoint: w59[0] (input port clocked by clk)
  Endpoint: out1_node0_reg[20]
            (rising edge-triggered flip-flop clocked by clk)
  Path Group: clk
  Path Type: max

  Point                                                   Incr       Path
  --------------------------------------------------------------------------
  clock clk (rise edge)                                   0.00       0.00
  clock network delay (ideal)                             0.00       0.00
  input external delay                                    0.25       0.25 r
  w59[0] (in)                                             0.00 @     0.25 r
  U88/ZN (CKND3BWP)                                       0.05 @     0.30 f
  U13799/ZN (NR2D0BWP)                                    0.05 @     0.35 r
  mult_161_2/S1_2_0/CO (FA1D0BWP)                         0.08 &     0.43 r
  mult_161_2/S1_3_0/CO (FA1D0BWP)                         0.07 &     0.50 r
  mult_161_2/S1_4_0/CO (FA1D0BWP)                         0.07 &     0.56 r
  mult_161_2/S1_5_0/CO (FA1D0BWP)                         0.07 &     0.63 r
  mult_161_2/S1_6_0/CO (FA1D0BWP)                         0.07 &     0.70 r
  mult_161_2/S1_7_0/CO (FA1D0BWP)                         0.07 &     0.77 r
  mult_161_2/S1_8_0/CO (FA1D0BWP)                         0.07 &     0.83 r
  mult_161_2/S1_9_0/CO (FA1D0BWP)                         0.07 &     0.90 r
  mult_161_2/S1_10_0/CO (FA1D0BWP)                        0.07 &     0.97 r
  mult_161_2/S1_11_0/CO (FA1D0BWP)                        0.07 &     1.03 r
  mult_161_2/S1_12_0/CO (FA1D0BWP)                        0.07 &     1.10 r
  mult_161_2/S1_13_0/CO (FA1D0BWP)                        0.08 &     1.18 r
  mult_161_2/S4_0/S (FA1D0BWP)                            0.08 &     1.25 f
  U4117/Z (XOR2D0BWP)                                     0.06 &     1.31 r
  U14743/ZN (INR2D0BWP)                                   0.05 &     1.36 r
  U4108/Z (XOR2D0BWP)                                     0.06 &     1.41 f
  add_1_root_add_0_root_add_161_3/U1_15/CO (FA1D0BWP)     0.08 &     1.49 f
  add_1_root_add_0_root_add_161_3/U1_16/S (FA1D0BWP)      0.06 &     1.55 r
  U900/Z (CKBD0BWP)                                       0.07 &     1.62 r
  add_0_root_add_0_root_add_161_3/U1_16/CO (FA1D0BWP)     0.08 &     1.70 r
  add_0_root_add_0_root_add_161_3/U1_17/CO (FA1D0BWP)     0.04 &     1.74 r
  U920/Z (BUFFD1BWP)                                      0.04 &     1.78 r
  add_0_root_add_0_root_add_161_3/U1_18/CO (FA1D0BWP)     0.05 &     1.83 r
  add_0_root_add_0_root_add_161_3/U1_19/CO (FA1D0BWP)     0.04 &     1.87 r
  add_0_root_add_0_root_add_161_3/U1_20/Z (XOR3D1BWP)     0.07 &     1.94 f
  out1_node0_reg[20]/D (EDFQD1BWP)                        0.00 &     1.94 f
  data arrival time                                                  1.94

  clock clk (rise edge)                                  10.00      10.00
  clock network delay (propagated)                        0.08      10.08
  clock uncertainty                                      -0.15       9.93
  out1_node0_reg[20]/CP (EDFQD1BWP)                       0.00       9.93 r
  library setup time                                     -0.02       9.91
  data required time                                                 9.91
  --------------------------------------------------------------------------
  data required time                                                 9.91
  data arrival time                                                 -1.94
  --------------------------------------------------------------------------
  slack (MET)                                                        7.97


  Startpoint: w59[0] (input port clocked by clk)
  Endpoint: out1_node0_reg[18]
            (rising edge-triggered flip-flop clocked by clk)
  Path Group: clk
  Path Type: max

  Point                                                   Incr       Path
  --------------------------------------------------------------------------
  clock clk (rise edge)                                   0.00       0.00
  clock network delay (ideal)                             0.00       0.00
  input external delay                                    0.25       0.25 r
  w59[0] (in)                                             0.00 @     0.25 r
  U88/ZN (CKND3BWP)                                       0.05 @     0.30 f
  U13799/ZN (NR2D0BWP)                                    0.05 @     0.35 r
  mult_161_2/S1_2_0/CO (FA1D0BWP)                         0.08 &     0.43 r
  mult_161_2/S1_3_0/CO (FA1D0BWP)                         0.07 &     0.50 r
  mult_161_2/S1_4_0/CO (FA1D0BWP)                         0.07 &     0.56 r
  mult_161_2/S1_5_0/CO (FA1D0BWP)                         0.07 &     0.63 r
  mult_161_2/S1_6_0/CO (FA1D0BWP)                         0.07 &     0.70 r
  mult_161_2/S1_7_0/CO (FA1D0BWP)                         0.07 &     0.77 r
  mult_161_2/S1_8_0/CO (FA1D0BWP)                         0.07 &     0.83 r
  mult_161_2/S1_9_0/CO (FA1D0BWP)                         0.07 &     0.90 r
  mult_161_2/S1_10_0/CO (FA1D0BWP)                        0.07 &     0.97 r
  mult_161_2/S1_11_0/CO (FA1D0BWP)                        0.07 &     1.03 r
  mult_161_2/S1_12_0/CO (FA1D0BWP)                        0.07 &     1.10 r
  mult_161_2/S1_13_0/CO (FA1D0BWP)                        0.08 &     1.18 r
  mult_161_2/S4_0/S (FA1D0BWP)                            0.08 &     1.25 f
  U4117/Z (XOR2D0BWP)                                     0.06 &     1.31 r
  U14743/ZN (INR2D0BWP)                                   0.05 &     1.36 r
  U4108/Z (XOR2D0BWP)                                     0.06 &     1.41 f
  add_1_root_add_0_root_add_161_3/U1_15/CO (FA1D0BWP)     0.08 &     1.49 f
  add_1_root_add_0_root_add_161_3/U1_16/S (FA1D0BWP)      0.06 &     1.55 r
  U900/Z (CKBD0BWP)                                       0.07 &     1.62 r
  add_0_root_add_0_root_add_161_3/U1_16/CO (FA1D0BWP)     0.08 &     1.70 r
  add_0_root_add_0_root_add_161_3/U1_17/CO (FA1D0BWP)     0.04 &     1.74 r
  U920/Z (BUFFD1BWP)                                      0.04 &     1.78 r
  add_0_root_add_0_root_add_161_3/U1_18/S (FA1D0BWP)      0.06 &     1.84 r
  U930/Z (CKBD1BWP)                                       0.06 @     1.90 r
  out1_node0_reg[18]/D (EDFQD1BWP)                        0.00 @     1.91 r
  data arrival time                                                  1.91

  clock clk (rise edge)                                  10.00      10.00
  clock network delay (propagated)                        0.08      10.08
  clock uncertainty                                      -0.15       9.93
  out1_node0_reg[18]/CP (EDFQD1BWP)                       0.00       9.93 r
  library setup time                                     -0.04       9.89
  data required time                                                 9.89
  --------------------------------------------------------------------------
  data required time                                                 9.89
  data arrival time                                                 -1.91
  --------------------------------------------------------------------------
  slack (MET)                                                        7.98


  Startpoint: w68[0] (input port clocked by clk)
  Endpoint: out0_node0_reg[20]
            (rising edge-triggered flip-flop clocked by clk)
  Path Group: clk
  Path Type: max

  Point                                                   Incr       Path
  --------------------------------------------------------------------------
  clock clk (rise edge)                                   0.00       0.00
  clock network delay (ideal)                             0.00       0.00
  input external delay                                    0.25       0.25 r
  w68[0] (in)                                             0.00 @     0.25 r
  U90/ZN (INVD3BWP)                                       0.04 @     0.29 f
  U13993/ZN (NR2D0BWP)                                    0.04 @     0.33 r
  mult_160_3/S1_2_0/CO (FA1D0BWP)                         0.08 &     0.41 r
  mult_160_3/S1_3_0/CO (FA1D0BWP)                         0.07 &     0.48 r
  mult_160_3/S1_4_0/CO (FA1D0BWP)                         0.07 &     0.55 r
  mult_160_3/S1_5_0/CO (FA1D0BWP)                         0.08 &     0.63 r
  mult_160_3/S1_6_0/CO (FA1D0BWP)                         0.07 &     0.70 r
  mult_160_3/S1_7_0/CO (FA1D0BWP)                         0.07 &     0.77 r
  mult_160_3/S1_8_0/CO (FA1D0BWP)                         0.07 &     0.84 r
  mult_160_3/S1_9_0/CO (FA1D0BWP)                         0.07 &     0.91 r
  mult_160_3/S1_10_0/CO (FA1D0BWP)                        0.07 &     0.98 r
  mult_160_3/S1_11_0/CO (FA1D0BWP)                        0.07 &     1.05 r
  mult_160_3/S1_12_0/CO (FA1D0BWP)                        0.07 &     1.11 r
  mult_160_3/S1_13_0/CO (FA1D0BWP)                        0.07 &     1.18 r
  mult_160_3/S4_0/S (FA1D0BWP)                            0.07 &     1.25 f
  U3167/Z (XOR2D0BWP)                                     0.05 &     1.31 r
  U14670/ZN (INR2D0BWP)                                   0.04 &     1.35 r
  U12234/ZN (AOI21D0BWP)                                  0.03 &     1.38 f
  U12364/ZN (OAI21D0BWP)                                  0.04 &     1.43 r
  U12420/ZN (AOI21D0BWP)                                  0.04 &     1.47 f
  U3091/Z (XOR2D0BWP)                                     0.08 &     1.54 r
  add_2_root_add_0_root_add_160_3/U1_18/CO (FA1D0BWP)     0.08 &     1.63 r
  add_2_root_add_0_root_add_160_3/U1_19/S (FA1D0BWP)      0.05 &     1.68 f
  U926/Z (BUFFD1BWP)                                      0.04 &     1.72 f
  add_0_root_add_0_root_add_160_3/U1_19/CO (FA1D1BWP)     0.07 &     1.78 f
  add_0_root_add_0_root_add_160_3/U1_20/Z (XOR3D0BWP)     0.08 &     1.87 r
  out0_node0_reg[20]/D (EDFQD1BWP)                        0.00 &     1.87 r
  data arrival time                                                  1.87

  clock clk (rise edge)                                  10.00      10.00
  clock network delay (propagated)                        0.08      10.08
  clock uncertainty                                      -0.15       9.93
  out0_node0_reg[20]/CP (EDFQD1BWP)                       0.00       9.93 r
  library setup time                                     -0.04       9.88
  data required time                                                 9.88
  --------------------------------------------------------------------------
  data required time                                                 9.88
  data arrival time                                                 -1.87
  --------------------------------------------------------------------------
  slack (MET)                                                        8.02


  Startpoint: w59[0] (input port clocked by clk)
  Endpoint: out1_node2_reg[20]
            (rising edge-triggered flip-flop clocked by clk)
  Path Group: clk
  Path Type: max

  Point                                                   Incr       Path
  --------------------------------------------------------------------------
  clock clk (rise edge)                                   0.00       0.00
  clock network delay (ideal)                             0.00       0.00
  input external delay                                    0.25       0.25 r
  w59[0] (in)                                             0.00 @     0.25 r
  U88/ZN (CKND3BWP)                                       0.05 @     0.30 f
  U13657/ZN (NR2D0BWP)                                    0.05 @     0.35 r
  mult_169_2/S1_2_0/CO (FA1D0BWP)                         0.08 &     0.43 r
  mult_169_2/S1_3_0/CO (FA1D0BWP)                         0.07 &     0.50 r
  mult_169_2/S1_4_0/CO (FA1D0BWP)                         0.07 &     0.57 r
  mult_169_2/S1_5_0/CO (FA1D0BWP)                         0.07 &     0.63 r
  mult_169_2/S1_6_0/CO (FA1D0BWP)                         0.07 &     0.70 r
  mult_169_2/S1_7_0/CO (FA1D0BWP)                         0.07 &     0.76 r
  mult_169_2/S1_8_0/CO (FA1D0BWP)                         0.07 &     0.83 r
  mult_169_2/S1_9_0/CO (FA1D0BWP)                         0.07 &     0.90 r
  mult_169_2/S1_10_0/CO (FA1D0BWP)                        0.07 &     0.96 r
  mult_169_2/S1_11_0/CO (FA1D0BWP)                        0.07 &     1.03 r
  mult_169_2/S1_12_0/CO (FA1D0BWP)                        0.07 &     1.10 r
  mult_169_2/S1_13_0/CO (FA1D0BWP)                        0.07 &     1.17 r
  mult_169_2/S4_0/S (FA1D0BWP)                            0.07 &     1.24 f
  U3170/Z (XOR2D0BWP)                                     0.05 &     1.30 r
  U14595/ZN (INR2D0BWP)                                   0.05 &     1.34 r
  U12228/ZN (AOI21D0BWP)                                  0.04 &     1.38 f
  U12342/ZN (OAI21D0BWP)                                  0.04 &     1.42 r
  U3146/Z (XOR2D0BWP)                                     0.07 &     1.49 f
  add_1_root_add_0_root_add_169_3/U1_17/CO (FA1D0BWP)     0.08 &     1.57 f
  add_1_root_add_0_root_add_169_3/U1_18/CO (FA1D0BWP)     0.04 &     1.61 f
  add_1_root_add_0_root_add_169_3/U1_19/S (FA1D0BWP)      0.06 &     1.67 r
  U922/Z (BUFFD1BWP)                                      0.05 &     1.72 r
  add_0_root_add_0_root_add_169_3/U1_19/CO (FA1D0BWP)     0.07 &     1.79 r
  add_0_root_add_0_root_add_169_3/U1_20/Z (XOR3D0BWP)     0.07 &     1.87 r
  out1_node2_reg[20]/D (EDFQD1BWP)                        0.00 &     1.87 r
  data arrival time                                                  1.87

  clock clk (rise edge)                                  10.00      10.00
  clock network delay (propagated)                        0.09      10.09
  clock uncertainty                                      -0.15       9.94
  out1_node2_reg[20]/CP (EDFQD1BWP)                       0.00       9.94 r
  library setup time                                     -0.05       9.90
  data required time                                                 9.90
  --------------------------------------------------------------------------
  data required time                                                 9.90
  data arrival time                                                 -1.87
  --------------------------------------------------------------------------
  slack (MET)                                                        8.03


  Startpoint: w58[0] (input port clocked by clk)
  Endpoint: out0_node3_reg[20]
            (rising edge-triggered flip-flop clocked by clk)
  Path Group: clk
  Path Type: max

  Point                                                   Incr       Path
  --------------------------------------------------------------------------
  clock clk (rise edge)                                   0.00       0.00
  clock network delay (ideal)                             0.00       0.00
  input external delay                                    0.25       0.25 r
  w58[0] (in)                                             0.00 @     0.25 r
  U133/ZN (INVD3BWP)                                      0.05 @     0.30 f
  U13590/ZN (NR2D0BWP)                                    0.05 @     0.35 r
  mult_172_2/S1_2_0/CO (FA1D0BWP)                         0.08 &     0.44 r
  mult_172_2/S1_3_0/CO (FA1D0BWP)                         0.07 &     0.51 r
  mult_172_2/S1_4_0/CO (FA1D0BWP)                         0.07 &     0.58 r
  mult_172_2/S1_5_0/CO (FA1D0BWP)                         0.07 &     0.65 r
  mult_172_2/S1_6_0/CO (FA1D0BWP)                         0.07 &     0.71 r
  mult_172_2/S1_7_0/CO (FA1D0BWP)                         0.07 &     0.78 r
  mult_172_2/S1_8_0/CO (FA1D0BWP)                         0.07 &     0.85 r
  mult_172_2/S1_9_0/CO (FA1D0BWP)                         0.07 &     0.92 r
  mult_172_2/S1_10_0/CO (FA1D0BWP)                        0.07 &     0.99 r
  mult_172_2/S1_11_0/CO (FA1D0BWP)                        0.07 &     1.06 r
  mult_172_2/S1_12_0/CO (FA1D0BWP)                        0.07 &     1.12 r
  mult_172_2/S1_13_0/CO (FA1D0BWP)                        0.07 &     1.19 r
  mult_172_2/S4_0/CO (FA1D0BWP)                           0.07 &     1.26 r
  U2918/Z (XOR2D0BWP)                                     0.05 &     1.30 f
  U13602/Z (CKAN2D0BWP)                                   0.03 &     1.33 f
  U12025/ZN (NR2D0BWP)                                    0.03 &     1.36 r
  U2914/Z (XOR2D0BWP)                                     0.06 &     1.42 f
  add_1_root_add_0_root_add_172_3/U1_15/CO (FA1D0BWP)     0.08 &     1.50 f
  add_1_root_add_0_root_add_172_3/U1_16/CO (FA1D0BWP)     0.04 &     1.54 f
  add_1_root_add_0_root_add_172_3/U1_17/CO (FA1D0BWP)     0.04 &     1.58 f
  add_1_root_add_0_root_add_172_3/U1_18/S (FA1D0BWP)      0.06 &     1.64 r
  U918/Z (DEL050D1BWP)                                    0.08 &     1.72 r
  add_0_root_add_0_root_add_172_3/U1_18/CO (FA1D0BWP)     0.08 &     1.80 r
  add_0_root_add_0_root_add_172_3/U1_19/CO (FA1D0BWP)     0.04 &     1.83 r
  add_0_root_add_0_root_add_172_3/U1_20/Z (XOR3D0BWP)     0.04 &     1.87 r
  out0_node3_reg[20]/D (EDFQD1BWP)                        0.00 &     1.87 r
  data arrival time                                                  1.87

  clock clk (rise edge)                                  10.00      10.00
  clock network delay (propagated)                        0.09      10.09
  clock uncertainty                                      -0.15       9.94
  out0_node3_reg[20]/CP (EDFQD1BWP)                       0.00       9.94 r
  library setup time                                     -0.03       9.90
  data required time                                                 9.90
  --------------------------------------------------------------------------
  data required time                                                 9.90
  data arrival time                                                 -1.87
  --------------------------------------------------------------------------
  slack (MET)                                                        8.03


  Startpoint: w59[0] (input port clocked by clk)
  Endpoint: out1_node3_reg[20]
            (rising edge-triggered flip-flop clocked by clk)
  Path Group: clk
  Path Type: max

  Point                                                   Incr       Path
  --------------------------------------------------------------------------
  clock clk (rise edge)                                   0.00       0.00
  clock network delay (ideal)                             0.00       0.00
  input external delay                                    0.25       0.25 r
  w59[0] (in)                                             0.00 @     0.25 r
  U88/ZN (CKND3BWP)                                       0.05 @     0.30 f
  U13604/ZN (NR2D0BWP)                                    0.05 @     0.35 r
  mult_173_2/S1_2_0/CO (FA1D0BWP)                         0.08 &     0.43 r
  mult_173_2/S1_3_0/CO (FA1D0BWP)                         0.07 &     0.49 r
  mult_173_2/S1_4_0/CO (FA1D0BWP)                         0.07 &     0.56 r
  mult_173_2/S1_5_0/CO (FA1D0BWP)                         0.07 &     0.63 r
  mult_173_2/S1_6_0/CO (FA1D0BWP)                         0.07 &     0.70 r
  mult_173_2/S1_7_0/CO (FA1D0BWP)                         0.07 &     0.76 r
  mult_173_2/S1_8_0/CO (FA1D0BWP)                         0.07 &     0.83 r
  mult_173_2/S1_9_0/CO (FA1D0BWP)                         0.07 &     0.90 r
  mult_173_2/S1_10_0/CO (FA1D0BWP)                        0.07 &     0.97 r
  mult_173_2/S1_11_0/CO (FA1D0BWP)                        0.07 &     1.04 r
  mult_173_2/S1_12_0/CO (FA1D0BWP)                        0.07 &     1.11 r
  mult_173_2/S1_13_0/CO (FA1D0BWP)                        0.07 &     1.18 r
  mult_173_2/S4_0/S (FA1D0BWP)                            0.07 &     1.25 f
  U4416/Z (XOR2D0BWP)                                     0.05 &     1.30 r
  U14549/ZN (INR2D0BWP)                                   0.04 &     1.35 r
  U4407/Z (XOR2D0BWP)                                     0.06 &     1.40 f
  add_1_root_add_0_root_add_173_3/U1_15/CO (FA1D0BWP)     0.08 &     1.48 f
  add_1_root_add_0_root_add_173_3/U1_16/S (FA1D0BWP)      0.06 &     1.54 r
  U891/Z (CKBD1BWP)                                       0.06 @     1.61 r
  add_0_root_add_0_root_add_173_3/U1_16/CO (FA1D0BWP)     0.08 @     1.69 r
  add_0_root_add_0_root_add_173_3/U1_17/CO (FA1D0BWP)     0.04 &     1.73 r
  add_0_root_add_0_root_add_173_3/U1_18/CO (FA1D0BWP)     0.04 &     1.77 r
  add_0_root_add_0_root_add_173_3/U1_19/CO (FA1D0BWP)     0.04 &     1.80 r
  add_0_root_add_0_root_add_173_3/U1_20/Z (XOR3D0BWP)     0.06 &     1.86 r
  out1_node3_reg[20]/D (EDFQD1BWP)                        0.00 &     1.86 r
  data arrival time                                                  1.86

  clock clk (rise edge)                                  10.00      10.00
  clock network delay (propagated)                        0.08      10.08
  clock uncertainty                                      -0.15       9.93
  out1_node3_reg[20]/CP (EDFQD1BWP)                       0.00       9.93 r
  library setup time                                     -0.04       9.89
  data required time                                                 9.89
  --------------------------------------------------------------------------
  data required time                                                 9.89
  data arrival time                                                 -1.86
  --------------------------------------------------------------------------
  slack (MET)                                                        8.03


  Startpoint: w68[0] (input port clocked by clk)
  Endpoint: out0_node1_reg[20]
            (rising edge-triggered flip-flop clocked by clk)
  Path Group: clk
  Path Type: max

  Point                                                   Incr       Path
  --------------------------------------------------------------------------
  clock clk (rise edge)                                   0.00       0.00
  clock network delay (ideal)                             0.00       0.00
  input external delay                                    0.25       0.25 r
  w68[0] (in)                                             0.00 @     0.25 r
  U90/ZN (INVD3BWP)                                       0.04 @     0.29 f
  U13750/ZN (NR2D0BWP)                                    0.04 @     0.33 r
  mult_164_3/S1_2_0/CO (FA1D0BWP)                         0.08 &     0.42 r
  mult_164_3/S1_3_0/CO (FA1D0BWP)                         0.07 &     0.48 r
  mult_164_3/S1_4_0/CO (FA1D0BWP)                         0.07 &     0.55 r
  mult_164_3/S1_5_0/CO (FA1D0BWP)                         0.07 &     0.62 r
  mult_164_3/S1_6_0/CO (FA1D0BWP)                         0.07 &     0.68 r
  mult_164_3/S1_7_0/CO (FA1D0BWP)                         0.07 &     0.75 r
  mult_164_3/S1_8_0/CO (FA1D0BWP)                         0.07 &     0.82 r
  mult_164_3/S1_9_0/CO (FA1D0BWP)                         0.07 &     0.88 r
  mult_164_3/S1_10_0/CO (FA1D0BWP)                        0.07 &     0.95 r
  mult_164_3/S1_11_0/CO (FA1D0BWP)                        0.07 &     1.01 r
  mult_164_3/S1_12_0/CO (FA1D0BWP)                        0.07 &     1.08 r
  mult_164_3/S1_13_0/CO (FA1D0BWP)                        0.07 &     1.15 r
  mult_164_3/S4_0/S (FA1D0BWP)                            0.08 &     1.23 f
  U3804/Z (XOR2D0BWP)                                     0.05 &     1.28 r
  U14505/ZN (INR2D0BWP)                                   0.04 &     1.32 r
  U12210/ZN (AOI21D0BWP)                                  0.04 &     1.36 f
  U12313/ZN (OAI21D0BWP)                                  0.04 &     1.41 r
  U3783/Z (XOR2D0BWP)                                     0.08 &     1.48 r
  add_2_root_add_0_root_add_164_3/U1_17/S (FA1D0BWP)      0.09 &     1.57 f
  U913/Z (CKBD0BWP)                                       0.05 &     1.62 f
  add_0_root_add_0_root_add_164_3/U1_17/CO (FA1D0BWP)     0.08 &     1.71 f
  add_0_root_add_0_root_add_164_3/U1_18/CO (FA1D0BWP)     0.04 &     1.75 f
  add_0_root_add_0_root_add_164_3/U1_19/CO (FA1D0BWP)     0.04 &     1.78 f
  add_0_root_add_0_root_add_164_3/U1_20/Z (XOR3D0BWP)     0.06 &     1.84 r
  out0_node1_reg[20]/D (EDFQD1BWP)                        0.00 &     1.84 r
  data arrival time                                                  1.84

  clock clk (rise edge)                                  10.00      10.00
  clock network delay (propagated)                        0.08      10.08
  clock uncertainty                                      -0.15       9.93
  out0_node1_reg[20]/CP (EDFQD1BWP)                       0.00       9.93 r
  library setup time                                     -0.04       9.89
  data required time                                                 9.89
  --------------------------------------------------------------------------
  data required time                                                 9.89
  data arrival time                                                 -1.84
  --------------------------------------------------------------------------
  slack (MET)                                                        8.05


  Startpoint: w59[0] (input port clocked by clk)
  Endpoint: out1_node3_reg[19]
            (rising edge-triggered flip-flop clocked by clk)
  Path Group: clk
  Path Type: max

  Point                                                   Incr       Path
  --------------------------------------------------------------------------
  clock clk (rise edge)                                   0.00       0.00
  clock network delay (ideal)                             0.00       0.00
  input external delay                                    0.25       0.25 r
  w59[0] (in)                                             0.00 @     0.25 r
  U88/ZN (CKND3BWP)                                       0.05 @     0.30 f
  U13604/ZN (NR2D0BWP)                                    0.05 @     0.35 r
  mult_173_2/S1_2_0/CO (FA1D0BWP)                         0.08 &     0.43 r
  mult_173_2/S1_3_0/CO (FA1D0BWP)                         0.07 &     0.49 r
  mult_173_2/S1_4_0/CO (FA1D0BWP)                         0.07 &     0.56 r
  mult_173_2/S1_5_0/CO (FA1D0BWP)                         0.07 &     0.63 r
  mult_173_2/S1_6_0/CO (FA1D0BWP)                         0.07 &     0.70 r
  mult_173_2/S1_7_0/CO (FA1D0BWP)                         0.07 &     0.76 r
  mult_173_2/S1_8_0/CO (FA1D0BWP)                         0.07 &     0.83 r
  mult_173_2/S1_9_0/CO (FA1D0BWP)                         0.07 &     0.90 r
  mult_173_2/S1_10_0/CO (FA1D0BWP)                        0.07 &     0.97 r
  mult_173_2/S1_11_0/CO (FA1D0BWP)                        0.07 &     1.04 r
  mult_173_2/S1_12_0/CO (FA1D0BWP)                        0.07 &     1.11 r
  mult_173_2/S1_13_0/CO (FA1D0BWP)                        0.07 &     1.18 r
  mult_173_2/S4_0/S (FA1D0BWP)                            0.07 &     1.25 f
  U4416/Z (XOR2D0BWP)                                     0.05 &     1.30 r
  U14549/ZN (INR2D0BWP)                                   0.04 &     1.35 r
  U4407/Z (XOR2D0BWP)                                     0.06 &     1.40 f
  add_1_root_add_0_root_add_173_3/U1_15/CO (FA1D0BWP)     0.08 &     1.48 f
  add_1_root_add_0_root_add_173_3/U1_16/S (FA1D0BWP)      0.06 &     1.54 r
  U891/Z (CKBD1BWP)                                       0.06 @     1.61 r
  add_0_root_add_0_root_add_173_3/U1_16/CO (FA1D0BWP)     0.08 @     1.69 r
  add_0_root_add_0_root_add_173_3/U1_17/CO (FA1D0BWP)     0.04 &     1.73 r
  add_0_root_add_0_root_add_173_3/U1_18/CO (FA1D0BWP)     0.04 &     1.77 r
  add_0_root_add_0_root_add_173_3/U1_19/S (FA1D0BWP)      0.07 &     1.84 r
  out1_node3_reg[19]/D (EDFQD1BWP)                        0.00 &     1.84 r
  data arrival time                                                  1.84

  clock clk (rise edge)                                  10.00      10.00
  clock network delay (propagated)                        0.08      10.08
  clock uncertainty                                      -0.15       9.93
  out1_node3_reg[19]/CP (EDFQD1BWP)                       0.00       9.93 r
  library setup time                                     -0.04       9.89
  data required time                                                 9.89
  --------------------------------------------------------------------------
  data required time                                                 9.89
  data arrival time                                                 -1.84
  --------------------------------------------------------------------------
  slack (MET)                                                        8.05


  Startpoint: w59[0] (input port clocked by clk)
  Endpoint: out1_node2_reg[19]
            (rising edge-triggered flip-flop clocked by clk)
  Path Group: clk
  Path Type: max

  Point                                                   Incr       Path
  --------------------------------------------------------------------------
  clock clk (rise edge)                                   0.00       0.00
  clock network delay (ideal)                             0.00       0.00
  input external delay                                    0.25       0.25 r
  w59[0] (in)                                             0.00 @     0.25 r
  U88/ZN (CKND3BWP)                                       0.05 @     0.30 f
  U13657/ZN (NR2D0BWP)                                    0.05 @     0.35 r
  mult_169_2/S1_2_0/CO (FA1D0BWP)                         0.08 &     0.43 r
  mult_169_2/S1_3_0/CO (FA1D0BWP)                         0.07 &     0.50 r
  mult_169_2/S1_4_0/CO (FA1D0BWP)                         0.07 &     0.57 r
  mult_169_2/S1_5_0/CO (FA1D0BWP)                         0.07 &     0.63 r
  mult_169_2/S1_6_0/CO (FA1D0BWP)                         0.07 &     0.70 r
  mult_169_2/S1_7_0/CO (FA1D0BWP)                         0.07 &     0.76 r
  mult_169_2/S1_8_0/CO (FA1D0BWP)                         0.07 &     0.83 r
  mult_169_2/S1_9_0/CO (FA1D0BWP)                         0.07 &     0.90 r
  mult_169_2/S1_10_0/CO (FA1D0BWP)                        0.07 &     0.96 r
  mult_169_2/S1_11_0/CO (FA1D0BWP)                        0.07 &     1.03 r
  mult_169_2/S1_12_0/CO (FA1D0BWP)                        0.07 &     1.10 r
  mult_169_2/S1_13_0/CO (FA1D0BWP)                        0.07 &     1.17 r
  mult_169_2/S4_0/S (FA1D0BWP)                            0.07 &     1.24 f
  U3170/Z (XOR2D0BWP)                                     0.05 &     1.30 r
  U14595/ZN (INR2D0BWP)                                   0.05 &     1.34 r
  U12228/ZN (AOI21D0BWP)                                  0.04 &     1.38 f
  U12342/ZN (OAI21D0BWP)                                  0.04 &     1.42 r
  U3146/Z (XOR2D0BWP)                                     0.07 &     1.49 f
  add_1_root_add_0_root_add_169_3/U1_17/CO (FA1D0BWP)     0.08 &     1.57 f
  add_1_root_add_0_root_add_169_3/U1_18/CO (FA1D0BWP)     0.04 &     1.61 f
  add_1_root_add_0_root_add_169_3/U1_19/S (FA1D0BWP)      0.06 &     1.67 r
  U922/Z (BUFFD1BWP)                                      0.05 &     1.72 r
  add_0_root_add_0_root_add_169_3/U1_19/S (FA1D0BWP)      0.11 &     1.83 r
  out1_node2_reg[19]/D (EDFQD1BWP)                        0.00 &     1.83 r
  data arrival time                                                  1.83

  clock clk (rise edge)                                  10.00      10.00
  clock network delay (propagated)                        0.09      10.09
  clock uncertainty                                      -0.15       9.94
  out1_node2_reg[19]/CP (EDFQD1BWP)                       0.00       9.94 r
  library setup time                                     -0.04       9.90
  data required time                                                 9.90
  --------------------------------------------------------------------------
  data required time                                                 9.90
  data arrival time                                                 -1.83
  --------------------------------------------------------------------------
  slack (MET)                                                        8.07


  Startpoint: w58[0] (input port clocked by clk)
  Endpoint: out0_node2_reg[20]
            (rising edge-triggered flip-flop clocked by clk)
  Path Group: clk
  Path Type: max

  Point                                                   Incr       Path
  --------------------------------------------------------------------------
  clock clk (rise edge)                                   0.00       0.00
  clock network delay (ideal)                             0.00       0.00
  input external delay                                    0.25       0.25 r
  w58[0] (in)                                             0.00 @     0.25 r
  U133/ZN (INVD3BWP)                                      0.05 @     0.30 f
  U13655/ZN (NR2D0BWP)                                    0.06 @     0.36 r
  mult_168_2/S1_2_0/CO (FA1D1BWP)                         0.07 &     0.44 r
  mult_168_2/S1_3_0/CO (FA1D0BWP)                         0.07 &     0.50 r
  mult_168_2/S1_4_0/CO (FA1D0BWP)                         0.07 &     0.57 r
  mult_168_2/S1_5_0/CO (FA1D0BWP)                         0.07 &     0.64 r
  mult_168_2/S1_6_0/CO (FA1D0BWP)                         0.07 &     0.70 r
  mult_168_2/S1_7_0/CO (FA1D0BWP)                         0.07 &     0.77 r
  mult_168_2/S1_8_0/CO (FA1D0BWP)                         0.07 &     0.84 r
  mult_168_2/S1_9_0/CO (FA1D0BWP)                         0.07 &     0.90 r
  mult_168_2/S1_10_0/CO (FA1D0BWP)                        0.07 &     0.97 r
  mult_168_2/S1_11_0/CO (FA1D0BWP)                        0.07 &     1.04 r
  mult_168_2/S1_12_0/CO (FA1D0BWP)                        0.07 &     1.10 r
  mult_168_2/S1_13_0/CO (FA1D0BWP)                        0.07 &     1.17 r
  mult_168_2/S4_0/CO (FA1D0BWP)                           0.07 &     1.24 r
  U3403/Z (XOR2D0BWP)                                     0.05 &     1.29 f
  U13717/Z (CKAN2D0BWP)                                   0.03 &     1.32 f
  U12052/ZN (NR2D0BWP)                                    0.02 &     1.34 r
  U3399/Z (XOR2D0BWP)                                     0.07 &     1.41 f
  add_1_root_add_0_root_add_168_3/U1_15/CO (FA1D0BWP)     0.09 &     1.50 f
  add_1_root_add_0_root_add_168_3/U1_16/CO (FA1D0BWP)     0.04 &     1.54 f
  add_1_root_add_0_root_add_168_3/U1_17/CO (FA1D0BWP)     0.04 &     1.58 f
  add_1_root_add_0_root_add_168_3/U1_18/CO (FA1D0BWP)     0.04 &     1.61 f
  add_1_root_add_0_root_add_168_3/U1_19/S (FA1D0BWP)      0.05 &     1.67 r
  U923/Z (BUFFD1BWP)                                      0.04 &     1.71 r
  add_0_root_add_0_root_add_168_3/U1_19/CO (FA1D0BWP)     0.07 &     1.78 r
  add_0_root_add_0_root_add_168_3/U1_20/Z (XOR3D0BWP)     0.05 &     1.84 r
  out0_node2_reg[20]/D (EDFQD1BWP)                        0.00 &     1.84 r
  data arrival time                                                  1.84

  clock clk (rise edge)                                  10.00      10.00
  clock network delay (propagated)                        0.09      10.09
  clock uncertainty                                      -0.15       9.94
  out0_node2_reg[20]/CP (EDFQD1BWP)                       0.00       9.94 r
  library setup time                                     -0.04       9.91
  data required time                                                 9.91
  --------------------------------------------------------------------------
  data required time                                                 9.91
  data arrival time                                                 -1.84
  --------------------------------------------------------------------------
  slack (MET)                                                        8.07


  Startpoint: w58[0] (input port clocked by clk)
  Endpoint: out0_node3_reg[19]
            (rising edge-triggered flip-flop clocked by clk)
  Path Group: clk
  Path Type: max

  Point                                                   Incr       Path
  --------------------------------------------------------------------------
  clock clk (rise edge)                                   0.00       0.00
  clock network delay (ideal)                             0.00       0.00
  input external delay                                    0.25       0.25 r
  w58[0] (in)                                             0.00 @     0.25 r
  U133/ZN (INVD3BWP)                                      0.05 @     0.30 f
  U13590/ZN (NR2D0BWP)                                    0.05 @     0.35 r
  mult_172_2/S1_2_0/CO (FA1D0BWP)                         0.08 &     0.44 r
  mult_172_2/S1_3_0/CO (FA1D0BWP)                         0.07 &     0.51 r
  mult_172_2/S1_4_0/CO (FA1D0BWP)                         0.07 &     0.58 r
  mult_172_2/S1_5_0/CO (FA1D0BWP)                         0.07 &     0.65 r
  mult_172_2/S1_6_0/CO (FA1D0BWP)                         0.07 &     0.71 r
  mult_172_2/S1_7_0/CO (FA1D0BWP)                         0.07 &     0.78 r
  mult_172_2/S1_8_0/CO (FA1D0BWP)                         0.07 &     0.85 r
  mult_172_2/S1_9_0/CO (FA1D0BWP)                         0.07 &     0.92 r
  mult_172_2/S1_10_0/CO (FA1D0BWP)                        0.07 &     0.99 r
  mult_172_2/S1_11_0/CO (FA1D0BWP)                        0.07 &     1.06 r
  mult_172_2/S1_12_0/CO (FA1D0BWP)                        0.07 &     1.12 r
  mult_172_2/S1_13_0/CO (FA1D0BWP)                        0.07 &     1.19 r
  mult_172_2/S4_0/CO (FA1D0BWP)                           0.07 &     1.26 r
  U2918/Z (XOR2D0BWP)                                     0.05 &     1.30 f
  U13602/Z (CKAN2D0BWP)                                   0.03 &     1.33 f
  U12025/ZN (NR2D0BWP)                                    0.03 &     1.36 r
  U2914/Z (XOR2D0BWP)                                     0.06 &     1.42 f
  add_1_root_add_0_root_add_172_3/U1_15/CO (FA1D0BWP)     0.08 &     1.50 f
  add_1_root_add_0_root_add_172_3/U1_16/CO (FA1D0BWP)     0.04 &     1.54 f
  add_1_root_add_0_root_add_172_3/U1_17/CO (FA1D0BWP)     0.04 &     1.58 f
  add_1_root_add_0_root_add_172_3/U1_18/S (FA1D0BWP)      0.06 &     1.64 r
  U918/Z (DEL050D1BWP)                                    0.08 &     1.72 r
  add_0_root_add_0_root_add_172_3/U1_18/CO (FA1D0BWP)     0.08 &     1.80 r
  add_0_root_add_0_root_add_172_3/U1_19/S (FA1D0BWP)      0.05 &     1.84 r
  out0_node3_reg[19]/D (EDFQD1BWP)                        0.00 &     1.84 r
  data arrival time                                                  1.84

  clock clk (rise edge)                                  10.00      10.00
  clock network delay (propagated)                        0.09      10.09
  clock uncertainty                                      -0.15       9.94
  out0_node3_reg[19]/CP (EDFQD1BWP)                       0.00       9.94 r
  library setup time                                     -0.03       9.91
  data required time                                                 9.91
  --------------------------------------------------------------------------
  data required time                                                 9.91
  data arrival time                                                 -1.84
  --------------------------------------------------------------------------
  slack (MET)                                                        8.07


  Startpoint: w58[0] (input port clocked by clk)
  Endpoint: out0_node2_reg[19]
            (rising edge-triggered flip-flop clocked by clk)
  Path Group: clk
  Path Type: max

  Point                                                   Incr       Path
  --------------------------------------------------------------------------
  clock clk (rise edge)                                   0.00       0.00
  clock network delay (ideal)                             0.00       0.00
  input external delay                                    0.25       0.25 r
  w58[0] (in)                                             0.00 @     0.25 r
  U133/ZN (INVD3BWP)                                      0.05 @     0.30 f
  U13655/ZN (NR2D0BWP)                                    0.06 @     0.36 r
  mult_168_2/S1_2_0/CO (FA1D1BWP)                         0.07 &     0.44 r
  mult_168_2/S1_3_0/CO (FA1D0BWP)                         0.07 &     0.50 r
  mult_168_2/S1_4_0/CO (FA1D0BWP)                         0.07 &     0.57 r
  mult_168_2/S1_5_0/CO (FA1D0BWP)                         0.07 &     0.64 r
  mult_168_2/S1_6_0/CO (FA1D0BWP)                         0.07 &     0.70 r
  mult_168_2/S1_7_0/CO (FA1D0BWP)                         0.07 &     0.77 r
  mult_168_2/S1_8_0/CO (FA1D0BWP)                         0.07 &     0.84 r
  mult_168_2/S1_9_0/CO (FA1D0BWP)                         0.07 &     0.90 r
  mult_168_2/S1_10_0/CO (FA1D0BWP)                        0.07 &     0.97 r
  mult_168_2/S1_11_0/CO (FA1D0BWP)                        0.07 &     1.04 r
  mult_168_2/S1_12_0/CO (FA1D0BWP)                        0.07 &     1.10 r
  mult_168_2/S1_13_0/CO (FA1D0BWP)                        0.07 &     1.17 r
  mult_168_2/S4_0/CO (FA1D0BWP)                           0.07 &     1.24 r
  U3403/Z (XOR2D0BWP)                                     0.05 &     1.29 f
  U13717/Z (CKAN2D0BWP)                                   0.03 &     1.32 f
  U12052/ZN (NR2D0BWP)                                    0.02 &     1.34 r
  U3399/Z (XOR2D0BWP)                                     0.07 &     1.41 f
  add_1_root_add_0_root_add_168_3/U1_15/CO (FA1D0BWP)     0.09 &     1.50 f
  add_1_root_add_0_root_add_168_3/U1_16/CO (FA1D0BWP)     0.04 &     1.54 f
  add_1_root_add_0_root_add_168_3/U1_17/CO (FA1D0BWP)     0.04 &     1.58 f
  add_1_root_add_0_root_add_168_3/U1_18/CO (FA1D0BWP)     0.04 &     1.61 f
  add_1_root_add_0_root_add_168_3/U1_19/S (FA1D0BWP)      0.05 &     1.67 r
  U923/Z (BUFFD1BWP)                                      0.04 &     1.71 r
  add_0_root_add_0_root_add_168_3/U1_19/S (FA1D0BWP)      0.11 &     1.83 r
  out0_node2_reg[19]/D (EDFQD1BWP)                        0.00 &     1.83 r
  data arrival time                                                  1.83

  clock clk (rise edge)                                  10.00      10.00
  clock network delay (propagated)                        0.09      10.09
  clock uncertainty                                      -0.15       9.94
  out0_node2_reg[19]/CP (EDFQD1BWP)                       0.00       9.94 r
  library setup time                                     -0.05       9.90
  data required time                                                 9.90
  --------------------------------------------------------------------------
  data required time                                                 9.90
  data arrival time                                                 -1.83
  --------------------------------------------------------------------------
  slack (MET)                                                        8.07


  Startpoint: w68[0] (input port clocked by clk)
  Endpoint: out0_node1_reg[19]
            (rising edge-triggered flip-flop clocked by clk)
  Path Group: clk
  Path Type: max

  Point                                                   Incr       Path
  --------------------------------------------------------------------------
  clock clk (rise edge)                                   0.00       0.00
  clock network delay (ideal)                             0.00       0.00
  input external delay                                    0.25       0.25 r
  w68[0] (in)                                             0.00 @     0.25 r
  U90/ZN (INVD3BWP)                                       0.04 @     0.29 f
  U13750/ZN (NR2D0BWP)                                    0.04 @     0.33 r
  mult_164_3/S1_2_0/CO (FA1D0BWP)                         0.08 &     0.42 r
  mult_164_3/S1_3_0/CO (FA1D0BWP)                         0.07 &     0.48 r
  mult_164_3/S1_4_0/CO (FA1D0BWP)                         0.07 &     0.55 r
  mult_164_3/S1_5_0/CO (FA1D0BWP)                         0.07 &     0.62 r
  mult_164_3/S1_6_0/CO (FA1D0BWP)                         0.07 &     0.68 r
  mult_164_3/S1_7_0/CO (FA1D0BWP)                         0.07 &     0.75 r
  mult_164_3/S1_8_0/CO (FA1D0BWP)                         0.07 &     0.82 r
  mult_164_3/S1_9_0/CO (FA1D0BWP)                         0.07 &     0.88 r
  mult_164_3/S1_10_0/CO (FA1D0BWP)                        0.07 &     0.95 r
  mult_164_3/S1_11_0/CO (FA1D0BWP)                        0.07 &     1.01 r
  mult_164_3/S1_12_0/CO (FA1D0BWP)                        0.07 &     1.08 r
  mult_164_3/S1_13_0/CO (FA1D0BWP)                        0.07 &     1.15 r
  mult_164_3/S4_0/S (FA1D0BWP)                            0.08 &     1.23 f
  U3804/Z (XOR2D0BWP)                                     0.05 &     1.28 r
  U14505/ZN (INR2D0BWP)                                   0.04 &     1.32 r
  U12210/ZN (AOI21D0BWP)                                  0.04 &     1.36 f
  U12313/ZN (OAI21D0BWP)                                  0.04 &     1.41 r
  U3783/Z (XOR2D0BWP)                                     0.08 &     1.48 r
  add_2_root_add_0_root_add_164_3/U1_17/S (FA1D0BWP)      0.09 &     1.57 f
  U913/Z (CKBD0BWP)                                       0.05 &     1.62 f
  add_0_root_add_0_root_add_164_3/U1_17/CO (FA1D0BWP)     0.08 &     1.71 f
  add_0_root_add_0_root_add_164_3/U1_18/CO (FA1D0BWP)     0.04 &     1.75 f
  add_0_root_add_0_root_add_164_3/U1_19/S (FA1D0BWP)      0.07 &     1.81 r
  out0_node1_reg[19]/D (EDFQD1BWP)                        0.00 &     1.81 r
  data arrival time                                                  1.81

  clock clk (rise edge)                                  10.00      10.00
  clock network delay (propagated)                        0.08      10.08
  clock uncertainty                                      -0.15       9.93
  out0_node1_reg[19]/CP (EDFQD1BWP)                       0.00       9.93 r
  library setup time                                     -0.04       9.89
  data required time                                                 9.89
  --------------------------------------------------------------------------
  data required time                                                 9.89
  data arrival time                                                 -1.81
  --------------------------------------------------------------------------
  slack (MET)                                                        8.08


  Startpoint: w59[0] (input port clocked by clk)
  Endpoint: out1_node3_reg[18]
            (rising edge-triggered flip-flop clocked by clk)
  Path Group: clk
  Path Type: max

  Point                                                   Incr       Path
  --------------------------------------------------------------------------
  clock clk (rise edge)                                   0.00       0.00
  clock network delay (ideal)                             0.00       0.00
  input external delay                                    0.25       0.25 r
  w59[0] (in)                                             0.00 @     0.25 r
  U88/ZN (CKND3BWP)                                       0.05 @     0.30 f
  U13604/ZN (NR2D0BWP)                                    0.05 @     0.35 r
  mult_173_2/S1_2_0/CO (FA1D0BWP)                         0.08 &     0.43 r
  mult_173_2/S1_3_0/CO (FA1D0BWP)                         0.07 &     0.49 r
  mult_173_2/S1_4_0/CO (FA1D0BWP)                         0.07 &     0.56 r
  mult_173_2/S1_5_0/CO (FA1D0BWP)                         0.07 &     0.63 r
  mult_173_2/S1_6_0/CO (FA1D0BWP)                         0.07 &     0.70 r
  mult_173_2/S1_7_0/CO (FA1D0BWP)                         0.07 &     0.76 r
  mult_173_2/S1_8_0/CO (FA1D0BWP)                         0.07 &     0.83 r
  mult_173_2/S1_9_0/CO (FA1D0BWP)                         0.07 &     0.90 r
  mult_173_2/S1_10_0/CO (FA1D0BWP)                        0.07 &     0.97 r
  mult_173_2/S1_11_0/CO (FA1D0BWP)                        0.07 &     1.04 r
  mult_173_2/S1_12_0/CO (FA1D0BWP)                        0.07 &     1.11 r
  mult_173_2/S1_13_0/CO (FA1D0BWP)                        0.07 &     1.18 r
  mult_173_2/S4_0/S (FA1D0BWP)                            0.07 &     1.25 f
  U4416/Z (XOR2D0BWP)                                     0.05 &     1.30 r
  U14549/ZN (INR2D0BWP)                                   0.04 &     1.35 r
  U4407/Z (XOR2D0BWP)                                     0.06 &     1.40 f
  add_1_root_add_0_root_add_173_3/U1_15/CO (FA1D0BWP)     0.08 &     1.48 f
  add_1_root_add_0_root_add_173_3/U1_16/S (FA1D0BWP)      0.06 &     1.54 r
  U891/Z (CKBD1BWP)                                       0.06 @     1.61 r
  add_0_root_add_0_root_add_173_3/U1_16/CO (FA1D0BWP)     0.08 @     1.69 r
  add_0_root_add_0_root_add_173_3/U1_17/CO (FA1D0BWP)     0.04 &     1.73 r
  add_0_root_add_0_root_add_173_3/U1_18/S (FA1D0BWP)      0.08 &     1.81 r
  out1_node3_reg[18]/D (EDFQD1BWP)                        0.00 &     1.81 r
  data arrival time                                                  1.81

  clock clk (rise edge)                                  10.00      10.00
  clock network delay (propagated)                        0.08      10.08
  clock uncertainty                                      -0.15       9.93
  out1_node3_reg[18]/CP (EDFQD1BWP)                       0.00       9.93 r
  library setup time                                     -0.05       9.89
  data required time                                                 9.89
  --------------------------------------------------------------------------
  data required time                                                 9.89
  data arrival time                                                 -1.81
  --------------------------------------------------------------------------
  slack (MET)                                                        8.08


  Startpoint: w68[0] (input port clocked by clk)
  Endpoint: out0_node0_reg[19]
            (rising edge-triggered flip-flop clocked by clk)
  Path Group: clk
  Path Type: max

  Point                                                   Incr       Path
  --------------------------------------------------------------------------
  clock clk (rise edge)                                   0.00       0.00
  clock network delay (ideal)                             0.00       0.00
  input external delay                                    0.25       0.25 r
  w68[0] (in)                                             0.00 @     0.25 r
  U90/ZN (INVD3BWP)                                       0.04 @     0.29 f
  U13993/ZN (NR2D0BWP)                                    0.04 @     0.33 r
  mult_160_3/S1_2_0/CO (FA1D0BWP)                         0.08 &     0.41 r
  mult_160_3/S1_3_0/CO (FA1D0BWP)                         0.07 &     0.48 r
  mult_160_3/S1_4_0/CO (FA1D0BWP)                         0.07 &     0.55 r
  mult_160_3/S1_5_0/CO (FA1D0BWP)                         0.08 &     0.63 r
  mult_160_3/S1_6_0/CO (FA1D0BWP)                         0.07 &     0.70 r
  mult_160_3/S1_7_0/CO (FA1D0BWP)                         0.07 &     0.77 r
  mult_160_3/S1_8_0/CO (FA1D0BWP)                         0.07 &     0.84 r
  mult_160_3/S1_9_0/CO (FA1D0BWP)                         0.07 &     0.91 r
  mult_160_3/S1_10_0/CO (FA1D0BWP)                        0.07 &     0.98 r
  mult_160_3/S1_11_0/CO (FA1D0BWP)                        0.07 &     1.05 r
  mult_160_3/S1_12_0/CO (FA1D0BWP)                        0.07 &     1.11 r
  mult_160_3/S1_13_0/CO (FA1D0BWP)                        0.07 &     1.18 r
  mult_160_3/S4_0/S (FA1D0BWP)                            0.07 &     1.25 f
  U3167/Z (XOR2D0BWP)                                     0.05 &     1.31 r
  U14670/ZN (INR2D0BWP)                                   0.04 &     1.35 r
  U12234/ZN (AOI21D0BWP)                                  0.03 &     1.38 f
  U12364/ZN (OAI21D0BWP)                                  0.04 &     1.43 r
  U12420/ZN (AOI21D0BWP)                                  0.04 &     1.47 f
  U3091/Z (XOR2D0BWP)                                     0.08 &     1.54 r
  add_2_root_add_0_root_add_160_3/U1_18/CO (FA1D0BWP)     0.08 &     1.63 r
  add_2_root_add_0_root_add_160_3/U1_19/S (FA1D0BWP)      0.05 &     1.68 f
  U926/Z (BUFFD1BWP)                                      0.04 &     1.72 f
  add_0_root_add_0_root_add_160_3/U1_19/S (FA1D1BWP)      0.09 &     1.80 r
  out0_node0_reg[19]/D (EDFQD1BWP)                        0.00 &     1.80 r
  data arrival time                                                  1.80

  clock clk (rise edge)                                  10.00      10.00
  clock network delay (propagated)                        0.08      10.08
  clock uncertainty                                      -0.15       9.93
  out0_node0_reg[19]/CP (EDFQD1BWP)                       0.00       9.93 r
  library setup time                                     -0.04       9.89
  data required time                                                 9.89
  --------------------------------------------------------------------------
  data required time                                                 9.89
  data arrival time                                                 -1.80
  --------------------------------------------------------------------------
  slack (MET)                                                        8.09


  Startpoint: w58[0] (input port clocked by clk)
  Endpoint: out0_node3_reg[18]
            (rising edge-triggered flip-flop clocked by clk)
  Path Group: clk
  Path Type: max

  Point                                                   Incr       Path
  --------------------------------------------------------------------------
  clock clk (rise edge)                                   0.00       0.00
  clock network delay (ideal)                             0.00       0.00
  input external delay                                    0.25       0.25 r
  w58[0] (in)                                             0.00 @     0.25 r
  U133/ZN (INVD3BWP)                                      0.05 @     0.30 f
  U13590/ZN (NR2D0BWP)                                    0.05 @     0.35 r
  mult_172_2/S1_2_0/CO (FA1D0BWP)                         0.08 &     0.44 r
  mult_172_2/S1_3_0/CO (FA1D0BWP)                         0.07 &     0.51 r
  mult_172_2/S1_4_0/CO (FA1D0BWP)                         0.07 &     0.58 r
  mult_172_2/S1_5_0/CO (FA1D0BWP)                         0.07 &     0.65 r
  mult_172_2/S1_6_0/CO (FA1D0BWP)                         0.07 &     0.71 r
  mult_172_2/S1_7_0/CO (FA1D0BWP)                         0.07 &     0.78 r
  mult_172_2/S1_8_0/CO (FA1D0BWP)                         0.07 &     0.85 r
  mult_172_2/S1_9_0/CO (FA1D0BWP)                         0.07 &     0.92 r
  mult_172_2/S1_10_0/CO (FA1D0BWP)                        0.07 &     0.99 r
  mult_172_2/S1_11_0/CO (FA1D0BWP)                        0.07 &     1.06 r
  mult_172_2/S1_12_0/CO (FA1D0BWP)                        0.07 &     1.12 r
  mult_172_2/S1_13_0/CO (FA1D0BWP)                        0.07 &     1.19 r
  mult_172_2/S4_0/CO (FA1D0BWP)                           0.07 &     1.26 r
  U2918/Z (XOR2D0BWP)                                     0.05 &     1.30 f
  U13602/Z (CKAN2D0BWP)                                   0.03 &     1.33 f
  U12025/ZN (NR2D0BWP)                                    0.03 &     1.36 r
  U2914/Z (XOR2D0BWP)                                     0.06 &     1.42 f
  add_1_root_add_0_root_add_172_3/U1_15/CO (FA1D0BWP)     0.08 &     1.50 f
  add_1_root_add_0_root_add_172_3/U1_16/CO (FA1D0BWP)     0.04 &     1.54 f
  add_1_root_add_0_root_add_172_3/U1_17/CO (FA1D0BWP)     0.04 &     1.58 f
  add_1_root_add_0_root_add_172_3/U1_18/S (FA1D0BWP)      0.06 &     1.64 r
  U918/Z (DEL050D1BWP)                                    0.08 &     1.72 r
  add_0_root_add_0_root_add_172_3/U1_18/S (FA1D0BWP)      0.09 &     1.81 r
  out0_node3_reg[18]/D (EDFQD1BWP)                        0.00 &     1.81 r
  data arrival time                                                  1.81

  clock clk (rise edge)                                  10.00      10.00
  clock network delay (propagated)                        0.09      10.09
  clock uncertainty                                      -0.15       9.94
  out0_node3_reg[18]/CP (EDFQD1BWP)                       0.00       9.94 r
  library setup time                                     -0.04       9.90
  data required time                                                 9.90
  --------------------------------------------------------------------------
  data required time                                                 9.90
  data arrival time                                                 -1.81
  --------------------------------------------------------------------------
  slack (MET)                                                        8.09


  Startpoint: w59[0] (input port clocked by clk)
  Endpoint: out1_node0_reg[17]
            (rising edge-triggered flip-flop clocked by clk)
  Path Group: clk
  Path Type: max

  Point                                                   Incr       Path
  --------------------------------------------------------------------------
  clock clk (rise edge)                                   0.00       0.00
  clock network delay (ideal)                             0.00       0.00
  input external delay                                    0.25       0.25 r
  w59[0] (in)                                             0.00 @     0.25 r
  U88/ZN (CKND3BWP)                                       0.05 @     0.30 f
  U13799/ZN (NR2D0BWP)                                    0.05 @     0.35 r
  mult_161_2/S1_2_0/CO (FA1D0BWP)                         0.08 &     0.43 r
  mult_161_2/S1_3_0/CO (FA1D0BWP)                         0.07 &     0.50 r
  mult_161_2/S1_4_0/CO (FA1D0BWP)                         0.07 &     0.56 r
  mult_161_2/S1_5_0/CO (FA1D0BWP)                         0.07 &     0.63 r
  mult_161_2/S1_6_0/CO (FA1D0BWP)                         0.07 &     0.70 r
  mult_161_2/S1_7_0/CO (FA1D0BWP)                         0.07 &     0.77 r
  mult_161_2/S1_8_0/CO (FA1D0BWP)                         0.07 &     0.83 r
  mult_161_2/S1_9_0/CO (FA1D0BWP)                         0.07 &     0.90 r
  mult_161_2/S1_10_0/CO (FA1D0BWP)                        0.07 &     0.97 r
  mult_161_2/S1_11_0/CO (FA1D0BWP)                        0.07 &     1.03 r
  mult_161_2/S1_12_0/CO (FA1D0BWP)                        0.07 &     1.10 r
  mult_161_2/S1_13_0/CO (FA1D0BWP)                        0.08 &     1.18 r
  mult_161_2/S4_0/S (FA1D0BWP)                            0.08 &     1.25 f
  U4117/Z (XOR2D0BWP)                                     0.06 &     1.31 r
  U14743/ZN (INR2D0BWP)                                   0.05 &     1.36 r
  U4108/Z (XOR2D0BWP)                                     0.06 &     1.41 f
  add_1_root_add_0_root_add_161_3/U1_15/CO (FA1D0BWP)     0.08 &     1.49 f
  add_1_root_add_0_root_add_161_3/U1_16/S (FA1D0BWP)      0.06 &     1.55 r
  U900/Z (CKBD0BWP)                                       0.07 &     1.62 r
  add_0_root_add_0_root_add_161_3/U1_16/CO (FA1D0BWP)     0.08 &     1.70 r
  add_0_root_add_0_root_add_161_3/U1_17/S (FA1D0BWP)      0.05 &     1.75 r
  U917/Z (BUFFD1BWP)                                      0.05 &     1.81 r
  out1_node0_reg[17]/D (EDFQD1BWP)                        0.00 &     1.81 r
  data arrival time                                                  1.81

  clock clk (rise edge)                                  10.00      10.00
  clock network delay (propagated)                        0.09      10.09
  clock uncertainty                                      -0.15       9.94
  out1_node0_reg[17]/CP (EDFQD1BWP)                       0.00       9.94 r
  library setup time                                     -0.04       9.90
  data required time                                                 9.90
  --------------------------------------------------------------------------
  data required time                                                 9.90
  data arrival time                                                 -1.81
  --------------------------------------------------------------------------
  slack (MET)                                                        8.09


  Startpoint: w59[0] (input port clocked by clk)
  Endpoint: out1_node2_reg[18]
            (rising edge-triggered flip-flop clocked by clk)
  Path Group: clk
  Path Type: max

  Point                                                   Incr       Path
  --------------------------------------------------------------------------
  clock clk (rise edge)                                   0.00       0.00
  clock network delay (ideal)                             0.00       0.00
  input external delay                                    0.25       0.25 r
  w59[0] (in)                                             0.00 @     0.25 r
  U88/ZN (CKND3BWP)                                       0.05 @     0.30 f
  U13657/ZN (NR2D0BWP)                                    0.05 @     0.35 r
  mult_169_2/S1_2_0/CO (FA1D0BWP)                         0.08 &     0.43 r
  mult_169_2/S1_3_0/CO (FA1D0BWP)                         0.07 &     0.50 r
  mult_169_2/S1_4_0/CO (FA1D0BWP)                         0.07 &     0.57 r
  mult_169_2/S1_5_0/CO (FA1D0BWP)                         0.07 &     0.63 r
  mult_169_2/S1_6_0/CO (FA1D0BWP)                         0.07 &     0.70 r
  mult_169_2/S1_7_0/CO (FA1D0BWP)                         0.07 &     0.76 r
  mult_169_2/S1_8_0/CO (FA1D0BWP)                         0.07 &     0.83 r
  mult_169_2/S1_9_0/CO (FA1D0BWP)                         0.07 &     0.90 r
  mult_169_2/S1_10_0/CO (FA1D0BWP)                        0.07 &     0.96 r
  mult_169_2/S1_11_0/CO (FA1D0BWP)                        0.07 &     1.03 r
  mult_169_2/S1_12_0/CO (FA1D0BWP)                        0.07 &     1.10 r
  mult_169_2/S1_13_0/CO (FA1D0BWP)                        0.07 &     1.17 r
  mult_169_2/S4_0/S (FA1D0BWP)                            0.07 &     1.24 f
  U3170/Z (XOR2D0BWP)                                     0.05 &     1.30 r
  U14595/ZN (INR2D0BWP)                                   0.05 &     1.34 r
  U12228/ZN (AOI21D0BWP)                                  0.04 &     1.38 f
  U12342/ZN (OAI21D0BWP)                                  0.04 &     1.42 r
  U3146/Z (XOR2D0BWP)                                     0.07 &     1.49 f
  add_1_root_add_0_root_add_169_3/U1_17/CO (FA1D0BWP)     0.08 &     1.57 f
  add_1_root_add_0_root_add_169_3/U1_18/S (FA1D0BWP)      0.06 &     1.63 r
  U914/Z (BUFFD1BWP)                                      0.05 &     1.68 r
  add_0_root_add_0_root_add_169_3/U1_18/S (FA1D0BWP)      0.11 &     1.79 r
  out1_node2_reg[18]/D (EDFQD1BWP)                        0.00 &     1.79 r
  data arrival time                                                  1.79

  clock clk (rise edge)                                  10.00      10.00
  clock network delay (propagated)                        0.09      10.09
  clock uncertainty                                      -0.15       9.94
  out1_node2_reg[18]/CP (EDFQD1BWP)                       0.00       9.94 r
  library setup time                                     -0.04       9.90
  data required time                                                 9.90
  --------------------------------------------------------------------------
  data required time                                                 9.90
  data arrival time                                                 -1.79
  --------------------------------------------------------------------------
  slack (MET)                                                        8.11


  Startpoint: w59[0] (input port clocked by clk)
  Endpoint: out1_node0_reg[16]
            (rising edge-triggered flip-flop clocked by clk)
  Path Group: clk
  Path Type: max

  Point                                                   Incr       Path
  --------------------------------------------------------------------------
  clock clk (rise edge)                                   0.00       0.00
  clock network delay (ideal)                             0.00       0.00
  input external delay                                    0.25       0.25 r
  w59[0] (in)                                             0.00 @     0.25 r
  U88/ZN (CKND3BWP)                                       0.05 @     0.30 f
  U13799/ZN (NR2D0BWP)                                    0.05 @     0.35 r
  mult_161_2/S1_2_0/CO (FA1D0BWP)                         0.08 &     0.43 r
  mult_161_2/S1_3_0/CO (FA1D0BWP)                         0.07 &     0.50 r
  mult_161_2/S1_4_0/CO (FA1D0BWP)                         0.07 &     0.56 r
  mult_161_2/S1_5_0/CO (FA1D0BWP)                         0.07 &     0.63 r
  mult_161_2/S1_6_0/CO (FA1D0BWP)                         0.07 &     0.70 r
  mult_161_2/S1_7_0/CO (FA1D0BWP)                         0.07 &     0.77 r
  mult_161_2/S1_8_0/CO (FA1D0BWP)                         0.07 &     0.83 r
  mult_161_2/S1_9_0/CO (FA1D0BWP)                         0.07 &     0.90 r
  mult_161_2/S1_10_0/CO (FA1D0BWP)                        0.07 &     0.97 r
  mult_161_2/S1_11_0/CO (FA1D0BWP)                        0.07 &     1.03 r
  mult_161_2/S1_12_0/CO (FA1D0BWP)                        0.07 &     1.10 r
  mult_161_2/S1_13_0/CO (FA1D0BWP)                        0.08 &     1.18 r
  mult_161_2/S4_0/S (FA1D0BWP)                            0.08 &     1.25 f
  U4117/Z (XOR2D0BWP)                                     0.06 &     1.31 r
  U14743/ZN (INR2D0BWP)                                   0.05 &     1.36 r
  U4108/Z (XOR2D0BWP)                                     0.06 &     1.41 f
  add_1_root_add_0_root_add_161_3/U1_15/CO (FA1D0BWP)     0.08 &     1.49 f
  add_1_root_add_0_root_add_161_3/U1_16/S (FA1D0BWP)      0.06 &     1.55 r
  U900/Z (CKBD0BWP)                                       0.07 &     1.62 r
  add_0_root_add_0_root_add_161_3/U1_16/S (FA1D0BWP)      0.10 &     1.72 r
  U904/Z (BUFFD1BWP)                                      0.06 @     1.78 r
  out1_node0_reg[16]/D (EDFQD1BWP)                        0.00 @     1.78 r
  data arrival time                                                  1.78

  clock clk (rise edge)                                  10.00      10.00
  clock network delay (propagated)                        0.08      10.08
  clock uncertainty                                      -0.15       9.93
  out1_node0_reg[16]/CP (EDFQD1BWP)                       0.00       9.93 r
  library setup time                                     -0.04       9.89
  data required time                                                 9.89
  --------------------------------------------------------------------------
  data required time                                                 9.89
  data arrival time                                                 -1.78
  --------------------------------------------------------------------------
  slack (MET)                                                        8.11


1
