Information: Propagating switching activity (low effort zero delay simulation). (PWR-6)
Warning: Design has unannotated primary inputs. (PWR-414)
Warning: Design has unannotated sequential cell outputs. (PWR-415)
 
****************************************
Report : power
        -analysis_effort low
Design : top
Version: S-2021.06
Date   : Tue Apr 12 16:05:48 2022
****************************************


Library(s) Used:

    tcbn45gsbwptc (File: /cae/apps/data/tsmclibs-2013/digital/Front_End/timing_power_noise/NLDM/tcbn45gsbwp_120a/tcbn45gsbwptc.db)


Operating Conditions: NCCOM   Library: tcbn45gsbwptc
Wire Load Model Mode: segmented

Design        Wire Load Model            Library
------------------------------------------------
top                    ZeroWireload      tcbn45gsbwptc


Global Operating Voltage = 0.9  
Power-specific unit information :
    Voltage Units = 1V
    Capacitance Units = 1.000000pf
    Time Units = 1ns
    Dynamic Power Units = 1mW    (derived from V,C,T units)
    Leakage Power Units = 1nW


  Cell Internal Power  =   1.3116 mW   (66%)
  Net Switching Power  = 669.3582 uW   (34%)
                         ---------
Total Dynamic Power    =   1.9809 mW  (100%)

Cell Leakage Power     = 474.5152 uW


                 Internal         Switching           Leakage            Total
Power Group      Power            Power               Power              Power   (   %    )  Attrs
--------------------------------------------------------------------------------------------------
io_pad             0.0000            0.0000            0.0000            0.0000  (   0.00%)
memory             0.0000            0.0000            0.0000            0.0000  (   0.00%)
black_box          0.0000            0.0000            0.0000            0.0000  (   0.00%)
clock_network  7.8968e-03        8.7897e-02          931.7601        9.6725e-02  (   3.94%)
register           0.4155        1.9152e-02        4.0285e+04            0.4749  (  19.34%)
sequential         0.0000            0.0000            0.0000            0.0000  (   0.00%)
combinational      0.8882            0.5623        4.3330e+05            1.8838  (  76.72%)
--------------------------------------------------------------------------------------------------
Total              1.3116 mW         0.6694 mW     4.7451e+05 nW         2.4555 mW
1
