 
****************************************
Report : area
Design : top
Version: S-2021.06
Date   : Tue Apr 12 21:46:24 2022
****************************************

Library(s) Used:

    tcbn45gsbwptc (File: /cae/apps/data/tsmclibs-2013/digital/Front_End/timing_power_noise/NLDM/tcbn45gsbwp_120a/tcbn45gsbwptc.db)

Number of ports:                          380
Number of nets:                         21114
Number of cells:                        16452
Number of combinational cells:          15514
Number of sequential cells:               938
Number of macros/black boxes:               0
Number of buf/inv:                       1351
Number of references:                      56

Combinational area:              30977.250853
Buf/Inv area:                     1197.579636
Noncombinational area:            4449.690200
Macro/Black Box area:                0.000000
Net Interconnect area:      undefined  (Wire load has zero net area)

Total cell area:                 35426.941054
Total area:                 undefined
1
