Information: Propagating switching activity (low effort zero delay simulation). (PWR-6)
Warning: Design has unannotated primary inputs. (PWR-414)
Warning: Design has unannotated sequential cell outputs. (PWR-415)
 
****************************************
Report : power
        -analysis_effort low
Design : top
Version: S-2021.06
Date   : Tue Apr 12 16:07:54 2022
****************************************


Library(s) Used:

    tcbn45gsbwptc (File: /cae/apps/data/tsmclibs-2013/digital/Front_End/timing_power_noise/NLDM/tcbn45gsbwp_120a/tcbn45gsbwptc.db)


Operating Conditions: NCCOM   Library: tcbn45gsbwptc
Wire Load Model Mode: segmented

Design        Wire Load Model            Library
------------------------------------------------
top                    ZeroWireload      tcbn45gsbwptc


Global Operating Voltage = 0.9  
Power-specific unit information :
    Voltage Units = 1V
    Capacitance Units = 1.000000pf
    Time Units = 1ns
    Dynamic Power Units = 1mW    (derived from V,C,T units)
    Leakage Power Units = 1nW


  Cell Internal Power  =   1.3099 mW   (66%)
  Net Switching Power  = 675.4631 uW   (34%)
                         ---------
Total Dynamic Power    =   1.9854 mW  (100%)

Cell Leakage Power     = 474.8521 uW


                 Internal         Switching           Leakage            Total
Power Group      Power            Power               Power              Power   (   %    )  Attrs
--------------------------------------------------------------------------------------------------
io_pad             0.0000            0.0000            0.0000            0.0000  (   0.00%)
memory             0.0000            0.0000            0.0000            0.0000  (   0.00%)
black_box          0.0000            0.0000            0.0000            0.0000  (   0.00%)
clock_network  7.8868e-03        8.7834e-02          931.7601        9.6653e-02  (   3.93%)
register           0.4142        1.9641e-02        4.0283e+04            0.4741  (  19.27%)
sequential         0.0000            0.0000            0.0000            0.0000  (   0.00%)
combinational      0.8878            0.5680        4.3364e+05            1.8895  (  76.80%)
--------------------------------------------------------------------------------------------------
Total              1.3099 mW         0.6755 mW     4.7485e+05 nW         2.4603 mW
1
