 
****************************************
Report : area
Design : top
Version: S-2021.06
Date   : Tue Apr 12 16:07:53 2022
****************************************

Library(s) Used:

    tcbn45gsbwptc (File: /cae/apps/data/tsmclibs-2013/digital/Front_End/timing_power_noise/NLDM/tcbn45gsbwp_120a/tcbn45gsbwptc.db)

Number of ports:                          380
Number of nets:                         21398
Number of cells:                        16736
Number of combinational cells:          15798
Number of sequential cells:               938
Number of macros/black boxes:               0
Number of buf/inv:                       1635
Number of references:                      72

Combinational area:              31299.710062
Buf/Inv area:                     1514.394046
Noncombinational area:            4449.337400
Macro/Black Box area:                0.000000
Net Interconnect area:      undefined  (Wire load has zero net area)

Total cell area:                 35749.047463
Total area:                 undefined
1
